#
# There is insufficient memory for the Java Runtime Environment to continue.
# Native memory allocation (malloc) failed to allocate 1515200 bytes for Chunk::new
# Possible reasons:
#   The system is out of physical RAM or swap space
#   The process is running with CompressedOops enabled, and the Java Heap may be blocking the growth of the native heap
# Possible solutions:
#   Reduce memory load on the system
#   Increase physical memory or swap space
#   Check if swap backing store is full
#   Decrease Java heap size (-Xmx/-Xms)
#   Decrease number of Java threads
#   Decrease Java thread stack sizes (-Xss)
#   Set larger code cache with -XX:ReservedCodeCacheSize=
#   JVM is running with Unscaled Compressed Oops mode in which the Java heap is
#     placed in the first 4GB address space. The Java Heap base address is the
#     maximum limit for the native heap growth. Please use -XX:HeapBaseMinAddress
#     to set the Java Heap base and to place the Java Heap above 4GB virtual address.
# This output file may be truncated or incomplete.
#
#  Out of Memory Error (arena.cpp:189), pid=25108, tid=14032
#
# JRE version: OpenJDK Runtime Environment (17.0.6) (build 17.0.6+0-b2043.56-10027231)
# Java VM: OpenJDK 64-Bit Server VM (17.0.6+0-b2043.56-10027231, mixed mode, tiered, compressed oops, compressed class ptrs, g1 gc, windows-amd64)
# No core dump will be written. Minidumps are not enabled by default on client versions of Windows
#

---------------  S U M M A R Y ------------

Command Line: --add-opens=java.base/java.util=ALL-UNNAMED --add-opens=java.base/java.lang=ALL-UNNAMED --add-opens=java.base/java.lang.invoke=ALL-UNNAMED --add-opens=java.prefs/java.util.prefs=ALL-UNNAMED --add-opens=java.base/java.nio.charset=ALL-UNNAMED --add-opens=java.base/java.net=ALL-UNNAMED --add-opens=java.base/java.util.concurrent.atomic=ALL-UNNAMED -Xmx2048m -Dfile.encoding=UTF-8 -Duser.country=ES -Duser.language=es -Duser.variant org.gradle.launcher.daemon.bootstrap.GradleDaemon 8.0

Host: AMD A8-5545M APU with Radeon(tm) HD Graphics   , 4 cores, 7G,  Windows 10 , 64 bit Build 19041 (10.0.19041.804)
Time: Fri Sep 15 15:05:43 2023 Hora de verano central (México) elapsed time: 47.298112 seconds (0d 0h 0m 47s)

---------------  T H R E A D  ---------------

Current thread (0x00000189af271cc0):  JavaThread "C2 CompilerThread1" daemon [_thread_in_native, id=14032, stack(0x0000001780600000,0x0000001780700000)]


Current CompileTask:
C2:  47298 6505   !   4       org.jetbrains.kotlin.metadata.ProtoBuf$Type::<init> (875 bytes)

Stack: [0x0000001780600000,0x0000001780700000]
Native frames: (J=compiled Java code, j=interpreted, Vv=VM code, C=native code)
V  [jvm.dll+0x683c9a]
V  [jvm.dll+0x8427a4]
V  [jvm.dll+0x843f9e]
V  [jvm.dll+0x844603]
V  [jvm.dll+0x249b75]
V  [jvm.dll+0xabcac]
V  [jvm.dll+0xac27c]
V  [jvm.dll+0x368857]
V  [jvm.dll+0x332f31]
V  [jvm.dll+0x3323da]
V  [jvm.dll+0x21c201]
V  [jvm.dll+0x21b621]
V  [jvm.dll+0x1a4fdd]
V  [jvm.dll+0x22b098]
V  [jvm.dll+0x229159]
V  [jvm.dll+0x7f81ec]
V  [jvm.dll+0x7f274a]
V  [jvm.dll+0x682ad5]
C  [ucrtbase.dll+0x21bb2]
C  [KERNEL32.DLL+0x17034]
C  [ntdll.dll+0x52651]


---------------  P R O C E S S  ---------------

Threads class SMR info:
_java_thread_list=0x00000189ae08f0b0, length=39, elements={
0x000001898d10b100, 0x00000189a8643340, 0x00000189a86450d0, 0x00000189a86a87b0,
0x00000189a8692e80, 0x00000189a8693740, 0x00000189a8695010, 0x00000189a86966c0,
0x00000189a900ac40, 0x00000189a86ad7b0, 0x00000189a9175250, 0x00000189a9175b30,
0x00000189aa923020, 0x00000189aa162870, 0x00000189aa9f6da0, 0x00000189abb42820,
0x00000189aa71a110, 0x00000189aa93de00, 0x00000189ab66c2b0, 0x00000189aa95abb0,
0x00000189aa95b550, 0x00000189aa958a00, 0x00000189aa95ba20, 0x00000189aa959870,
0x00000189aa959d40, 0x00000189aa958530, 0x00000189aa95a210, 0x00000189aa958060,
0x00000189aa95a6e0, 0x00000189aa9593a0, 0x00000189aa958ed0, 0x00000189a9375540,
0x00000189a9377220, 0x00000189a9376880, 0x00000189a9378a30, 0x00000189a9376d50,
0x00000189a9375ee0, 0x00000189a9378090, 0x00000189af271cc0
}

Java Threads: ( => current thread )
  0x000001898d10b100 JavaThread "main" [_thread_blocked, id=32732, stack(0x00000017fd400000,0x00000017fd500000)]
  0x00000189a8643340 JavaThread "Reference Handler" daemon [_thread_blocked, id=17092, stack(0x00000017fdb00000,0x00000017fdc00000)]
  0x00000189a86450d0 JavaThread "Finalizer" daemon [_thread_blocked, id=19604, stack(0x00000017fdc00000,0x00000017fdd00000)]
  0x00000189a86a87b0 JavaThread "Signal Dispatcher" daemon [_thread_blocked, id=3744, stack(0x00000017fdd00000,0x00000017fde00000)]
  0x00000189a8692e80 JavaThread "Attach Listener" daemon [_thread_blocked, id=2984, stack(0x00000017fde00000,0x00000017fdf00000)]
  0x00000189a8693740 JavaThread "Service Thread" daemon [_thread_blocked, id=23324, stack(0x00000017fdf00000,0x00000017fe000000)]
  0x00000189a8695010 JavaThread "Monitor Deflation Thread" daemon [_thread_blocked, id=18920, stack(0x00000017fe000000,0x00000017fe100000)]
  0x00000189a86966c0 JavaThread "C2 CompilerThread0" daemon [_thread_in_native, id=20112, stack(0x00000017fe100000,0x00000017fe200000)]
  0x00000189a900ac40 JavaThread "C1 CompilerThread0" daemon [_thread_blocked, id=29536, stack(0x00000017fe200000,0x00000017fe300000)]
  0x00000189a86ad7b0 JavaThread "Sweeper thread" daemon [_thread_blocked, id=13320, stack(0x00000017fe300000,0x00000017fe400000)]
  0x00000189a9175250 JavaThread "Common-Cleaner" daemon [_thread_blocked, id=5516, stack(0x00000017fe400000,0x00000017fe500000)]
  0x00000189a9175b30 JavaThread "Notification Thread" daemon [_thread_blocked, id=25244, stack(0x00000017fe500000,0x00000017fe600000)]
  0x00000189aa923020 JavaThread "Daemon health stats" [_thread_blocked, id=3068, stack(0x00000017feb00000,0x00000017fec00000)]
  0x00000189aa162870 JavaThread "Incoming local TCP Connector on port 50133" [_thread_in_native, id=28892, stack(0x00000017fe700000,0x00000017fe800000)]
  0x00000189aa9f6da0 JavaThread "Daemon periodic checks" [_thread_blocked, id=4532, stack(0x00000017fec00000,0x00000017fed00000)]
  0x00000189abb42820 JavaThread "Daemon" [_thread_blocked, id=11076, stack(0x00000017fed00000,0x00000017fee00000)]
  0x00000189aa71a110 JavaThread "Handler for socket connection from /127.0.0.1:50133 to /127.0.0.1:50134" [_thread_in_native, id=19640, stack(0x00000017fee00000,0x00000017fef00000)]
  0x00000189aa93de00 JavaThread "Cancel handler" [_thread_blocked, id=19032, stack(0x00000017fef00000,0x00000017ff000000)]
  0x00000189ab66c2b0 JavaThread "Daemon worker" [_thread_in_vm, id=30696, stack(0x00000017ff000000,0x00000017ff100000)]
  0x00000189aa95abb0 JavaThread "Asynchronous log dispatcher for DefaultDaemonConnection: socket connection from /127.0.0.1:50133 to /127.0.0.1:50134" [_thread_blocked, id=21260, stack(0x00000017ff100000,0x00000017ff200000)]
  0x00000189aa95b550 JavaThread "Stdin handler" [_thread_blocked, id=31044, stack(0x00000017ff200000,0x00000017ff300000)]
  0x00000189aa958a00 JavaThread "Daemon client event forwarder" [_thread_blocked, id=18124, stack(0x00000017ff300000,0x00000017ff400000)]
  0x00000189aa95ba20 JavaThread "Cache worker for journal cache (C:\Gradle\gradle-6.7\caches\journal-1)" [_thread_blocked, id=22012, stack(0x00000017ff400000,0x00000017ff500000)]
  0x00000189aa959870 JavaThread "File lock request listener" [_thread_in_native, id=3076, stack(0x00000017ff500000,0x00000017ff600000)]
  0x00000189aa959d40 JavaThread "Cache worker for file hash cache (C:\Gradle\gradle-6.7\caches\8.0\fileHashes)" [_thread_blocked, id=14972, stack(0x00000017ff600000,0x00000017ff700000)]
  0x00000189aa958530 JavaThread "File watcher server" daemon [_thread_in_native, id=1324, stack(0x00000017ff700000,0x00000017ff800000)]
  0x00000189aa95a210 JavaThread "File watcher consumer" daemon [_thread_blocked, id=19420, stack(0x00000017ff800000,0x00000017ff900000)]
  0x00000189aa958060 JavaThread "jar transforms" [_thread_blocked, id=30896, stack(0x00000017ffa00000,0x00000017ffb00000)]
  0x00000189aa95a6e0 JavaThread "jar transforms Thread 2" [_thread_blocked, id=8684, stack(0x00000017ffb00000,0x00000017ffc00000)]
  0x00000189aa9593a0 JavaThread "jar transforms Thread 3" [_thread_blocked, id=26552, stack(0x00000017ffc00000,0x00000017ffd00000)]
  0x00000189aa958ed0 JavaThread "jar transforms Thread 4" [_thread_blocked, id=11560, stack(0x00000017ffd00000,0x00000017ffe00000)]
  0x00000189a9375540 JavaThread "Cache worker for checksums cache (C:\Users\juan manuel\AndroidStudioProjects\Cat_Gme\.gradle\8.0\checksums)" [_thread_blocked, id=21700, stack(0x00000017ff900000,0x00000017ffa00000)]
  0x00000189a9377220 JavaThread "Cache worker for cache directory md-rule (C:\Gradle\gradle-6.7\caches\8.0\md-rule)" [_thread_blocked, id=7424, stack(0x00000017ffe00000,0x00000017fff00000)]
  0x00000189a9376880 JavaThread "Cache worker for file content cache (C:\Gradle\gradle-6.7\caches\8.0\fileContent)" [_thread_blocked, id=32132, stack(0x00000017fff00000,0x0000001800000000)]
  0x00000189a9378a30 JavaThread "Cache worker for file hash cache (C:\Users\juan manuel\AndroidStudioProjects\Cat_Gme\.gradle\8.0\fileHashes)" [_thread_blocked, id=24964, stack(0x0000001780100000,0x0000001780200000)]
  0x00000189a9376d50 JavaThread "Cache worker for cache directory md-supplier (C:\Gradle\gradle-6.7\caches\8.0\md-supplier)" [_thread_blocked, id=17056, stack(0x0000001780200000,0x0000001780300000)]
  0x00000189a9375ee0 JavaThread "Cache worker for execution history cache (C:\Gradle\gradle-6.7\caches\8.0\executionHistory)" [_thread_blocked, id=11092, stack(0x0000001780300000,0x0000001780400000)]
  0x00000189a9378090 JavaThread "Cache worker for kotlin-dsl (C:\Gradle\gradle-6.7\caches\8.0\kotlin-dsl)" [_thread_blocked, id=7736, stack(0x0000001780400000,0x0000001780500000)]
=>0x00000189af271cc0 JavaThread "C2 CompilerThread1" daemon [_thread_in_native, id=14032, stack(0x0000001780600000,0x0000001780700000)]

Other Threads:
  0x00000189a8676b20 VMThread "VM Thread" [stack: 0x00000017fda00000,0x00000017fdb00000] [id=5440]
  0x00000189a9176400 WatcherThread [stack: 0x00000017fe600000,0x00000017fe700000] [id=22200]
  0x000001898d168640 GCTaskThread "GC Thread#0" [stack: 0x00000017fd500000,0x00000017fd600000] [id=24256]
  0x00000189a989e0e0 GCTaskThread "GC Thread#1" [stack: 0x00000017fe800000,0x00000017fe900000] [id=31324]
  0x00000189a9394f70 GCTaskThread "GC Thread#2" [stack: 0x00000017fe900000,0x00000017fea00000] [id=16404]
  0x00000189a9463610 GCTaskThread "GC Thread#3" [stack: 0x00000017fea00000,0x00000017feb00000] [id=25920]
  0x000001898d17a4a0 ConcurrentGCThread "G1 Main Marker" [stack: 0x00000017fd600000,0x00000017fd700000] [id=5292]
  0x000001898d17b560 ConcurrentGCThread "G1 Conc#0" [stack: 0x00000017fd700000,0x00000017fd800000] [id=2276]
  0x000001898d1dd450 ConcurrentGCThread "G1 Refine#0" [stack: 0x00000017fd800000,0x00000017fd900000] [id=25400]
  0x00000189ade4b050 ConcurrentGCThread "G1 Refine#1" [stack: 0x0000001780700000,0x0000001780800000] [id=15784]
  0x00000189ade4a7b0 ConcurrentGCThread "G1 Refine#2" [stack: 0x0000001780800000,0x0000001780900000] [id=9860]
  0x00000189a84b2090 ConcurrentGCThread "G1 Service" [stack: 0x00000017fd900000,0x00000017fda00000] [id=13568]

Threads with active compile tasks:
C2 CompilerThread0    47347 6515   !   4       org.jetbrains.kotlin.metadata.ProtoBuf$Function::<init> (1410 bytes)
C2 CompilerThread1    47348 6505   !   4       org.jetbrains.kotlin.metadata.ProtoBuf$Type::<init> (875 bytes)

VM state: not at safepoint (normal execution)

VM Mutex/Monitor currently owned by a thread: None

Heap address: 0x0000000080000000, size: 2048 MB, Compressed Oops mode: 32-bit

CDS archive(s) not mapped
Compressed class space mapped at: 0x0000000100000000-0x0000000140000000, reserved size: 1073741824
Narrow klass base: 0x0000000000000000, Narrow klass shift: 3, Narrow klass range: 0x140000000

GC Precious Log:
 CPUs: 4 total, 4 available
 Memory: 7364M
 Large Page Support: Disabled
 NUMA Support: Disabled
 Compressed Oops: Enabled (32-bit)
 Heap Region Size: 1M
 Heap Min Capacity: 8M
 Heap Initial Capacity: 116M
 Heap Max Capacity: 2G
 Pre-touch: Disabled
 Parallel Workers: 4
 Concurrent Workers: 1
 Concurrent Refinement Workers: 4
 Periodic GC: Disabled

Heap:
 garbage-first heap   total 317440K, used 122803K [0x0000000080000000, 0x0000000100000000)
  region size 1024K, 18 young (18432K), 1 survivors (1024K)
 Metaspace       used 87219K, committed 87872K, reserved 1130496K
  class space    used 11541K, committed 11840K, reserved 1048576K

Heap Regions: E=young(eden), S=young(survivor), O=old, HS=humongous(starts), HC=humongous(continues), CS=collection set, F=free, OA=open archive, CA=closed archive, TAMS=top-at-mark-start (previous, next)
|   0|0x0000000080000000, 0x0000000080100000, 0x0000000080100000|100%| O|  |TAMS 0x0000000080100000, 0x0000000080000000| Untracked 
|   1|0x0000000080100000, 0x0000000080200000, 0x0000000080200000|100%| O|  |TAMS 0x0000000080200000, 0x0000000080100000| Untracked 
|   2|0x0000000080200000, 0x0000000080300000, 0x0000000080300000|100%|HS|  |TAMS 0x0000000080300000, 0x0000000080200000| Complete 
|   3|0x0000000080300000, 0x0000000080400000, 0x0000000080400000|100%|HC|  |TAMS 0x0000000080400000, 0x0000000080300000| Complete 
|   4|0x0000000080400000, 0x0000000080500000, 0x0000000080500000|100%|HC|  |TAMS 0x0000000080500000, 0x0000000080400000| Complete 
|   5|0x0000000080500000, 0x0000000080600000, 0x0000000080600000|100%|HC|  |TAMS 0x0000000080600000, 0x0000000080500000| Complete 
|   6|0x0000000080600000, 0x0000000080700000, 0x0000000080700000|100%| O|  |TAMS 0x0000000080700000, 0x0000000080600000| Untracked 
|   7|0x0000000080700000, 0x0000000080800000, 0x0000000080800000|100%| O|  |TAMS 0x0000000080800000, 0x0000000080700000| Untracked 
|   8|0x0000000080800000, 0x0000000080900000, 0x0000000080900000|100%| O|  |TAMS 0x0000000080900000, 0x0000000080800000| Untracked 
|   9|0x0000000080900000, 0x0000000080a00000, 0x0000000080a00000|100%| O|  |TAMS 0x0000000080a00000, 0x0000000080900000| Untracked 
|  10|0x0000000080a00000, 0x0000000080b00000, 0x0000000080b00000|100%| O|  |TAMS 0x0000000080b00000, 0x0000000080a00000| Untracked 
|  11|0x0000000080b00000, 0x0000000080c00000, 0x0000000080c00000|100%| O|  |TAMS 0x0000000080c00000, 0x0000000080b00000| Untracked 
|  12|0x0000000080c00000, 0x0000000080d00000, 0x0000000080d00000|100%| O|  |TAMS 0x0000000080d00000, 0x0000000080c00000| Untracked 
|  13|0x0000000080d00000, 0x0000000080e00000, 0x0000000080e00000|100%| O|  |TAMS 0x0000000080e00000, 0x0000000080d00000| Untracked 
|  14|0x0000000080e00000, 0x0000000080f00000, 0x0000000080f00000|100%| O|  |TAMS 0x0000000080f00000, 0x0000000080e00000| Untracked 
|  15|0x0000000080f00000, 0x0000000081000000, 0x0000000081000000|100%| O|  |TAMS 0x0000000081000000, 0x0000000080f00000| Untracked 
|  16|0x0000000081000000, 0x0000000081100000, 0x0000000081100000|100%| O|  |TAMS 0x0000000081100000, 0x0000000081000000| Untracked 
|  17|0x0000000081100000, 0x0000000081200000, 0x0000000081200000|100%| O|  |TAMS 0x0000000081200000, 0x0000000081100000| Untracked 
|  18|0x0000000081200000, 0x0000000081300000, 0x0000000081300000|100%| O|  |TAMS 0x0000000081300000, 0x0000000081200000| Untracked 
|  19|0x0000000081300000, 0x0000000081400000, 0x0000000081400000|100%|HS|  |TAMS 0x0000000081400000, 0x0000000081300000| Complete 
|  20|0x0000000081400000, 0x0000000081500000, 0x0000000081500000|100%|HC|  |TAMS 0x0000000081500000, 0x0000000081400000| Complete 
|  21|0x0000000081500000, 0x0000000081600000, 0x0000000081600000|100%|HS|  |TAMS 0x0000000081600000, 0x0000000081500000| Complete 
|  22|0x0000000081600000, 0x0000000081700000, 0x0000000081700000|100%|HC|  |TAMS 0x0000000081700000, 0x0000000081600000| Complete 
|  23|0x0000000081700000, 0x0000000081800000, 0x0000000081800000|100%|HC|  |TAMS 0x0000000081800000, 0x0000000081700000| Complete 
|  24|0x0000000081800000, 0x0000000081900000, 0x0000000081900000|100%| O|  |TAMS 0x0000000081900000, 0x0000000081800000| Untracked 
|  25|0x0000000081900000, 0x0000000081a00000, 0x0000000081a00000|100%| O|  |TAMS 0x0000000081a00000, 0x0000000081900000| Untracked 
|  26|0x0000000081a00000, 0x0000000081b00000, 0x0000000081b00000|100%| O|  |TAMS 0x0000000081b00000, 0x0000000081a00000| Untracked 
|  27|0x0000000081b00000, 0x0000000081c00000, 0x0000000081c00000|100%|HS|  |TAMS 0x0000000081c00000, 0x0000000081b00000| Complete 
|  28|0x0000000081c00000, 0x0000000081d00000, 0x0000000081d00000|100%|HC|  |TAMS 0x0000000081d00000, 0x0000000081c00000| Complete 
|  29|0x0000000081d00000, 0x0000000081e00000, 0x0000000081e00000|100%|HC|  |TAMS 0x0000000081e00000, 0x0000000081d00000| Complete 
|  30|0x0000000081e00000, 0x0000000081f00000, 0x0000000081f00000|100%| O|  |TAMS 0x0000000081f00000, 0x0000000081e00000| Untracked 
|  31|0x0000000081f00000, 0x0000000082000000, 0x0000000082000000|100%| O|  |TAMS 0x0000000082000000, 0x0000000081f00000| Untracked 
|  32|0x0000000082000000, 0x0000000082100000, 0x0000000082100000|100%| O|  |TAMS 0x0000000082100000, 0x0000000082000000| Untracked 
|  33|0x0000000082100000, 0x0000000082200000, 0x0000000082200000|100%|HS|  |TAMS 0x0000000082200000, 0x0000000082100000| Complete 
|  34|0x0000000082200000, 0x0000000082300000, 0x0000000082300000|100%|HC|  |TAMS 0x0000000082300000, 0x0000000082200000| Complete 
|  35|0x0000000082300000, 0x0000000082400000, 0x0000000082400000|100%| O|  |TAMS 0x0000000082400000, 0x0000000082300000| Untracked 
|  36|0x0000000082400000, 0x0000000082500000, 0x0000000082500000|100%| O|  |TAMS 0x0000000082500000, 0x0000000082400000| Untracked 
|  37|0x0000000082500000, 0x0000000082600000, 0x0000000082600000|100%| O|  |TAMS 0x0000000082500000, 0x0000000082500000| Untracked 
|  38|0x0000000082600000, 0x0000000082700000, 0x0000000082700000|100%| O|  |TAMS 0x0000000082700000, 0x0000000082600000| Untracked 
|  39|0x0000000082700000, 0x0000000082800000, 0x0000000082800000|100%| O|  |TAMS 0x0000000082800000, 0x0000000082700000| Untracked 
|  40|0x0000000082800000, 0x0000000082900000, 0x0000000082900000|100%| O|  |TAMS 0x0000000082900000, 0x0000000082800000| Untracked 
|  41|0x0000000082900000, 0x0000000082a00000, 0x0000000082a00000|100%| O|  |TAMS 0x0000000082a00000, 0x0000000082900000| Untracked 
|  42|0x0000000082a00000, 0x0000000082b00000, 0x0000000082b00000|100%| O|  |TAMS 0x0000000082b00000, 0x0000000082a00000| Untracked 
|  43|0x0000000082b00000, 0x0000000082c00000, 0x0000000082c00000|100%|HS|  |TAMS 0x0000000082c00000, 0x0000000082b00000| Complete 
|  44|0x0000000082c00000, 0x0000000082d00000, 0x0000000082d00000|100%|HC|  |TAMS 0x0000000082d00000, 0x0000000082c00000| Complete 
|  45|0x0000000082d00000, 0x0000000082e00000, 0x0000000082e00000|100%|HC|  |TAMS 0x0000000082e00000, 0x0000000082d00000| Complete 
|  46|0x0000000082e00000, 0x0000000082f00000, 0x0000000082f00000|100%|HS|  |TAMS 0x0000000082f00000, 0x0000000082e00000| Complete 
|  47|0x0000000082f00000, 0x0000000083000000, 0x0000000083000000|100%|HC|  |TAMS 0x0000000083000000, 0x0000000082f00000| Complete 
|  48|0x0000000083000000, 0x0000000083100000, 0x0000000083100000|100%|HC|  |TAMS 0x0000000083100000, 0x0000000083000000| Complete 
|  49|0x0000000083100000, 0x0000000083200000, 0x0000000083200000|100%|HC|  |TAMS 0x0000000083200000, 0x0000000083100000| Complete 
|  50|0x0000000083200000, 0x0000000083300000, 0x0000000083300000|100%|HC|  |TAMS 0x0000000083300000, 0x0000000083200000| Complete 
|  51|0x0000000083300000, 0x0000000083400000, 0x0000000083400000|100%|HC|  |TAMS 0x0000000083400000, 0x0000000083300000| Complete 
|  52|0x0000000083400000, 0x0000000083500000, 0x0000000083500000|100%|HC|  |TAMS 0x0000000083500000, 0x0000000083400000| Complete 
|  53|0x0000000083500000, 0x0000000083600000, 0x0000000083600000|100%|HC|  |TAMS 0x0000000083600000, 0x0000000083500000| Complete 
|  54|0x0000000083600000, 0x0000000083700000, 0x0000000083700000|100%|HC|  |TAMS 0x0000000083700000, 0x0000000083600000| Complete 
|  55|0x0000000083700000, 0x0000000083800000, 0x0000000083800000|100%|HC|  |TAMS 0x0000000083800000, 0x0000000083700000| Complete 
|  56|0x0000000083800000, 0x0000000083900000, 0x0000000083900000|100%|HC|  |TAMS 0x0000000083900000, 0x0000000083800000| Complete 
|  57|0x0000000083900000, 0x0000000083a00000, 0x0000000083a00000|100%|HC|  |TAMS 0x0000000083a00000, 0x0000000083900000| Complete 
|  58|0x0000000083a00000, 0x0000000083b00000, 0x0000000083b00000|100%| O|  |TAMS 0x0000000083b00000, 0x0000000083a00000| Untracked 
|  59|0x0000000083b00000, 0x0000000083c00000, 0x0000000083c00000|100%|HS|  |TAMS 0x0000000083c00000, 0x0000000083b00000| Complete 
|  60|0x0000000083c00000, 0x0000000083d00000, 0x0000000083d00000|100%|HC|  |TAMS 0x0000000083d00000, 0x0000000083c00000| Complete 
|  61|0x0000000083d00000, 0x0000000083e00000, 0x0000000083e00000|100%|HC|  |TAMS 0x0000000083e00000, 0x0000000083d00000| Complete 
|  62|0x0000000083e00000, 0x0000000083f00000, 0x0000000083f00000|100%| O|  |TAMS 0x0000000083f00000, 0x0000000083e00000| Untracked 
|  63|0x0000000083f00000, 0x0000000084000000, 0x0000000084000000|100%| O|  |TAMS 0x0000000084000000, 0x0000000083f00000| Untracked 
|  64|0x0000000084000000, 0x0000000084100000, 0x0000000084100000|100%| O|  |TAMS 0x0000000084100000, 0x0000000084000000| Untracked 
|  65|0x0000000084100000, 0x0000000084200000, 0x0000000084200000|100%| O|  |TAMS 0x0000000084200000, 0x0000000084100000| Untracked 
|  66|0x0000000084200000, 0x0000000084300000, 0x0000000084300000|100%| O|  |TAMS 0x0000000084300000, 0x0000000084200000| Untracked 
|  67|0x0000000084300000, 0x0000000084400000, 0x0000000084400000|100%| O|  |TAMS 0x0000000084400000, 0x0000000084300000| Untracked 
|  68|0x0000000084400000, 0x0000000084500000, 0x0000000084500000|100%| O|  |TAMS 0x0000000084500000, 0x0000000084400000| Untracked 
|  69|0x0000000084500000, 0x0000000084500000, 0x0000000084600000|  0%| F|  |TAMS 0x0000000084500000, 0x0000000084500000| Untracked 
|  70|0x0000000084600000, 0x0000000084700000, 0x0000000084700000|100%|HS|  |TAMS 0x0000000084700000, 0x0000000084600000| Complete 
|  71|0x0000000084700000, 0x0000000084800000, 0x0000000084800000|100%|HC|  |TAMS 0x0000000084800000, 0x0000000084700000| Complete 
|  72|0x0000000084800000, 0x0000000084900000, 0x0000000084900000|100%|HC|  |TAMS 0x0000000084900000, 0x0000000084800000| Complete 
|  73|0x0000000084900000, 0x0000000084a00000, 0x0000000084a00000|100%|HC|  |TAMS 0x0000000084a00000, 0x0000000084900000| Complete 
|  74|0x0000000084a00000, 0x0000000084b00000, 0x0000000084b00000|100%| O|  |TAMS 0x0000000084b00000, 0x0000000084a00000| Untracked 
|  75|0x0000000084b00000, 0x0000000084c00000, 0x0000000084c00000|100%| O|  |TAMS 0x0000000084c00000, 0x0000000084b00000| Untracked 
|  76|0x0000000084c00000, 0x0000000084d00000, 0x0000000084d00000|100%| O|  |TAMS 0x0000000084d00000, 0x0000000084c00000| Untracked 
|  77|0x0000000084d00000, 0x0000000084e00000, 0x0000000084e00000|100%| O|  |TAMS 0x0000000084e00000, 0x0000000084d00000| Untracked 
|  78|0x0000000084e00000, 0x0000000084f00000, 0x0000000084f00000|100%| O|  |TAMS 0x0000000084f00000, 0x0000000084e00000| Untracked 
|  79|0x0000000084f00000, 0x0000000085000000, 0x0000000085000000|100%| O|  |TAMS 0x0000000085000000, 0x0000000084f00000| Untracked 
|  80|0x0000000085000000, 0x0000000085100000, 0x0000000085100000|100%| O|  |TAMS 0x0000000085100000, 0x0000000085000000| Untracked 
|  81|0x0000000085100000, 0x0000000085200000, 0x0000000085200000|100%| O|  |TAMS 0x0000000085200000, 0x0000000085100000| Untracked 
|  82|0x0000000085200000, 0x0000000085300000, 0x0000000085300000|100%| O|  |TAMS 0x0000000085300000, 0x0000000085200000| Untracked 
|  83|0x0000000085300000, 0x0000000085400000, 0x0000000085400000|100%| O|  |TAMS 0x0000000085400000, 0x0000000085300000| Untracked 
|  84|0x0000000085400000, 0x0000000085500000, 0x0000000085500000|100%| O|  |TAMS 0x0000000085500000, 0x0000000085400000| Untracked 
|  85|0x0000000085500000, 0x0000000085600000, 0x0000000085600000|100%| O|  |TAMS 0x0000000085600000, 0x0000000085500000| Untracked 
|  86|0x0000000085600000, 0x0000000085700000, 0x0000000085700000|100%| O|  |TAMS 0x0000000085700000, 0x0000000085600000| Untracked 
|  87|0x0000000085700000, 0x0000000085800000, 0x0000000085800000|100%| O|  |TAMS 0x0000000085800000, 0x0000000085700000| Untracked 
|  88|0x0000000085800000, 0x0000000085900000, 0x0000000085900000|100%| O|  |TAMS 0x0000000085900000, 0x0000000085800000| Untracked 
|  89|0x0000000085900000, 0x0000000085a00000, 0x0000000085a00000|100%| O|  |TAMS 0x0000000085a00000, 0x0000000085900000| Untracked 
|  90|0x0000000085a00000, 0x0000000085b00000, 0x0000000085b00000|100%| O|  |TAMS 0x0000000085b00000, 0x0000000085a00000| Untracked 
|  91|0x0000000085b00000, 0x0000000085c00000, 0x0000000085c00000|100%|HS|  |TAMS 0x0000000085c00000, 0x0000000085b00000| Complete 
|  92|0x0000000085c00000, 0x0000000085d00000, 0x0000000085d00000|100%|HC|  |TAMS 0x0000000085d00000, 0x0000000085c00000| Complete 
|  93|0x0000000085d00000, 0x0000000085e00000, 0x0000000085e00000|100%|HC|  |TAMS 0x0000000085e00000, 0x0000000085d00000| Complete 
|  94|0x0000000085e00000, 0x0000000085f00000, 0x0000000085f00000|100%|HC|  |TAMS 0x0000000085f00000, 0x0000000085e00000| Complete 
|  95|0x0000000085f00000, 0x0000000086000000, 0x0000000086000000|100%|HC|  |TAMS 0x0000000086000000, 0x0000000085f00000| Complete 
|  96|0x0000000086000000, 0x0000000086100000, 0x0000000086100000|100%|HC|  |TAMS 0x0000000086100000, 0x0000000086000000| Complete 
|  97|0x0000000086100000, 0x0000000086200000, 0x0000000086200000|100%| O|  |TAMS 0x00000000861e7400, 0x0000000086100000| Untracked 
|  98|0x0000000086200000, 0x0000000086300000, 0x0000000086300000|100%| O|  |TAMS 0x0000000086200000, 0x0000000086200000| Untracked 
|  99|0x0000000086300000, 0x0000000086400000, 0x0000000086400000|100%| O|  |TAMS 0x0000000086300000, 0x0000000086300000| Untracked 
| 100|0x0000000086400000, 0x0000000086500000, 0x0000000086500000|100%| O|  |TAMS 0x0000000086400000, 0x0000000086400000| Untracked 
| 101|0x0000000086500000, 0x0000000086600000, 0x0000000086600000|100%| O|  |TAMS 0x0000000086500000, 0x0000000086500000| Untracked 
| 102|0x0000000086600000, 0x0000000086700000, 0x0000000086700000|100%| O|  |TAMS 0x0000000086600000, 0x0000000086600000| Untracked 
| 103|0x0000000086700000, 0x00000000867ece00, 0x0000000086800000| 92%| O|  |TAMS 0x0000000086700000, 0x0000000086700000| Untracked 
| 104|0x0000000086800000, 0x0000000086800000, 0x0000000086900000|  0%| F|  |TAMS 0x0000000086800000, 0x0000000086800000| Untracked 
| 105|0x0000000086900000, 0x0000000086900000, 0x0000000086a00000|  0%| F|  |TAMS 0x0000000086900000, 0x0000000086900000| Untracked 
| 106|0x0000000086a00000, 0x0000000086a00000, 0x0000000086b00000|  0%| F|  |TAMS 0x0000000086a00000, 0x0000000086a00000| Untracked 
| 107|0x0000000086b00000, 0x0000000086b00000, 0x0000000086c00000|  0%| F|  |TAMS 0x0000000086b00000, 0x0000000086b00000| Untracked 
| 108|0x0000000086c00000, 0x0000000086c00000, 0x0000000086d00000|  0%| F|  |TAMS 0x0000000086c00000, 0x0000000086c00000| Untracked 
| 109|0x0000000086d00000, 0x0000000086d00000, 0x0000000086e00000|  0%| F|  |TAMS 0x0000000086d00000, 0x0000000086d00000| Untracked 
| 110|0x0000000086e00000, 0x0000000086e00000, 0x0000000086f00000|  0%| F|  |TAMS 0x0000000086e00000, 0x0000000086e00000| Untracked 
| 111|0x0000000086f00000, 0x0000000086f00000, 0x0000000087000000|  0%| F|  |TAMS 0x0000000086f00000, 0x0000000086f00000| Untracked 
| 112|0x0000000087000000, 0x0000000087000000, 0x0000000087100000|  0%| F|  |TAMS 0x0000000087000000, 0x0000000087000000| Untracked 
| 113|0x0000000087100000, 0x0000000087100000, 0x0000000087200000|  0%| F|  |TAMS 0x0000000087100000, 0x0000000087100000| Untracked 
| 114|0x0000000087200000, 0x0000000087200000, 0x0000000087300000|  0%| F|  |TAMS 0x0000000087200000, 0x0000000087200000| Untracked 
| 115|0x0000000087300000, 0x0000000087300000, 0x0000000087400000|  0%| F|  |TAMS 0x0000000087300000, 0x0000000087300000| Untracked 
| 116|0x0000000087400000, 0x0000000087400000, 0x0000000087500000|  0%| F|  |TAMS 0x0000000087400000, 0x0000000087400000| Untracked 
| 117|0x0000000087500000, 0x0000000087500000, 0x0000000087600000|  0%| F|  |TAMS 0x0000000087500000, 0x0000000087500000| Untracked 
| 118|0x0000000087600000, 0x0000000087600000, 0x0000000087700000|  0%| F|  |TAMS 0x0000000087600000, 0x0000000087600000| Untracked 
| 119|0x0000000087700000, 0x0000000087700000, 0x0000000087800000|  0%| F|  |TAMS 0x0000000087700000, 0x0000000087700000| Untracked 
| 120|0x0000000087800000, 0x0000000087800000, 0x0000000087900000|  0%| F|  |TAMS 0x0000000087800000, 0x0000000087800000| Untracked 
| 121|0x0000000087900000, 0x0000000087900000, 0x0000000087a00000|  0%| F|  |TAMS 0x0000000087900000, 0x0000000087900000| Untracked 
| 122|0x0000000087a00000, 0x0000000087a00000, 0x0000000087b00000|  0%| F|  |TAMS 0x0000000087a00000, 0x0000000087a00000| Untracked 
| 123|0x0000000087b00000, 0x0000000087b00000, 0x0000000087c00000|  0%| F|  |TAMS 0x0000000087b00000, 0x0000000087b00000| Untracked 
| 124|0x0000000087c00000, 0x0000000087c00000, 0x0000000087d00000|  0%| F|  |TAMS 0x0000000087c00000, 0x0000000087c00000| Untracked 
| 125|0x0000000087d00000, 0x0000000087d00000, 0x0000000087e00000|  0%| F|  |TAMS 0x0000000087d00000, 0x0000000087d00000| Untracked 
| 126|0x0000000087e00000, 0x0000000087e00000, 0x0000000087f00000|  0%| F|  |TAMS 0x0000000087e00000, 0x0000000087e00000| Untracked 
| 127|0x0000000087f00000, 0x0000000087f00000, 0x0000000088000000|  0%| F|  |TAMS 0x0000000087f00000, 0x0000000087f00000| Untracked 
| 128|0x0000000088000000, 0x0000000088000000, 0x0000000088100000|  0%| F|  |TAMS 0x0000000088000000, 0x0000000088000000| Untracked 
| 129|0x0000000088100000, 0x0000000088100000, 0x0000000088200000|  0%| F|  |TAMS 0x0000000088100000, 0x0000000088100000| Untracked 
| 130|0x0000000088200000, 0x0000000088200000, 0x0000000088300000|  0%| F|  |TAMS 0x0000000088200000, 0x0000000088200000| Untracked 
| 131|0x0000000088300000, 0x0000000088300000, 0x0000000088400000|  0%| F|  |TAMS 0x0000000088300000, 0x0000000088300000| Untracked 
| 132|0x0000000088400000, 0x0000000088400000, 0x0000000088500000|  0%| F|  |TAMS 0x0000000088400000, 0x0000000088400000| Untracked 
| 133|0x0000000088500000, 0x0000000088500000, 0x0000000088600000|  0%| F|  |TAMS 0x0000000088500000, 0x0000000088500000| Untracked 
| 134|0x0000000088600000, 0x0000000088600000, 0x0000000088700000|  0%| F|  |TAMS 0x0000000088600000, 0x0000000088600000| Untracked 
| 135|0x0000000088700000, 0x0000000088700000, 0x0000000088800000|  0%| F|  |TAMS 0x0000000088700000, 0x0000000088700000| Untracked 
| 136|0x0000000088800000, 0x0000000088800000, 0x0000000088900000|  0%| F|  |TAMS 0x0000000088800000, 0x0000000088800000| Untracked 
| 137|0x0000000088900000, 0x0000000088900000, 0x0000000088a00000|  0%| F|  |TAMS 0x0000000088900000, 0x0000000088900000| Untracked 
| 138|0x0000000088a00000, 0x0000000088a00000, 0x0000000088b00000|  0%| F|  |TAMS 0x0000000088a00000, 0x0000000088a00000| Untracked 
| 139|0x0000000088b00000, 0x0000000088b00000, 0x0000000088c00000|  0%| F|  |TAMS 0x0000000088b00000, 0x0000000088b00000| Untracked 
| 140|0x0000000088c00000, 0x0000000088c00000, 0x0000000088d00000|  0%| F|  |TAMS 0x0000000088c00000, 0x0000000088c00000| Untracked 
| 141|0x0000000088d00000, 0x0000000088d00000, 0x0000000088e00000|  0%| F|  |TAMS 0x0000000088d00000, 0x0000000088d00000| Untracked 
| 142|0x0000000088e00000, 0x0000000088e00000, 0x0000000088f00000|  0%| F|  |TAMS 0x0000000088e00000, 0x0000000088e00000| Untracked 
| 143|0x0000000088f00000, 0x0000000088f00000, 0x0000000089000000|  0%| F|  |TAMS 0x0000000088f00000, 0x0000000088f00000| Untracked 
| 144|0x0000000089000000, 0x0000000089000000, 0x0000000089100000|  0%| F|  |TAMS 0x0000000089000000, 0x0000000089000000| Untracked 
| 145|0x0000000089100000, 0x0000000089100000, 0x0000000089200000|  0%| F|  |TAMS 0x0000000089100000, 0x0000000089100000| Untracked 
| 146|0x0000000089200000, 0x0000000089200000, 0x0000000089300000|  0%| F|  |TAMS 0x0000000089200000, 0x0000000089200000| Untracked 
| 147|0x0000000089300000, 0x0000000089300000, 0x0000000089400000|  0%| F|  |TAMS 0x0000000089300000, 0x0000000089300000| Untracked 
| 148|0x0000000089400000, 0x0000000089400000, 0x0000000089500000|  0%| F|  |TAMS 0x0000000089400000, 0x0000000089400000| Untracked 
| 149|0x0000000089500000, 0x0000000089500000, 0x0000000089600000|  0%| F|  |TAMS 0x0000000089500000, 0x0000000089500000| Untracked 
| 150|0x0000000089600000, 0x0000000089600000, 0x0000000089700000|  0%| F|  |TAMS 0x0000000089600000, 0x0000000089600000| Untracked 
| 151|0x0000000089700000, 0x0000000089700000, 0x0000000089800000|  0%| F|  |TAMS 0x0000000089700000, 0x0000000089700000| Untracked 
| 152|0x0000000089800000, 0x0000000089800000, 0x0000000089900000|  0%| F|  |TAMS 0x0000000089800000, 0x0000000089800000| Untracked 
| 153|0x0000000089900000, 0x0000000089900000, 0x0000000089a00000|  0%| F|  |TAMS 0x0000000089900000, 0x0000000089900000| Untracked 
| 154|0x0000000089a00000, 0x0000000089a00000, 0x0000000089b00000|  0%| F|  |TAMS 0x0000000089a00000, 0x0000000089a00000| Untracked 
| 155|0x0000000089b00000, 0x0000000089b00000, 0x0000000089c00000|  0%| F|  |TAMS 0x0000000089b00000, 0x0000000089b00000| Untracked 
| 156|0x0000000089c00000, 0x0000000089c00000, 0x0000000089d00000|  0%| F|  |TAMS 0x0000000089c00000, 0x0000000089c00000| Untracked 
| 157|0x0000000089d00000, 0x0000000089d00000, 0x0000000089e00000|  0%| F|  |TAMS 0x0000000089d00000, 0x0000000089d00000| Untracked 
| 158|0x0000000089e00000, 0x0000000089e00000, 0x0000000089f00000|  0%| F|  |TAMS 0x0000000089e00000, 0x0000000089e00000| Untracked 
| 159|0x0000000089f00000, 0x0000000089f00000, 0x000000008a000000|  0%| F|  |TAMS 0x0000000089f00000, 0x0000000089f00000| Untracked 
| 160|0x000000008a000000, 0x000000008a000000, 0x000000008a100000|  0%| F|  |TAMS 0x000000008a000000, 0x000000008a000000| Untracked 
| 161|0x000000008a100000, 0x000000008a100000, 0x000000008a200000|  0%| F|  |TAMS 0x000000008a100000, 0x000000008a100000| Untracked 
| 162|0x000000008a200000, 0x000000008a200000, 0x000000008a300000|  0%| F|  |TAMS 0x000000008a200000, 0x000000008a200000| Untracked 
| 163|0x000000008a300000, 0x000000008a300000, 0x000000008a400000|  0%| F|  |TAMS 0x000000008a300000, 0x000000008a300000| Untracked 
| 164|0x000000008a400000, 0x000000008a400000, 0x000000008a500000|  0%| F|  |TAMS 0x000000008a400000, 0x000000008a400000| Untracked 
| 165|0x000000008a500000, 0x000000008a500000, 0x000000008a600000|  0%| F|  |TAMS 0x000000008a500000, 0x000000008a500000| Untracked 
| 166|0x000000008a600000, 0x000000008a600000, 0x000000008a700000|  0%| F|  |TAMS 0x000000008a600000, 0x000000008a600000| Untracked 
| 167|0x000000008a700000, 0x000000008a700000, 0x000000008a800000|  0%| F|  |TAMS 0x000000008a700000, 0x000000008a700000| Untracked 
| 168|0x000000008a800000, 0x000000008a800000, 0x000000008a900000|  0%| F|  |TAMS 0x000000008a800000, 0x000000008a800000| Untracked 
| 169|0x000000008a900000, 0x000000008a900000, 0x000000008aa00000|  0%| F|  |TAMS 0x000000008a900000, 0x000000008a900000| Untracked 
| 170|0x000000008aa00000, 0x000000008aa00000, 0x000000008ab00000|  0%| F|  |TAMS 0x000000008aa00000, 0x000000008aa00000| Untracked 
| 171|0x000000008ab00000, 0x000000008ab00000, 0x000000008ac00000|  0%| F|  |TAMS 0x000000008ab00000, 0x000000008ab00000| Untracked 
| 172|0x000000008ac00000, 0x000000008ac00000, 0x000000008ad00000|  0%| F|  |TAMS 0x000000008ac00000, 0x000000008ac00000| Untracked 
| 173|0x000000008ad00000, 0x000000008ad00000, 0x000000008ae00000|  0%| F|  |TAMS 0x000000008ad00000, 0x000000008ad00000| Untracked 
| 174|0x000000008ae00000, 0x000000008ae00000, 0x000000008af00000|  0%| F|  |TAMS 0x000000008ae00000, 0x000000008ae00000| Untracked 
| 175|0x000000008af00000, 0x000000008b000000, 0x000000008b000000|100%| S|CS|TAMS 0x000000008af00000, 0x000000008af00000| Complete 
| 176|0x000000008b000000, 0x000000008b000000, 0x000000008b100000|  0%| F|  |TAMS 0x000000008b000000, 0x000000008b000000| Untracked 
| 177|0x000000008b100000, 0x000000008b100000, 0x000000008b200000|  0%| F|  |TAMS 0x000000008b100000, 0x000000008b100000| Untracked 
| 178|0x000000008b200000, 0x000000008b200000, 0x000000008b300000|  0%| F|  |TAMS 0x000000008b200000, 0x000000008b200000| Untracked 
| 179|0x000000008b300000, 0x000000008b300000, 0x000000008b400000|  0%| F|  |TAMS 0x000000008b300000, 0x000000008b300000| Untracked 
| 180|0x000000008b400000, 0x000000008b400000, 0x000000008b500000|  0%| F|  |TAMS 0x000000008b400000, 0x000000008b400000| Untracked 
| 181|0x000000008b500000, 0x000000008b500000, 0x000000008b600000|  0%| F|  |TAMS 0x000000008b500000, 0x000000008b500000| Untracked 
| 182|0x000000008b600000, 0x000000008b600000, 0x000000008b700000|  0%| F|  |TAMS 0x000000008b600000, 0x000000008b600000| Untracked 
| 183|0x000000008b700000, 0x000000008b700000, 0x000000008b800000|  0%| F|  |TAMS 0x000000008b700000, 0x000000008b700000| Untracked 
| 184|0x000000008b800000, 0x000000008b800000, 0x000000008b900000|  0%| F|  |TAMS 0x000000008b800000, 0x000000008b800000| Untracked 
| 185|0x000000008b900000, 0x000000008b900000, 0x000000008ba00000|  0%| F|  |TAMS 0x000000008b900000, 0x000000008b900000| Untracked 
| 186|0x000000008ba00000, 0x000000008ba00000, 0x000000008bb00000|  0%| F|  |TAMS 0x000000008ba00000, 0x000000008ba00000| Untracked 
| 187|0x000000008bb00000, 0x000000008bb00000, 0x000000008bc00000|  0%| F|  |TAMS 0x000000008bb00000, 0x000000008bb00000| Untracked 
| 188|0x000000008bc00000, 0x000000008bc00000, 0x000000008bd00000|  0%| F|  |TAMS 0x000000008bc00000, 0x000000008bc00000| Untracked 
| 189|0x000000008bd00000, 0x000000008bd00000, 0x000000008be00000|  0%| F|  |TAMS 0x000000008bd00000, 0x000000008bd00000| Untracked 
| 190|0x000000008be00000, 0x000000008be00000, 0x000000008bf00000|  0%| F|  |TAMS 0x000000008be00000, 0x000000008be00000| Untracked 
| 191|0x000000008bf00000, 0x000000008bf00000, 0x000000008c000000|  0%| F|  |TAMS 0x000000008bf00000, 0x000000008bf00000| Untracked 
| 192|0x000000008c000000, 0x000000008c000000, 0x000000008c100000|  0%| F|  |TAMS 0x000000008c000000, 0x000000008c000000| Untracked 
| 193|0x000000008c100000, 0x000000008c100000, 0x000000008c200000|  0%| F|  |TAMS 0x000000008c100000, 0x000000008c100000| Untracked 
| 194|0x000000008c200000, 0x000000008c200000, 0x000000008c300000|  0%| F|  |TAMS 0x000000008c200000, 0x000000008c200000| Untracked 
| 195|0x000000008c300000, 0x000000008c300000, 0x000000008c400000|  0%| F|  |TAMS 0x000000008c300000, 0x000000008c300000| Untracked 
| 196|0x000000008c400000, 0x000000008c400000, 0x000000008c500000|  0%| F|  |TAMS 0x000000008c400000, 0x000000008c400000| Untracked 
| 197|0x000000008c500000, 0x000000008c500000, 0x000000008c600000|  0%| F|  |TAMS 0x000000008c500000, 0x000000008c500000| Untracked 
| 198|0x000000008c600000, 0x000000008c600000, 0x000000008c700000|  0%| F|  |TAMS 0x000000008c600000, 0x000000008c600000| Untracked 
| 199|0x000000008c700000, 0x000000008c700000, 0x000000008c800000|  0%| F|  |TAMS 0x000000008c700000, 0x000000008c700000| Untracked 
| 200|0x000000008c800000, 0x000000008c800000, 0x000000008c900000|  0%| F|  |TAMS 0x000000008c800000, 0x000000008c800000| Untracked 
| 201|0x000000008c900000, 0x000000008c900000, 0x000000008ca00000|  0%| F|  |TAMS 0x000000008c900000, 0x000000008c900000| Untracked 
| 202|0x000000008ca00000, 0x000000008ca00000, 0x000000008cb00000|  0%| F|  |TAMS 0x000000008ca00000, 0x000000008ca00000| Untracked 
| 203|0x000000008cb00000, 0x000000008cb00000, 0x000000008cc00000|  0%| F|  |TAMS 0x000000008cb00000, 0x000000008cb00000| Untracked 
| 204|0x000000008cc00000, 0x000000008cc00000, 0x000000008cd00000|  0%| F|  |TAMS 0x000000008cc00000, 0x000000008cc00000| Untracked 
| 205|0x000000008cd00000, 0x000000008cd00000, 0x000000008ce00000|  0%| F|  |TAMS 0x000000008cd00000, 0x000000008cd00000| Untracked 
| 206|0x000000008ce00000, 0x000000008ce00000, 0x000000008cf00000|  0%| F|  |TAMS 0x000000008ce00000, 0x000000008ce00000| Untracked 
| 207|0x000000008cf00000, 0x000000008cf00000, 0x000000008d000000|  0%| F|  |TAMS 0x000000008cf00000, 0x000000008cf00000| Untracked 
| 208|0x000000008d000000, 0x000000008d000000, 0x000000008d100000|  0%| F|  |TAMS 0x000000008d000000, 0x000000008d000000| Untracked 
| 209|0x000000008d100000, 0x000000008d100000, 0x000000008d200000|  0%| F|  |TAMS 0x000000008d100000, 0x000000008d100000| Untracked 
| 210|0x000000008d200000, 0x000000008d200000, 0x000000008d300000|  0%| F|  |TAMS 0x000000008d200000, 0x000000008d200000| Untracked 
| 211|0x000000008d300000, 0x000000008d300000, 0x000000008d400000|  0%| F|  |TAMS 0x000000008d300000, 0x000000008d300000| Untracked 
| 212|0x000000008d400000, 0x000000008d400000, 0x000000008d500000|  0%| F|  |TAMS 0x000000008d400000, 0x000000008d400000| Untracked 
| 213|0x000000008d500000, 0x000000008d500000, 0x000000008d600000|  0%| F|  |TAMS 0x000000008d500000, 0x000000008d500000| Untracked 
| 214|0x000000008d600000, 0x000000008d600000, 0x000000008d700000|  0%| F|  |TAMS 0x000000008d600000, 0x000000008d600000| Untracked 
| 215|0x000000008d700000, 0x000000008d700000, 0x000000008d800000|  0%| F|  |TAMS 0x000000008d700000, 0x000000008d700000| Untracked 
| 216|0x000000008d800000, 0x000000008d800000, 0x000000008d900000|  0%| F|  |TAMS 0x000000008d800000, 0x000000008d800000| Untracked 
| 217|0x000000008d900000, 0x000000008d900000, 0x000000008da00000|  0%| F|  |TAMS 0x000000008d900000, 0x000000008d900000| Untracked 
| 218|0x000000008da00000, 0x000000008da00000, 0x000000008db00000|  0%| F|  |TAMS 0x000000008da00000, 0x000000008da00000| Untracked 
| 219|0x000000008db00000, 0x000000008db00000, 0x000000008dc00000|  0%| F|  |TAMS 0x000000008db00000, 0x000000008db00000| Untracked 
| 220|0x000000008dc00000, 0x000000008dc00000, 0x000000008dd00000|  0%| F|  |TAMS 0x000000008dc00000, 0x000000008dc00000| Untracked 
| 221|0x000000008dd00000, 0x000000008dd00000, 0x000000008de00000|  0%| F|  |TAMS 0x000000008dd00000, 0x000000008dd00000| Untracked 
| 222|0x000000008de00000, 0x000000008de00000, 0x000000008df00000|  0%| F|  |TAMS 0x000000008de00000, 0x000000008de00000| Untracked 
| 223|0x000000008df00000, 0x000000008df00000, 0x000000008e000000|  0%| F|  |TAMS 0x000000008df00000, 0x000000008df00000| Untracked 
| 224|0x000000008e000000, 0x000000008e000000, 0x000000008e100000|  0%| F|  |TAMS 0x000000008e000000, 0x000000008e000000| Untracked 
| 225|0x000000008e100000, 0x000000008e100000, 0x000000008e200000|  0%| F|  |TAMS 0x000000008e100000, 0x000000008e100000| Untracked 
| 226|0x000000008e200000, 0x000000008e200000, 0x000000008e300000|  0%| F|  |TAMS 0x000000008e200000, 0x000000008e200000| Untracked 
| 227|0x000000008e300000, 0x000000008e300000, 0x000000008e400000|  0%| F|  |TAMS 0x000000008e300000, 0x000000008e300000| Untracked 
| 228|0x000000008e400000, 0x000000008e400000, 0x000000008e500000|  0%| F|  |TAMS 0x000000008e400000, 0x000000008e400000| Untracked 
| 229|0x000000008e500000, 0x000000008e500000, 0x000000008e600000|  0%| F|  |TAMS 0x000000008e500000, 0x000000008e500000| Untracked 
| 230|0x000000008e600000, 0x000000008e600000, 0x000000008e700000|  0%| F|  |TAMS 0x000000008e600000, 0x000000008e600000| Untracked 
| 231|0x000000008e700000, 0x000000008e700000, 0x000000008e800000|  0%| F|  |TAMS 0x000000008e700000, 0x000000008e700000| Untracked 
| 232|0x000000008e800000, 0x000000008e800000, 0x000000008e900000|  0%| F|  |TAMS 0x000000008e800000, 0x000000008e800000| Untracked 
| 233|0x000000008e900000, 0x000000008e900000, 0x000000008ea00000|  0%| F|  |TAMS 0x000000008e900000, 0x000000008e900000| Untracked 
| 234|0x000000008ea00000, 0x000000008ea00000, 0x000000008eb00000|  0%| F|  |TAMS 0x000000008ea00000, 0x000000008ea00000| Untracked 
| 235|0x000000008eb00000, 0x000000008eb00000, 0x000000008ec00000|  0%| F|  |TAMS 0x000000008eb00000, 0x000000008eb00000| Untracked 
| 236|0x000000008ec00000, 0x000000008ec00000, 0x000000008ed00000|  0%| F|  |TAMS 0x000000008ec00000, 0x000000008ec00000| Untracked 
| 237|0x000000008ed00000, 0x000000008ed00000, 0x000000008ee00000|  0%| F|  |TAMS 0x000000008ed00000, 0x000000008ed00000| Untracked 
| 238|0x000000008ee00000, 0x000000008ee00000, 0x000000008ef00000|  0%| F|  |TAMS 0x000000008ee00000, 0x000000008ee00000| Untracked 
| 239|0x000000008ef00000, 0x000000008ef00000, 0x000000008f000000|  0%| F|  |TAMS 0x000000008ef00000, 0x000000008ef00000| Untracked 
| 240|0x000000008f000000, 0x000000008f000000, 0x000000008f100000|  0%| F|  |TAMS 0x000000008f000000, 0x000000008f000000| Untracked 
| 241|0x000000008f100000, 0x000000008f100000, 0x000000008f200000|  0%| F|  |TAMS 0x000000008f100000, 0x000000008f100000| Untracked 
| 242|0x000000008f200000, 0x000000008f200000, 0x000000008f300000|  0%| F|  |TAMS 0x000000008f200000, 0x000000008f200000| Untracked 
| 243|0x000000008f300000, 0x000000008f300000, 0x000000008f400000|  0%| F|  |TAMS 0x000000008f300000, 0x000000008f300000| Untracked 
| 244|0x000000008f400000, 0x000000008f400000, 0x000000008f500000|  0%| F|  |TAMS 0x000000008f400000, 0x000000008f400000| Untracked 
| 245|0x000000008f500000, 0x000000008f500000, 0x000000008f600000|  0%| F|  |TAMS 0x000000008f500000, 0x000000008f500000| Untracked 
| 246|0x000000008f600000, 0x000000008f600000, 0x000000008f700000|  0%| F|  |TAMS 0x000000008f600000, 0x000000008f600000| Untracked 
| 247|0x000000008f700000, 0x000000008f700000, 0x000000008f800000|  0%| F|  |TAMS 0x000000008f700000, 0x000000008f700000| Untracked 
| 248|0x000000008f800000, 0x000000008f800000, 0x000000008f900000|  0%| F|  |TAMS 0x000000008f800000, 0x000000008f800000| Untracked 
| 249|0x000000008f900000, 0x000000008f900000, 0x000000008fa00000|  0%| F|  |TAMS 0x000000008f900000, 0x000000008f900000| Untracked 
| 250|0x000000008fa00000, 0x000000008fa00000, 0x000000008fb00000|  0%| F|  |TAMS 0x000000008fa00000, 0x000000008fa00000| Untracked 
| 251|0x000000008fb00000, 0x000000008fb00000, 0x000000008fc00000|  0%| F|  |TAMS 0x000000008fb00000, 0x000000008fb00000| Untracked 
| 252|0x000000008fc00000, 0x000000008fc00000, 0x000000008fd00000|  0%| F|  |TAMS 0x000000008fc00000, 0x000000008fc00000| Untracked 
| 253|0x000000008fd00000, 0x000000008fd00000, 0x000000008fe00000|  0%| F|  |TAMS 0x000000008fd00000, 0x000000008fd00000| Untracked 
| 254|0x000000008fe00000, 0x000000008fe00000, 0x000000008ff00000|  0%| F|  |TAMS 0x000000008fe00000, 0x000000008fe00000| Untracked 
| 255|0x000000008ff00000, 0x000000008ff00000, 0x0000000090000000|  0%| F|  |TAMS 0x000000008ff00000, 0x000000008ff00000| Untracked 
| 256|0x0000000090000000, 0x0000000090000000, 0x0000000090100000|  0%| F|  |TAMS 0x0000000090000000, 0x0000000090000000| Untracked 
| 257|0x0000000090100000, 0x0000000090100000, 0x0000000090200000|  0%| F|  |TAMS 0x0000000090100000, 0x0000000090100000| Untracked 
| 258|0x0000000090200000, 0x0000000090200000, 0x0000000090300000|  0%| F|  |TAMS 0x0000000090200000, 0x0000000090200000| Untracked 
| 259|0x0000000090300000, 0x0000000090300000, 0x0000000090400000|  0%| F|  |TAMS 0x0000000090300000, 0x0000000090300000| Untracked 
| 260|0x0000000090400000, 0x0000000090400000, 0x0000000090500000|  0%| F|  |TAMS 0x0000000090400000, 0x0000000090400000| Untracked 
| 261|0x0000000090500000, 0x0000000090500000, 0x0000000090600000|  0%| F|  |TAMS 0x0000000090500000, 0x0000000090500000| Untracked 
| 262|0x0000000090600000, 0x0000000090600000, 0x0000000090700000|  0%| F|  |TAMS 0x0000000090600000, 0x0000000090600000| Untracked 
| 263|0x0000000090700000, 0x0000000090700000, 0x0000000090800000|  0%| F|  |TAMS 0x0000000090700000, 0x0000000090700000| Untracked 
| 264|0x0000000090800000, 0x0000000090800000, 0x0000000090900000|  0%| F|  |TAMS 0x0000000090800000, 0x0000000090800000| Untracked 
| 265|0x0000000090900000, 0x0000000090900000, 0x0000000090a00000|  0%| F|  |TAMS 0x0000000090900000, 0x0000000090900000| Untracked 
| 266|0x0000000090a00000, 0x0000000090a00000, 0x0000000090b00000|  0%| F|  |TAMS 0x0000000090a00000, 0x0000000090a00000| Untracked 
| 267|0x0000000090b00000, 0x0000000090b00000, 0x0000000090c00000|  0%| F|  |TAMS 0x0000000090b00000, 0x0000000090b00000| Untracked 
| 268|0x0000000090c00000, 0x0000000090c00000, 0x0000000090d00000|  0%| F|  |TAMS 0x0000000090c00000, 0x0000000090c00000| Untracked 
| 269|0x0000000090d00000, 0x0000000090d00000, 0x0000000090e00000|  0%| F|  |TAMS 0x0000000090d00000, 0x0000000090d00000| Untracked 
| 270|0x0000000090e00000, 0x0000000090e00000, 0x0000000090f00000|  0%| F|  |TAMS 0x0000000090e00000, 0x0000000090e00000| Untracked 
| 271|0x0000000090f00000, 0x0000000090f00000, 0x0000000091000000|  0%| F|  |TAMS 0x0000000090f00000, 0x0000000090f00000| Untracked 
| 272|0x0000000091000000, 0x0000000091000000, 0x0000000091100000|  0%| F|  |TAMS 0x0000000091000000, 0x0000000091000000| Untracked 
| 273|0x0000000091100000, 0x0000000091100000, 0x0000000091200000|  0%| F|  |TAMS 0x0000000091100000, 0x0000000091100000| Untracked 
| 274|0x0000000091200000, 0x0000000091200000, 0x0000000091300000|  0%| F|  |TAMS 0x0000000091200000, 0x0000000091200000| Untracked 
| 275|0x0000000091300000, 0x0000000091300000, 0x0000000091400000|  0%| F|  |TAMS 0x0000000091300000, 0x0000000091300000| Untracked 
| 276|0x0000000091400000, 0x0000000091400000, 0x0000000091500000|  0%| F|  |TAMS 0x0000000091400000, 0x0000000091400000| Untracked 
| 277|0x0000000091500000, 0x0000000091500000, 0x0000000091600000|  0%| F|  |TAMS 0x0000000091500000, 0x0000000091500000| Untracked 
| 278|0x0000000091600000, 0x0000000091600000, 0x0000000091700000|  0%| F|  |TAMS 0x0000000091600000, 0x0000000091600000| Untracked 
| 279|0x0000000091700000, 0x0000000091700000, 0x0000000091800000|  0%| F|  |TAMS 0x0000000091700000, 0x0000000091700000| Untracked 
| 280|0x0000000091800000, 0x0000000091800000, 0x0000000091900000|  0%| F|  |TAMS 0x0000000091800000, 0x0000000091800000| Untracked 
| 281|0x0000000091900000, 0x0000000091900000, 0x0000000091a00000|  0%| F|  |TAMS 0x0000000091900000, 0x0000000091900000| Untracked 
| 282|0x0000000091a00000, 0x0000000091a00000, 0x0000000091b00000|  0%| F|  |TAMS 0x0000000091a00000, 0x0000000091a00000| Untracked 
| 283|0x0000000091b00000, 0x0000000091b00000, 0x0000000091c00000|  0%| F|  |TAMS 0x0000000091b00000, 0x0000000091b00000| Untracked 
| 284|0x0000000091c00000, 0x0000000091c00000, 0x0000000091d00000|  0%| F|  |TAMS 0x0000000091c00000, 0x0000000091c00000| Untracked 
| 285|0x0000000091d00000, 0x0000000091d00000, 0x0000000091e00000|  0%| F|  |TAMS 0x0000000091d00000, 0x0000000091d00000| Untracked 
| 286|0x0000000091e00000, 0x0000000091e00000, 0x0000000091f00000|  0%| F|  |TAMS 0x0000000091e00000, 0x0000000091e00000| Untracked 
| 287|0x0000000091f00000, 0x0000000091f00000, 0x0000000092000000|  0%| F|  |TAMS 0x0000000091f00000, 0x0000000091f00000| Untracked 
| 288|0x0000000092000000, 0x0000000092000000, 0x0000000092100000|  0%| F|  |TAMS 0x0000000092000000, 0x0000000092000000| Untracked 
| 289|0x0000000092100000, 0x0000000092100000, 0x0000000092200000|  0%| F|  |TAMS 0x0000000092100000, 0x0000000092100000| Untracked 
| 290|0x0000000092200000, 0x0000000092200000, 0x0000000092300000|  0%| F|  |TAMS 0x0000000092200000, 0x0000000092200000| Untracked 
| 291|0x0000000092300000, 0x0000000092300000, 0x0000000092400000|  0%| F|  |TAMS 0x0000000092300000, 0x0000000092300000| Untracked 
| 292|0x0000000092400000, 0x00000000924159c0, 0x0000000092500000|  8%| E|  |TAMS 0x0000000092400000, 0x0000000092400000| Complete 
| 293|0x0000000092500000, 0x0000000092600000, 0x0000000092600000|100%| E|CS|TAMS 0x0000000092500000, 0x0000000092500000| Complete 
| 294|0x0000000092600000, 0x0000000092700000, 0x0000000092700000|100%| E|CS|TAMS 0x0000000092600000, 0x0000000092600000| Complete 
| 295|0x0000000092700000, 0x0000000092800000, 0x0000000092800000|100%| E|CS|TAMS 0x0000000092700000, 0x0000000092700000| Complete 
| 296|0x0000000092800000, 0x0000000092900000, 0x0000000092900000|100%| E|CS|TAMS 0x0000000092800000, 0x0000000092800000| Complete 
| 297|0x0000000092900000, 0x0000000092a00000, 0x0000000092a00000|100%| E|CS|TAMS 0x0000000092900000, 0x0000000092900000| Complete 
| 298|0x0000000092a00000, 0x0000000092b00000, 0x0000000092b00000|100%| E|CS|TAMS 0x0000000092a00000, 0x0000000092a00000| Complete 
| 299|0x0000000092b00000, 0x0000000092c00000, 0x0000000092c00000|100%| E|CS|TAMS 0x0000000092b00000, 0x0000000092b00000| Complete 
| 300|0x0000000092c00000, 0x0000000092d00000, 0x0000000092d00000|100%| E|CS|TAMS 0x0000000092c00000, 0x0000000092c00000| Complete 
| 301|0x0000000092d00000, 0x0000000092e00000, 0x0000000092e00000|100%| E|CS|TAMS 0x0000000092d00000, 0x0000000092d00000| Complete 
| 302|0x0000000092e00000, 0x0000000092f00000, 0x0000000092f00000|100%| E|CS|TAMS 0x0000000092e00000, 0x0000000092e00000| Complete 
| 303|0x0000000092f00000, 0x0000000093000000, 0x0000000093000000|100%| E|CS|TAMS 0x0000000092f00000, 0x0000000092f00000| Complete 
| 304|0x0000000093000000, 0x0000000093100000, 0x0000000093100000|100%| E|CS|TAMS 0x0000000093000000, 0x0000000093000000| Complete 
| 305|0x0000000093100000, 0x0000000093200000, 0x0000000093200000|100%| E|CS|TAMS 0x0000000093100000, 0x0000000093100000| Complete 
| 306|0x0000000093200000, 0x0000000093300000, 0x0000000093300000|100%| E|CS|TAMS 0x0000000093200000, 0x0000000093200000| Complete 
| 307|0x0000000093300000, 0x0000000093400000, 0x0000000093400000|100%| E|CS|TAMS 0x0000000093300000, 0x0000000093300000| Complete 
| 308|0x0000000093400000, 0x0000000093500000, 0x0000000093500000|100%| E|CS|TAMS 0x0000000093400000, 0x0000000093400000| Complete 
| 309|0x0000000093500000, 0x0000000093600000, 0x0000000093600000|100%| E|CS|TAMS 0x0000000093500000, 0x0000000093500000| Complete 

Card table byte_map: [0x00000189a1810000,0x00000189a1c10000] _byte_map_base: 0x00000189a1410000

Marking Bits (Prev, Next): (CMBitMap*) 0x000001898d169b70, (CMBitMap*) 0x000001898d169bb0
 Prev Bits: [0x00000189a2010000, 0x00000189a4010000)
 Next Bits: [0x00000189a4010000, 0x00000189a6010000)

Polling page: 0x000001898d1e0000

Metaspace:

Usage:
  Non-class:     73.99 MB used.
      Class:     11.27 MB used.
       Both:     85.26 MB used.

Virtual space:
  Non-class space:       80.00 MB reserved,      74.31 MB ( 93%) committed,  10 nodes.
      Class space:        1.00 GB reserved,      11.56 MB (  1%) committed,  1 nodes.
             Both:        1.08 GB reserved,      85.88 MB (  8%) committed. 

Chunk freelists:
   Non-Class:  1.56 MB
       Class:  432.00 KB
        Both:  1.98 MB

MaxMetaspaceSize: unlimited
CompressedClassSpaceSize: 1.00 GB
Initial GC threshold: 21.00 MB
Current GC threshold: 136.81 MB
CDS: off
MetaspaceReclaimPolicy: balanced
 - commit_granule_bytes: 65536.
 - commit_granule_words: 8192.
 - virtual_space_node_default_size: 1048576.
 - enlarge_chunks_in_place: 1.
 - new_chunks_are_fully_committed: 0.
 - uncommit_free_chunks: 1.
 - use_allocation_guard: 0.
 - handle_deallocations: 1.


Internal statistics:

num_allocs_failed_limit: 3.
num_arena_births: 710.
num_arena_deaths: 0.
num_vsnodes_births: 11.
num_vsnodes_deaths: 0.
num_space_committed: 1372.
num_space_uncommitted: 0.
num_chunks_returned_to_freelist: 3.
num_chunks_taken_from_freelist: 3500.
num_chunk_merges: 3.
num_chunk_splits: 2639.
num_chunks_enlarged: 2112.
num_purges: 0.
num_inconsistent_stats: 0.

CodeHeap 'non-profiled nmethods': size=120000Kb used=3256Kb max_used=3256Kb free=116744Kb
 bounds [0x00000189998b0000, 0x0000018999be0000, 0x00000189a0de0000]
CodeHeap 'profiled nmethods': size=120000Kb used=11995Kb max_used=11995Kb free=108005Kb
 bounds [0x0000018991de0000, 0x00000189929a0000, 0x0000018999310000]
CodeHeap 'non-nmethods': size=5760Kb used=2382Kb max_used=2406Kb free=3378Kb
 bounds [0x0000018999310000, 0x0000018999580000, 0x00000189998b0000]
 total_blobs=6733 nmethods=5815 adapters=831
 compilation: enabled
              stopped_count=0, restarted_count=0
 full_count=0

Compilation events (20 events):
Event: 47.203 Thread 0x00000189a900ac40 nmethod 6556 0x000001899298af10 code [0x000001899298b0c0, 0x000001899298b258]
Event: 47.204 Thread 0x00000189a900ac40 6558       1       org.jetbrains.kotlin.load.kotlin.JvmPackagePartSource::getClassName (5 bytes)
Event: 47.205 Thread 0x00000189a900ac40 nmethod 6558 0x0000018999bd9d10 code [0x0000018999bd9ea0, 0x0000018999bd9f78]
Event: 47.207 Thread 0x00000189a86966c0 nmethod 6525 0x0000018999bda010 code [0x0000018999bda340, 0x0000018999bdb350]
Event: 47.207 Thread 0x00000189a86966c0 6515   !   4       org.jetbrains.kotlin.metadata.ProtoBuf$Function::<init> (1410 bytes)
Event: 47.208 Thread 0x00000189a900ac40 6559       1       org.jetbrains.kotlin.load.kotlin.header.KotlinClassHeader::getMetadataVersion (5 bytes)
Event: 47.208 Thread 0x00000189a900ac40 nmethod 6559 0x0000018999bdc510 code [0x0000018999bdc6a0, 0x0000018999bdc778]
Event: 47.227 Thread 0x00000189a900ac40 6562       2       org.jetbrains.kotlin.metadata.ProtoBuf$Annotation$Argument$Value::writeTo (272 bytes)
Event: 47.230 Thread 0x00000189a900ac40 nmethod 6562 0x000001899298b310 code [0x000001899298b6a0, 0x000001899298c0f8]
Event: 47.250 Thread 0x00000189a900ac40 6563       2       org.jetbrains.kotlin.protobuf.AbstractParser::checkMessageInitialized (28 bytes)
Event: 47.251 Thread 0x00000189a900ac40 nmethod 6563 0x000001899298c910 code [0x000001899298cb00, 0x000001899298cea8]
Event: 47.272 Thread 0x00000189a900ac40 6565       2       org.jetbrains.kotlin.serialization.deserialization.descriptors.DeserializedMemberScope$OptimizedImplementation::<init> (881 bytes)
Event: 47.283 Thread 0x00000189a900ac40 nmethod 6565 0x000001899298d110 code [0x000001899298d820, 0x00000189929901a8]
Event: 47.290 Thread 0x00000189a900ac40 6566       1       org.jetbrains.kotlin.metadata.ProtoBuf$Property::getContextReceiverTypeIdList (5 bytes)
Event: 47.290 Thread 0x00000189a900ac40 nmethod 6566 0x0000018999bdc810 code [0x0000018999bdc9a0, 0x0000018999bdca78]
Event: 47.292 Thread 0x00000189a900ac40 6567       1       org.jetbrains.kotlin.serialization.deserialization.DeserializationComponents::getKotlinTypeChecker (5 bytes)
Event: 47.292 Thread 0x00000189a900ac40 nmethod 6567 0x0000018999bdcb10 code [0x0000018999bdcca0, 0x0000018999bdcd78]
Event: 47.292 Thread 0x00000189a900ac40 6568       1       kotlin.collections.EmptyMap::get (2 bytes)
Event: 47.293 Thread 0x00000189a900ac40 nmethod 6568 0x0000018999bdce10 code [0x0000018999bdcfa0, 0x0000018999bdd078]
Event: 47.293 Thread 0x00000189a900ac40 6570       1       org.jetbrains.kotlin.metadata.ProtoBuf$Type::getClassName (5 bytes)

GC Heap History (20 events):
Event: 38.068 GC heap before
{Heap before GC invocations=29 (full 0):
 garbage-first heap   total 122880K, used 102870K [0x0000000080000000, 0x0000000100000000)
  region size 1024K, 29 young (29696K), 2 survivors (2048K)
 Metaspace       used 62326K, committed 62912K, reserved 1105920K
  class space    used 8660K, committed 8960K, reserved 1048576K
}
Event: 38.090 GC heap after
{Heap after GC invocations=30 (full 0):
 garbage-first heap   total 122880K, used 80691K [0x0000000080000000, 0x0000000100000000)
  region size 1024K, 4 young (4096K), 4 survivors (4096K)
 Metaspace       used 62326K, committed 62912K, reserved 1105920K
  class space    used 8660K, committed 8960K, reserved 1048576K
}
Event: 38.250 GC heap before
{Heap before GC invocations=30 (full 0):
 garbage-first heap   total 122880K, used 82739K [0x0000000080000000, 0x0000000100000000)
  region size 1024K, 6 young (6144K), 4 survivors (4096K)
 Metaspace       used 63284K, committed 63872K, reserved 1105920K
  class space    used 8755K, committed 9024K, reserved 1048576K
}
Event: 38.266 GC heap after
{Heap after GC invocations=31 (full 0):
 garbage-first heap   total 147456K, used 80753K [0x0000000080000000, 0x0000000100000000)
  region size 1024K, 1 young (1024K), 1 survivors (1024K)
 Metaspace       used 63284K, committed 63872K, reserved 1105920K
  class space    used 8755K, committed 9024K, reserved 1048576K
}
Event: 40.293 GC heap before
{Heap before GC invocations=31 (full 0):
 garbage-first heap   total 147456K, used 122737K [0x0000000080000000, 0x0000000100000000)
  region size 1024K, 36 young (36864K), 1 survivors (1024K)
 Metaspace       used 68681K, committed 69312K, reserved 1114112K
  class space    used 9453K, committed 9728K, reserved 1048576K
}
Event: 40.300 GC heap after
{Heap after GC invocations=32 (full 0):
 garbage-first heap   total 147456K, used 89349K [0x0000000080000000, 0x0000000100000000)
  region size 1024K, 4 young (4096K), 4 survivors (4096K)
 Metaspace       used 68681K, committed 69312K, reserved 1114112K
  class space    used 9453K, committed 9728K, reserved 1048576K
}
Event: 41.043 GC heap before
{Heap before GC invocations=33 (full 0):
 garbage-first heap   total 167936K, used 118021K [0x0000000080000000, 0x0000000100000000)
  region size 1024K, 32 young (32768K), 4 survivors (4096K)
 Metaspace       used 68919K, committed 69568K, reserved 1114112K
  class space    used 9483K, committed 9792K, reserved 1048576K
}
Event: 41.068 GC heap after
{Heap after GC invocations=34 (full 0):
 garbage-first heap   total 167936K, used 90637K [0x0000000080000000, 0x0000000100000000)
  region size 1024K, 4 young (4096K), 4 survivors (4096K)
 Metaspace       used 68919K, committed 69568K, reserved 1114112K
  class space    used 9483K, committed 9792K, reserved 1048576K
}
Event: 41.193 GC heap before
{Heap before GC invocations=34 (full 0):
 garbage-first heap   total 167936K, used 94733K [0x0000000080000000, 0x0000000100000000)
  region size 1024K, 8 young (8192K), 4 survivors (4096K)
 Metaspace       used 68993K, committed 69632K, reserved 1114112K
  class space    used 9486K, committed 9792K, reserved 1048576K
}
Event: 41.211 GC heap after
{Heap after GC invocations=35 (full 0):
 garbage-first heap   total 167936K, used 91095K [0x0000000080000000, 0x0000000100000000)
  region size 1024K, 1 young (1024K), 1 survivors (1024K)
 Metaspace       used 68993K, committed 69632K, reserved 1114112K
  class space    used 9486K, committed 9792K, reserved 1048576K
}
Event: 43.146 GC heap before
{Heap before GC invocations=35 (full 0):
 garbage-first heap   total 167936K, used 136151K [0x0000000080000000, 0x0000000100000000)
  region size 1024K, 39 young (39936K), 1 survivors (1024K)
 Metaspace       used 73864K, committed 74432K, reserved 1114112K
  class space    used 10052K, committed 10304K, reserved 1048576K
}
Event: 43.155 GC heap after
{Heap after GC invocations=36 (full 0):
 garbage-first heap   total 167936K, used 99832K [0x0000000080000000, 0x0000000100000000)
  region size 1024K, 4 young (4096K), 4 survivors (4096K)
 Metaspace       used 73864K, committed 74432K, reserved 1114112K
  class space    used 10052K, committed 10304K, reserved 1048576K
}
Event: 44.218 GC heap before
{Heap before GC invocations=36 (full 0):
 garbage-first heap   total 167936K, used 133624K [0x0000000080000000, 0x0000000100000000)
  region size 1024K, 37 young (37888K), 4 survivors (4096K)
 Metaspace       used 78649K, committed 79296K, reserved 1122304K
  class space    used 10470K, committed 10752K, reserved 1048576K
}
Event: 44.228 GC heap after
{Heap after GC invocations=37 (full 0):
 garbage-first heap   total 167936K, used 103223K [0x0000000080000000, 0x0000000100000000)
  region size 1024K, 3 young (3072K), 3 survivors (3072K)
 Metaspace       used 78649K, committed 79296K, reserved 1122304K
  class space    used 10470K, committed 10752K, reserved 1048576K
}
Event: 45.758 GC heap before
{Heap before GC invocations=37 (full 0):
 garbage-first heap   total 167936K, used 135991K [0x0000000080000000, 0x0000000100000000)
  region size 1024K, 35 young (35840K), 3 survivors (3072K)
 Metaspace       used 82769K, committed 83392K, reserved 1122304K
  class space    used 10968K, committed 11264K, reserved 1048576K
}
Event: 45.767 GC heap after
{Heap after GC invocations=38 (full 0):
 garbage-first heap   total 167936K, used 104938K [0x0000000080000000, 0x0000000100000000)
  region size 1024K, 2 young (2048K), 2 survivors (2048K)
 Metaspace       used 82769K, committed 83392K, reserved 1122304K
  class space    used 10968K, committed 11264K, reserved 1048576K
}
Event: 47.044 GC heap before
{Heap before GC invocations=39 (full 0):
 garbage-first heap   total 183296K, used 137706K [0x0000000080000000, 0x0000000100000000)
  region size 1024K, 34 young (34816K), 2 survivors (2048K)
 Metaspace       used 87084K, committed 87680K, reserved 1130496K
  class space    used 11529K, committed 11776K, reserved 1048576K
}
Event: 47.060 GC heap after
{Heap after GC invocations=40 (full 0):
 garbage-first heap   total 183296K, used 106688K [0x0000000080000000, 0x0000000100000000)
  region size 1024K, 5 young (5120K), 5 survivors (5120K)
 Metaspace       used 87084K, committed 87680K, reserved 1130496K
  class space    used 11529K, committed 11776K, reserved 1048576K
}
Event: 47.102 GC heap before
{Heap before GC invocations=40 (full 0):
 garbage-first heap   total 183296K, used 109760K [0x0000000080000000, 0x0000000100000000)
  region size 1024K, 8 young (8192K), 5 survivors (5120K)
 Metaspace       used 87110K, committed 87744K, reserved 1130496K
  class space    used 11529K, committed 11776K, reserved 1048576K
}
Event: 47.114 GC heap after
{Heap after GC invocations=41 (full 0):
 garbage-first heap   total 317440K, used 106419K [0x0000000080000000, 0x0000000100000000)
  region size 1024K, 1 young (1024K), 1 survivors (1024K)
 Metaspace       used 87110K, committed 87744K, reserved 1130496K
  class space    used 11529K, committed 11776K, reserved 1048576K
}

Dll operation events (2 events):
Event: 0.021 Loaded shared library C:\Program Files\Android\Android Studio\jbr\bin\java.dll
Event: 1.820 Loaded shared library C:\Program Files\Android\Android Studio\jbr\bin\verify.dll

Deoptimization events (20 events):
Event: 45.266 Thread 0x00000189ab66c2b0 Uncommon trap: trap_request=0xffffffde fr.pc=0x00000189999b2640 relative=0x0000000000000900
Event: 45.266 Thread 0x00000189ab66c2b0 Uncommon trap: reason=class_check action=maybe_recompile pc=0x00000189999b2640 method=org.jetbrains.kotlin.protobuf.FieldSet.isInitialized(Ljava/util/Map$Entry;)Z @ 92 c2
Event: 45.266 Thread 0x00000189ab66c2b0 DEOPT PACKING pc=0x00000189999b2640 sp=0x00000017ff0f49c0
Event: 45.266 Thread 0x00000189ab66c2b0 DEOPT UNPACKING pc=0x00000189993669a3 sp=0x00000017ff0f48e8 mode 2
Event: 45.356 Thread 0x00000189ab66c2b0 Uncommon trap: trap_request=0xffffffde fr.pc=0x00000189999b2640 relative=0x0000000000000900
Event: 45.356 Thread 0x00000189ab66c2b0 Uncommon trap: reason=class_check action=maybe_recompile pc=0x00000189999b2640 method=org.jetbrains.kotlin.protobuf.FieldSet.isInitialized(Ljava/util/Map$Entry;)Z @ 92 c2
Event: 45.356 Thread 0x00000189ab66c2b0 DEOPT PACKING pc=0x00000189999b2640 sp=0x00000017ff0f49c0
Event: 45.356 Thread 0x00000189ab66c2b0 DEOPT UNPACKING pc=0x00000189993669a3 sp=0x00000017ff0f48e8 mode 2
Event: 45.737 Thread 0x00000189ab66c2b0 DEOPT PACKING pc=0x0000018992868d44 sp=0x00000017ff0f4120
Event: 45.737 Thread 0x00000189ab66c2b0 DEOPT UNPACKING pc=0x0000018999367143 sp=0x00000017ff0f36f0 mode 0
Event: 45.785 Thread 0x00000189ab66c2b0 Uncommon trap: trap_request=0xffffff45 fr.pc=0x00000189999e084c relative=0x000000000000004c
Event: 45.785 Thread 0x00000189ab66c2b0 Uncommon trap: reason=unstable_if action=reinterpret pc=0x00000189999e084c method=org.jetbrains.kotlin.protobuf.CodedOutputStream.computeRawVarint32Size(I)I @ 14 c2
Event: 45.785 Thread 0x00000189ab66c2b0 DEOPT PACKING pc=0x00000189999e084c sp=0x00000017ff0f4530
Event: 45.785 Thread 0x00000189ab66c2b0 DEOPT UNPACKING pc=0x00000189993669a3 sp=0x00000017ff0f44c8 mode 2
Event: 45.932 Thread 0x00000189ab66c2b0 DEOPT PACKING pc=0x000001899219e4d4 sp=0x00000017ff0f33d0
Event: 45.932 Thread 0x00000189ab66c2b0 DEOPT UNPACKING pc=0x0000018999367143 sp=0x00000017ff0f2928 mode 0
Event: 46.640 Thread 0x00000189ab66c2b0 Uncommon trap: trap_request=0xffffff45 fr.pc=0x00000189999db4e4 relative=0x00000000000000c4
Event: 46.640 Thread 0x00000189ab66c2b0 Uncommon trap: reason=unstable_if action=reinterpret pc=0x00000189999db4e4 method=java.text.StringCharacterIterator.current()C @ 19 c2
Event: 46.640 Thread 0x00000189ab66c2b0 DEOPT PACKING pc=0x00000189999db4e4 sp=0x00000017ff0f2870
Event: 46.640 Thread 0x00000189ab66c2b0 DEOPT UNPACKING pc=0x00000189993669a3 sp=0x00000017ff0f2808 mode 2

Classes unloaded (0 events):
No events

Classes redefined (0 events):
No events

Internal exceptions (20 events):
Event: 32.081 Thread 0x00000189ab66c2b0 Exception <a 'java/lang/NoSuchMethodError'{0x00000000856c7370}: 'int java.lang.invoke.DelegatingMethodHandle$Holder.reinvoke_L(java.lang.Object, java.lang.Object, java.lang.Object, long, long, long)'> (0x00000000856c7370) 
thrown [s\src\hotspot\share\interpreter\linkResolver.cpp, line 771]
Event: 32.083 Thread 0x00000189ab66c2b0 Exception <a 'java/lang/NoSuchMethodError'{0x00000000856d7248}: 'int java.lang.invoke.DelegatingMethodHandle$Holder.reinvoke_L(java.lang.Object, java.lang.Object, java.lang.Object, long, java.lang.Object, java.lang.Object)'> (0x00000000856d7248) 
thrown [s\src\hotspot\share\interpreter\linkResolver.cpp, line 771]
Event: 32.084 Thread 0x00000189ab66c2b0 Exception <a 'java/lang/NoSuchMethodError'{0x00000000856e6f68}: 'void java.lang.invoke.DelegatingMethodHandle$Holder.reinvoke_L(java.lang.Object, java.lang.Object, java.lang.Object, long, java.lang.Object)'> (0x00000000856e6f68) 
thrown [s\src\hotspot\share\interpreter\linkResolver.cpp, line 771]
Event: 32.086 Thread 0x00000189ab66c2b0 Exception <a 'java/lang/NoSuchMethodError'{0x00000000856ef5f0}: 'java.lang.Object java.lang.invoke.DirectMethodHandle$Holder.invokeSpecial(java.lang.Object, java.lang.Object, java.lang.Object, java.lang.Object, long)'> (0x00000000856ef5f0) 
thrown [s\src\hotspot\share\interpreter\linkResolver.cpp, line 771]
Event: 32.091 Thread 0x00000189ab66c2b0 Exception <a 'java/lang/NoSuchMethodError'{0x0000000085514570}: 'long java.lang.invoke.Invokers$Holder.invoke_MT(java.lang.Object, java.lang.Object, java.lang.Object, java.lang.Object)'> (0x0000000085514570) 
thrown [s\src\hotspot\share\interpreter\linkResolver.cpp, line 771]
Event: 32.092 Thread 0x00000189ab66c2b0 Exception <a 'java/lang/NoSuchMethodError'{0x000000008551d670}: 'int java.lang.invoke.Invokers$Holder.invoke_MT(java.lang.Object, java.lang.Object, java.lang.Object, java.lang.Object)'> (0x000000008551d670) 
thrown [s\src\hotspot\share\interpreter\linkResolver.cpp, line 771]
Event: 32.094 Thread 0x00000189ab66c2b0 Exception <a 'java/lang/NoSuchMethodError'{0x000000008552e6b8}: 'int java.lang.invoke.DelegatingMethodHandle$Holder.reinvoke_L(java.lang.Object, java.lang.Object, java.lang.Object, long, int)'> (0x000000008552e6b8) 
thrown [s\src\hotspot\share\interpreter\linkResolver.cpp, line 771]
Event: 32.096 Thread 0x00000189ab66c2b0 Exception <a 'java/lang/NoSuchMethodError'{0x0000000085541ac8}: 'java.lang.Object java.lang.invoke.Invokers$Holder.invokeExact_MT(java.lang.Object, java.lang.Object, long, java.lang.Object)'> (0x0000000085541ac8) 
thrown [s\src\hotspot\share\interpreter\linkResolver.cpp, line 771]
Event: 37.267 Thread 0x00000189ab66c2b0 Exception <a 'java/lang/NoSuchMethodError'{0x0000000086d763a8}: 'long java.lang.invoke.DirectMethodHandle$Holder.invokeStatic(java.lang.Object)'> (0x0000000086d763a8) 
thrown [s\src\hotspot\share\interpreter\linkResolver.cpp, line 771]
Event: 37.268 Thread 0x00000189ab66c2b0 Exception <a 'java/lang/NoSuchMethodError'{0x0000000086d7af90}: 'long java.lang.invoke.DirectMethodHandle$Holder.invokeStaticInit(java.lang.Object)'> (0x0000000086d7af90) 
thrown [s\src\hotspot\share\interpreter\linkResolver.cpp, line 771]
Event: 37.885 Thread 0x00000189ab66c2b0 Implicit null exception at 0x0000018999a95b8c to 0x0000018999a95cc2
Event: 39.242 Thread 0x00000189ab66c2b0 Exception <a 'java/lang/NoSuchMethodError'{0x000000008811de20}: 'void java.lang.invoke.DirectMethodHandle$Holder.invokeVirtual(java.lang.Object, java.lang.Object)'> (0x000000008811de20) 
thrown [s\src\hotspot\share\interpreter\linkResolver.cpp, line 771]
Event: 40.065 Thread 0x00000189ab66c2b0 Exception <a 'java/lang/NoSuchMethodError'{0x000000008725aa68}: 'java.lang.Object java.lang.invoke.Invokers$Holder.invoke_MT(java.lang.Object, java.lang.Object, java.lang.Object)'> (0x000000008725aa68) 
thrown [s\src\hotspot\share\interpreter\linkResolver.cpp, line 771]
Event: 40.796 Thread 0x00000189ab66c2b0 Implicit null exception at 0x0000018999915346 to 0x000001899991723c
Event: 40.796 Thread 0x00000189ab66c2b0 Implicit null exception at 0x000001899992acb6 to 0x000001899992b990
Event: 44.986 Thread 0x00000189ab66c2b0 Implicit null exception at 0x00000189999cdb93 to 0x00000189999cdcd0
Event: 46.466 Thread 0x00000189ab66c2b0 Exception <a 'java/lang/NoSuchMethodError'{0x000000008a7a4860}: 'java.lang.Object java.lang.invoke.DirectMethodHandle$Holder.invokeStatic(java.lang.Object, java.lang.Object, java.lang.Object, java.lang.Object, int)'> (0x000000008a7a4860) 
thrown [s\src\hotspot\share\interpreter\linkResolver.cpp, line 771]
Event: 46.467 Thread 0x00000189ab66c2b0 Exception <a 'java/lang/NoSuchMethodError'{0x000000008a7af990}: 'java.lang.Object java.lang.invoke.DirectMethodHandle$Holder.newInvokeSpecial(java.lang.Object, java.lang.Object, java.lang.Object, java.lang.Object, int)'> (0x000000008a7af990) 
thrown [s\src\hotspot\share\interpreter\linkResolver.cpp, line 771]
Event: 46.468 Thread 0x00000189ab66c2b0 Exception <a 'java/lang/NoSuchMethodError'{0x000000008a7b5a00}: 'java.lang.Object java.lang.invoke.DirectMethodHandle$Holder.invokeSpecial(java.lang.Object, java.lang.Object, java.lang.Object, java.lang.Object, java.lang.Object, int)'> (0x000000008a7b5a00) 
thrown [s\src\hotspot\share\interpreter\linkResolver.cpp, line 771]
Event: 46.469 Thread 0x00000189ab66c2b0 Exception <a 'java/lang/NoSuchMethodError'{0x000000008a7bb420}: 'java.lang.Object java.lang.invoke.Invokers$Holder.linkToTargetMethod(java.lang.Object, java.lang.Object, java.lang.Object, int, java.lang.Object)'> (0x000000008a7bb420) 
thrown [s\src\hotspot\share\interpreter\linkResolver.cpp, line 771]

VM Operations (20 events):
Event: 45.203 Executing VM operation: HandshakeAllThreads
Event: 45.203 Executing VM operation: HandshakeAllThreads done
Event: 45.735 Executing VM operation: HandshakeAllThreads
Event: 45.736 Executing VM operation: HandshakeAllThreads done
Event: 45.736 Executing VM operation: Cleanup
Event: 45.737 Executing VM operation: Cleanup done
Event: 45.758 Executing VM operation: G1CollectForAllocation
Event: 45.767 Executing VM operation: G1CollectForAllocation done
Event: 45.953 Executing VM operation: G1Concurrent
Event: 45.967 Executing VM operation: G1Concurrent done
Event: 46.057 Executing VM operation: G1Concurrent
Event: 46.057 Executing VM operation: G1Concurrent done
Event: 46.417 Executing VM operation: HandshakeAllThreads
Event: 46.417 Executing VM operation: HandshakeAllThreads done
Event: 46.423 Executing VM operation: HandshakeAllThreads
Event: 46.423 Executing VM operation: HandshakeAllThreads done
Event: 47.043 Executing VM operation: G1CollectForAllocation
Event: 47.060 Executing VM operation: G1CollectForAllocation done
Event: 47.102 Executing VM operation: G1CollectForAllocation
Event: 47.117 Executing VM operation: G1CollectForAllocation done

Events (20 events):
Event: 44.558 Thread 0x00000189ab8608a0 Thread exited: 0x00000189ab8608a0
Event: 44.886 loading class java/util/ArrayList$ListItr
Event: 44.886 loading class java/util/ArrayList$ListItr done
Event: 45.341 Thread 0x00000189ac0d22e0 Thread added: 0x00000189ac0d22e0
Event: 45.719 loading class java/text/StringCharacterIterator
Event: 45.719 loading class java/text/CharacterIterator
Event: 45.719 loading class java/text/CharacterIterator done
Event: 45.719 loading class java/text/StringCharacterIterator done
Event: 45.785 Thread 0x00000189ac0d22e0 Thread exited: 0x00000189ac0d22e0
Event: 45.800 loading class java/io/NotSerializableException
Event: 45.800 loading class java/io/NotSerializableException done
Event: 46.293 loading class java/util/function/IntUnaryOperator
Event: 46.293 loading class java/util/function/IntUnaryOperator done
Event: 46.421 loading class java/util/AbstractList$SubList
Event: 46.421 loading class java/util/AbstractList$SubList done
Event: 46.421 loading class java/util/AbstractList$SubList$1
Event: 46.421 loading class java/util/AbstractList$SubList$1 done
Event: 46.422 loading class java/util/AbstractList$ListItr
Event: 46.422 loading class java/util/AbstractList$ListItr done
Event: 46.553 Thread 0x00000189af271cc0 Thread added: 0x00000189af271cc0


Dynamic libraries:
0x00007ff6cfab0000 - 0x00007ff6cfaba000 	C:\Program Files\Android\Android Studio\jbr\bin\java.exe
0x00007ff9f7e30000 - 0x00007ff9f8025000 	C:\WINDOWS\SYSTEM32\ntdll.dll
0x00007ff9f6040000 - 0x00007ff9f60fd000 	C:\WINDOWS\System32\KERNEL32.DLL
0x00007ff9f5570000 - 0x00007ff9f5839000 	C:\WINDOWS\System32\KERNELBASE.dll
0x00007ff9f58a0000 - 0x00007ff9f59a0000 	C:\WINDOWS\System32\ucrtbase.dll
0x00007ff9e60f0000 - 0x00007ff9e610b000 	C:\Program Files\Android\Android Studio\jbr\bin\VCRUNTIME140.dll
0x00007ff9e8700000 - 0x00007ff9e8717000 	C:\Program Files\Android\Android Studio\jbr\bin\jli.dll
0x00007ff9f6310000 - 0x00007ff9f64b0000 	C:\WINDOWS\System32\USER32.dll
0x00007ff9f5c60000 - 0x00007ff9f5c82000 	C:\WINDOWS\System32\win32u.dll
0x00007ff9f64b0000 - 0x00007ff9f64da000 	C:\WINDOWS\System32\GDI32.dll
0x00007ff9e6e90000 - 0x00007ff9e712a000 	C:\WINDOWS\WinSxS\amd64_microsoft.windows.common-controls_6595b64144ccf1df_6.0.19041.844_none_ca00b6081b84eb1d\COMCTL32.dll
0x00007ff9f5ad0000 - 0x00007ff9f5bdb000 	C:\WINDOWS\System32\gdi32full.dll
0x00007ff9f5ef0000 - 0x00007ff9f5f8e000 	C:\WINDOWS\System32\msvcrt.dll
0x00007ff9f5df0000 - 0x00007ff9f5e8d000 	C:\WINDOWS\System32\msvcp_win.dll
0x00007ff9f6a30000 - 0x00007ff9f6a60000 	C:\WINDOWS\System32\IMM32.DLL
0x00007ff9f1fc0000 - 0x00007ff9f1fcc000 	C:\Program Files\Android\Android Studio\jbr\bin\vcruntime140_1.dll
0x00007ff9c97b0000 - 0x00007ff9c983d000 	C:\Program Files\Android\Android Studio\jbr\bin\msvcp140.dll
0x00007ff9b9ca0000 - 0x00007ff9ba90e000 	C:\Program Files\Android\Android Studio\jbr\bin\server\jvm.dll
0x00007ff9f5f90000 - 0x00007ff9f603c000 	C:\WINDOWS\System32\ADVAPI32.dll
0x00007ff9f71b0000 - 0x00007ff9f724c000 	C:\WINDOWS\System32\sechost.dll
0x00007ff9f7670000 - 0x00007ff9f779b000 	C:\WINDOWS\System32\RPCRT4.dll
0x00007ff9eed60000 - 0x00007ff9eed69000 	C:\WINDOWS\SYSTEM32\WSOCK32.dll
0x00007ff9ec7d0000 - 0x00007ff9ec7f7000 	C:\WINDOWS\SYSTEM32\WINMM.dll
0x00007ff9f7250000 - 0x00007ff9f72bb000 	C:\WINDOWS\System32\WS2_32.dll
0x00007ff9ec800000 - 0x00007ff9ec80a000 	C:\WINDOWS\SYSTEM32\VERSION.dll
0x00007ff9f3ea0000 - 0x00007ff9f3eb2000 	C:\WINDOWS\SYSTEM32\kernel.appcore.dll
0x00007ff9f2b50000 - 0x00007ff9f2b5a000 	C:\Program Files\Android\Android Studio\jbr\bin\jimage.dll
0x00007ff9e38c0000 - 0x00007ff9e3aa4000 	C:\WINDOWS\SYSTEM32\DBGHELP.DLL
0x00007ff9e3110000 - 0x00007ff9e313c000 	C:\WINDOWS\SYSTEM32\dbgcore.DLL
0x00007ff9f59a0000 - 0x00007ff9f5a20000 	C:\WINDOWS\System32\bcryptPrimitives.dll
0x00007ff9e8df0000 - 0x00007ff9e8e15000 	C:\Program Files\Android\Android Studio\jbr\bin\java.dll
0x00007ff9f1f60000 - 0x00007ff9f1f78000 	C:\Program Files\Android\Android Studio\jbr\bin\zip.dll
0x00007ff9f6a60000 - 0x00007ff9f71a2000 	C:\WINDOWS\System32\SHELL32.dll
0x00007ff9f3350000 - 0x00007ff9f3ae0000 	C:\WINDOWS\SYSTEM32\windows.storage.dll
0x00007ff9f7830000 - 0x00007ff9f7b85000 	C:\WINDOWS\System32\combase.dll
0x00007ff9f4f10000 - 0x00007ff9f4f3c000 	C:\WINDOWS\SYSTEM32\Wldp.dll
0x00007ff9f72c0000 - 0x00007ff9f736e000 	C:\WINDOWS\System32\SHCORE.dll
0x00007ff9f6100000 - 0x00007ff9f6155000 	C:\WINDOWS\System32\shlwapi.dll
0x00007ff9f54b0000 - 0x00007ff9f54cf000 	C:\WINDOWS\SYSTEM32\profapi.dll
0x00007ff9f1f00000 - 0x00007ff9f1f19000 	C:\Program Files\Android\Android Studio\jbr\bin\net.dll
0x00007ff9eac40000 - 0x00007ff9ead4c000 	C:\WINDOWS\SYSTEM32\WINHTTP.dll
0x00007ff9f4c90000 - 0x00007ff9f4cfa000 	C:\WINDOWS\system32\mswsock.dll
0x00007ff9ed7a0000 - 0x00007ff9ed7b6000 	C:\Program Files\Android\Android Studio\jbr\bin\nio.dll
0x00007ff9f1d00000 - 0x00007ff9f1d10000 	C:\Program Files\Android\Android Studio\jbr\bin\verify.dll
0x00007ff9df000000 - 0x00007ff9df027000 	C:\Gradle\gradle-6.7\native\68d5fa5c4cc2d200863cafc0d521ce42e7d3e7ee720ec0a83991735586a16f82\windows-amd64\native-platform.dll
0x00007ff9c2290000 - 0x00007ff9c23d4000 	C:\Gradle\gradle-6.7\native\e376f236ea51e6404a007f0833ffe2c6e607c4080706a723a18a27aeea778392\windows-amd64\native-platform-file-events.dll
0x00007ff9f14c0000 - 0x00007ff9f14c9000 	C:\Program Files\Android\Android Studio\jbr\bin\management.dll
0x00007ff9f11c0000 - 0x00007ff9f11cb000 	C:\Program Files\Android\Android Studio\jbr\bin\management_ext.dll
0x00007ff9f7370000 - 0x00007ff9f7378000 	C:\WINDOWS\System32\PSAPI.DLL
0x00007ff9f4e60000 - 0x00007ff9f4e78000 	C:\WINDOWS\SYSTEM32\CRYPTSP.dll
0x00007ff9f4630000 - 0x00007ff9f4664000 	C:\WINDOWS\system32\rsaenh.dll
0x00007ff9f5be0000 - 0x00007ff9f5c07000 	C:\WINDOWS\System32\bcrypt.dll
0x00007ff9f5430000 - 0x00007ff9f545e000 	C:\WINDOWS\SYSTEM32\USERENV.dll
0x00007ff9f4e80000 - 0x00007ff9f4e8c000 	C:\WINDOWS\SYSTEM32\CRYPTBASE.dll
0x00007ff9f4980000 - 0x00007ff9f49bb000 	C:\WINDOWS\SYSTEM32\IPHLPAPI.DLL
0x00007ff9f6300000 - 0x00007ff9f6308000 	C:\WINDOWS\System32\NSI.dll
0x00007ff9eb110000 - 0x00007ff9eb127000 	C:\WINDOWS\SYSTEM32\dhcpcsvc6.DLL
0x00007ff9eb370000 - 0x00007ff9eb38d000 	C:\WINDOWS\SYSTEM32\dhcpcsvc.DLL
0x00007ff9f49c0000 - 0x00007ff9f4a8b000 	C:\WINDOWS\SYSTEM32\DNSAPI.dll
0x00007ff9f10e0000 - 0x00007ff9f10e7000 	C:\WINDOWS\system32\wshunix.dll

dbghelp: loaded successfully - version: 4.0.5 - missing functions: none
symbol engine: initialized successfully - sym options: 0x614 - pdb path: .;C:\Program Files\Android\Android Studio\jbr\bin;C:\WINDOWS\SYSTEM32;C:\WINDOWS\WinSxS\amd64_microsoft.windows.common-controls_6595b64144ccf1df_6.0.19041.844_none_ca00b6081b84eb1d;C:\Program Files\Android\Android Studio\jbr\bin\server;C:\Gradle\gradle-6.7\native\68d5fa5c4cc2d200863cafc0d521ce42e7d3e7ee720ec0a83991735586a16f82\windows-amd64;C:\Gradle\gradle-6.7\native\e376f236ea51e6404a007f0833ffe2c6e607c4080706a723a18a27aeea778392\windows-amd64

VM Arguments:
jvm_args: --add-opens=java.base/java.util=ALL-UNNAMED --add-opens=java.base/java.lang=ALL-UNNAMED --add-opens=java.base/java.lang.invoke=ALL-UNNAMED --add-opens=java.prefs/java.util.prefs=ALL-UNNAMED --add-opens=java.base/java.nio.charset=ALL-UNNAMED --add-opens=java.base/java.net=ALL-UNNAMED --add-opens=java.base/java.util.concurrent.atomic=ALL-UNNAMED -Xmx2048m -Dfile.encoding=UTF-8 -Duser.country=ES -Duser.language=es -Duser.variant 
java_command: org.gradle.launcher.daemon.bootstrap.GradleDaemon 8.0
java_class_path (initial): C:\Gradle\gradle-6.7\wrapper\dists\gradle-8.0-bin\ca5e32bp14vu59qr306oxotwh\gradle-8.0\lib\gradle-launcher-8.0.jar
Launcher Type: SUN_STANDARD

[Global flags]
     intx CICompilerCount                          = 3                                         {product} {ergonomic}
     uint ConcGCThreads                            = 1                                         {product} {ergonomic}
     uint G1ConcRefinementThreads                  = 4                                         {product} {ergonomic}
   size_t G1HeapRegionSize                         = 1048576                                   {product} {ergonomic}
    uintx GCDrainStackTargetSize                   = 64                                        {product} {ergonomic}
   size_t InitialHeapSize                          = 121634816                                 {product} {ergonomic}
   size_t MarkStackSize                            = 4194304                                   {product} {ergonomic}
   size_t MaxHeapSize                              = 2147483648                                {product} {command line}
   size_t MaxNewSize                               = 1287651328                                {product} {ergonomic}
   size_t MinHeapDeltaBytes                        = 1048576                                   {product} {ergonomic}
   size_t MinHeapSize                              = 8388608                                   {product} {ergonomic}
    uintx NonNMethodCodeHeapSize                   = 5832780                                {pd product} {ergonomic}
    uintx NonProfiledCodeHeapSize                  = 122912730                              {pd product} {ergonomic}
    uintx ProfiledCodeHeapSize                     = 122912730                              {pd product} {ergonomic}
    uintx ReservedCodeCacheSize                    = 251658240                              {pd product} {ergonomic}
     bool SegmentedCodeCache                       = true                                      {product} {ergonomic}
   size_t SoftMaxHeapSize                          = 2147483648                             {manageable} {ergonomic}
     bool UseCompressedClassPointers               = true                           {product lp64_product} {ergonomic}
     bool UseCompressedOops                        = true                           {product lp64_product} {ergonomic}
     bool UseG1GC                                  = true                                      {product} {ergonomic}
     bool UseLargePagesIndividualAllocation        = false                                  {pd product} {ergonomic}

Logging:
Log output configuration:
 #0: stdout all=warning uptime,level,tags
 #1: stderr all=off uptime,level,tags

Environment Variables:
JAVA_HOME=C:\Program Files\Android\Android Studio\jbr
PATH=C:\Program Files\Common Files\Oracle\Java\javapath;C:\Program Files\Microsoft MPI\Bin\;C:\oraclexe\app\oracle\product\11.2.0\server\bin;C:\WINDOWS\system32;C:\WINDOWS;C:\WINDOWS\System32\Wbem;C:\WINDOWS\System32\WindowsPowerShell\v1.0\;C:\WINDOWS\System32\OpenSSH\;c:\Program Files (x86)\AMD\ATI.ACE\Core-Static;c:\Program Files\Intel\WiFi\bin\;c:\Program Files\Common Files\Intel\WirelessCommon\;C:\xampp\php;C:\composer;C:\Program Files\Java\jdk1.8.0_191\bin;C:\Program Files\dotnet\;C:\Program Files\Microsoft SQL Server\130\Tools\Binn\;C:\Program Files\Microsoft SQL Server\Client SDK\ODBC\170\Tools\Binn\;C:\Program Files (x86)\Microsoft SQL Server\Client SDK\ODBC\130\Tools\Binn\;C:\Program Files (x86)\Microsoft SQL Server\140\Tools\Binn\;C:\Program Files (x86)\Microsoft SQL Server\140\DTS\Binn\;C:\Program Files (x86)\Microsoft SQL Server\140\Tools\Binn\ManagementStudio\;C:\Program Files\Microsoft SQL Server\140\Tools\Binn\;C:\Program Files\Microsoft SQL Server\140\DTS\Binn\;C:\Program Files\Microsoft SQL Server\Client SDK\ODBC\130\Tools\Binn\;C:\Program Files\Common Files\Autodesk Shared\;C:\Program Files\Git\cmd;C:\Users\juan manuel\AppData\Local\Programs\Python\Python37\Scripts\;C:\Users\juan manuel\AppData\Local\Programs\Python\Python37\;C:\Users\juan manuel\AppData\Local\Microsoft\WindowsApps;c:\Program Files\Intel\WiFi\bin\;c:\Program Files\Common Files\Intel\WirelessCommon\;C:\Users\juan manuel\AppData\Local\GitHubDesktop\bin;C:\Users\juan manuel\AppData\Roaming\Composer\vendor\bin;C:\Users\juan manuel\AppData\Local\Programs\Microsoft VS Code\bin;C:\Users\juan manuel\AppData\Local\Microsoft\WindowsApps;C:\src\flutter\bin;
USERNAME=juan manuel
OS=Windows_NT
PROCESSOR_IDENTIFIER=AMD64 Family 21 Model 19 Stepping 1, AuthenticAMD
TMP=C:\Users\JUANMA~1\AppData\Local\Temp
TEMP=C:\Users\JUANMA~1\AppData\Local\Temp


JNI global refs:
JNI global refs: 25, weak refs: 15

JNI global refs memory usage: 843, weak refs: 841


---------------  S Y S T E M  ---------------

OS:
 Windows 10 , 64 bit Build 19041 (10.0.19041.804)
OS uptime: 25 days 16:18 hours

CPU: total 4 (initial active 4) (4 cores per cpu, 1 threads per core) family 21 model 19 stepping 1 microcode 0x0, cx8, cmov, fxsr, mmx, 3dnowpref, sse, sse2, sse3, ssse3, sse4a, sse4.1, sse4.2, popcnt, lzcnt, tsc, tscinvbit, avx, aes, clmul, bmi1, fma, vzeroupper, clflush

Memory: 4k page, system-wide physical 7364M (1739M free)
TotalPageFile size 11000M (AvailPageFile size 5M)
current process WorkingSet (physical memory assigned to process): 408M, peak: 408M
current process commit charge ("private bytes"): 555M, peak: 555M

vm_info: OpenJDK 64-Bit Server VM (17.0.6+0-b2043.56-10027231) for windows-amd64 JRE (17.0.6+0-b2043.56-10027231), built on Apr 28 2023 00:43:19 by "androidbuild" with MS VC++ 16.10 / 16.11 (VS2019)

END.
