#
# There is insufficient memory for the Java Runtime Environment to continue.
# Native memory allocation (mmap) failed to map 236978176 bytes for G1 virtual space
# Possible reasons:
#   The system is out of physical RAM or swap space
#   The process is running with CompressedOops enabled, and the Java Heap may be blocking the growth of the native heap
# Possible solutions:
#   Reduce memory load on the system
#   Increase physical memory or swap space
#   Check if swap backing store is full
#   Decrease Java heap size (-Xmx/-Xms)
#   Decrease number of Java threads
#   Decrease Java thread stack sizes (-Xss)
#   Set larger code cache with -XX:ReservedCodeCacheSize=
#   JVM is running with Unscaled Compressed Oops mode in which the Java heap is
#     placed in the first 4GB address space. The Java Heap base address is the
#     maximum limit for the native heap growth. Please use -XX:HeapBaseMinAddress
#     to set the Java Heap base and to place the Java Heap above 4GB virtual address.
# This output file may be truncated or incomplete.
#
#  Out of Memory Error (os_windows.cpp:3769), pid=24468, tid=20192
#
# JRE version: OpenJDK Runtime Environment (17.0.6) (build 17.0.6+0-b2043.56-10027231)
# Java VM: OpenJDK 64-Bit Server VM (17.0.6+0-b2043.56-10027231, mixed mode, tiered, compressed oops, compressed class ptrs, g1 gc, windows-amd64)
# No core dump will be written. Minidumps are not enabled by default on client versions of Windows
#

---------------  S U M M A R Y ------------

Command Line: --add-opens=java.base/java.util=ALL-UNNAMED --add-opens=java.base/java.lang=ALL-UNNAMED --add-opens=java.base/java.lang.invoke=ALL-UNNAMED --add-opens=java.prefs/java.util.prefs=ALL-UNNAMED --add-opens=java.base/java.nio.charset=ALL-UNNAMED --add-opens=java.base/java.net=ALL-UNNAMED --add-opens=java.base/java.util.concurrent.atomic=ALL-UNNAMED -Xmx2048m -Dfile.encoding=UTF-8 -Duser.country=ES -Duser.language=es -Duser.variant org.gradle.launcher.daemon.bootstrap.GradleDaemon 8.0

Host: AMD A8-5545M APU with Radeon(tm) HD Graphics   , 4 cores, 7G,  Windows 10 , 64 bit Build 19041 (10.0.19041.804)
Time: Fri Sep 15 14:57:15 2023 Hora de verano central (México) elapsed time: 41.817836 seconds (0d 0h 0m 41s)

---------------  T H R E A D  ---------------

Current thread (0x000001a7165c6600):  VMThread "VM Thread" [stack: 0x00000023ec700000,0x00000023ec800000] [id=20192]

Stack: [0x00000023ec700000,0x00000023ec800000]
Native frames: (J=compiled Java code, j=interpreted, Vv=VM code, C=native code)
V  [jvm.dll+0x683c9a]
V  [jvm.dll+0x8427a4]
V  [jvm.dll+0x843f9e]
V  [jvm.dll+0x844603]
V  [jvm.dll+0x249b75]
V  [jvm.dll+0x680b69]
V  [jvm.dll+0x67505a]
V  [jvm.dll+0x309acb]
V  [jvm.dll+0x310f86]
V  [jvm.dll+0x3608ee]
V  [jvm.dll+0x360b1f]
V  [jvm.dll+0x2dfbf8]
V  [jvm.dll+0x2ddec4]
V  [jvm.dll+0x2dd4cc]
V  [jvm.dll+0x321f3b]
V  [jvm.dll+0x848ccb]
V  [jvm.dll+0x849a04]
V  [jvm.dll+0x849f1d]
V  [jvm.dll+0x84a2f4]
V  [jvm.dll+0x84a3c0]
V  [jvm.dll+0x7f274a]
V  [jvm.dll+0x682ad5]
C  [ucrtbase.dll+0x21bb2]
C  [KERNEL32.DLL+0x17034]
C  [ntdll.dll+0x52651]

VM_Operation (0x00000023edef2550): G1CollectForAllocation, mode: safepoint, requested by thread 0x000001a719853a90


---------------  P R O C E S S  ---------------

Threads class SMR info:
_java_thread_list=0x000001a71b9c25f0, length=39, elements={
0x000001a77ce8b380, 0x000001a716594730, 0x000001a7165954b0, 0x000001a71701c6a0,
0x000001a71701cf60, 0x000001a71701d820, 0x000001a71701e0e0, 0x000001a71701ecd0,
0x000001a7165d9530, 0x000001a7165dc230, 0x000001a7171aa780, 0x000001a7171ab060,
0x000001a7195f1dc0, 0x000001a7197c9170, 0x000001a719ba43c0, 0x000001a71a0ac030,
0x000001a71a0ac500, 0x000001a71961e870, 0x000001a719853a90, 0x000001a717ed7f00,
0x000001a717ed7090, 0x000001a717ed66f0, 0x000001a717ed6bc0, 0x000001a717ed7560,
0x000001a71776ae20, 0x000001a71776ecb0, 0x000001a71776de40, 0x000001a71776b2f0,
0x000001a71776e7e0, 0x000001a717769610, 0x000001a71776b7c0, 0x000001a717769140,
0x000001a71776e310, 0x000001a717769fb0, 0x000001a71776bc90, 0x000001a71776f180,
0x000001a71776f650, 0x000001a71776cfd0, 0x000001a717d51020
}

Java Threads: ( => current thread )
  0x000001a77ce8b380 JavaThread "main" [_thread_blocked, id=32376, stack(0x00000023ec100000,0x00000023ec200000)]
  0x000001a716594730 JavaThread "Reference Handler" daemon [_thread_blocked, id=8392, stack(0x00000023ec800000,0x00000023ec900000)]
  0x000001a7165954b0 JavaThread "Finalizer" daemon [_thread_blocked, id=12636, stack(0x00000023ec900000,0x00000023eca00000)]
  0x000001a71701c6a0 JavaThread "Signal Dispatcher" daemon [_thread_blocked, id=9748, stack(0x00000023eca00000,0x00000023ecb00000)]
  0x000001a71701cf60 JavaThread "Attach Listener" daemon [_thread_blocked, id=13240, stack(0x00000023ecb00000,0x00000023ecc00000)]
  0x000001a71701d820 JavaThread "Service Thread" daemon [_thread_blocked, id=25888, stack(0x00000023ecc00000,0x00000023ecd00000)]
  0x000001a71701e0e0 JavaThread "Monitor Deflation Thread" daemon [_thread_blocked, id=924, stack(0x00000023ecd00000,0x00000023ece00000)]
  0x000001a71701ecd0 JavaThread "C2 CompilerThread0" daemon [_thread_in_native, id=1448, stack(0x00000023ece00000,0x00000023ecf00000)]
  0x000001a7165d9530 JavaThread "C1 CompilerThread0" daemon [_thread_blocked, id=32692, stack(0x00000023ecf00000,0x00000023ed000000)]
  0x000001a7165dc230 JavaThread "Sweeper thread" daemon [_thread_blocked, id=19864, stack(0x00000023ed000000,0x00000023ed100000)]
  0x000001a7171aa780 JavaThread "Common-Cleaner" daemon [_thread_blocked, id=11320, stack(0x00000023ed100000,0x00000023ed200000)]
  0x000001a7171ab060 JavaThread "Notification Thread" daemon [_thread_blocked, id=29036, stack(0x00000023ed200000,0x00000023ed300000)]
  0x000001a7195f1dc0 JavaThread "Daemon health stats" [_thread_blocked, id=22944, stack(0x00000023ed800000,0x00000023ed900000)]
  0x000001a7197c9170 JavaThread "Incoming local TCP Connector on port 49914" [_thread_in_native, id=18372, stack(0x00000023ed700000,0x00000023ed800000)]
  0x000001a719ba43c0 JavaThread "Daemon periodic checks" [_thread_blocked, id=20328, stack(0x00000023ed900000,0x00000023eda00000)]
  0x000001a71a0ac030 JavaThread "Daemon" [_thread_blocked, id=26000, stack(0x00000023edb00000,0x00000023edc00000)]
  0x000001a71a0ac500 JavaThread "Handler for socket connection from /127.0.0.1:49914 to /127.0.0.1:49915" [_thread_in_native, id=25284, stack(0x00000023edc00000,0x00000023edd00000)]
  0x000001a71961e870 JavaThread "Cancel handler" [_thread_blocked, id=21084, stack(0x00000023edd00000,0x00000023ede00000)]
  0x000001a719853a90 JavaThread "Daemon worker" [_thread_blocked, id=12320, stack(0x00000023ede00000,0x00000023edf00000)]
  0x000001a717ed7f00 JavaThread "Asynchronous log dispatcher for DefaultDaemonConnection: socket connection from /127.0.0.1:49914 to /127.0.0.1:49915" [_thread_blocked, id=25416, stack(0x00000023edf00000,0x00000023ee000000)]
  0x000001a717ed7090 JavaThread "Stdin handler" [_thread_blocked, id=7088, stack(0x00000023ee000000,0x00000023ee100000)]
  0x000001a717ed66f0 JavaThread "Daemon client event forwarder" [_thread_blocked, id=28600, stack(0x00000023ee100000,0x00000023ee200000)]
  0x000001a717ed6bc0 JavaThread "Cache worker for journal cache (C:\Users\juan manuel\.gradle\caches\journal-1)" [_thread_blocked, id=24300, stack(0x00000023eda00000,0x00000023edb00000)]
  0x000001a717ed7560 JavaThread "File lock request listener" [_thread_in_native, id=19948, stack(0x00000023ee200000,0x00000023ee300000)]
  0x000001a71776ae20 JavaThread "Cache worker for file hash cache (C:\Users\juan manuel\.gradle\caches\8.0\fileHashes)" [_thread_blocked, id=26904, stack(0x00000023ee300000,0x00000023ee400000)]
  0x000001a71776ecb0 JavaThread "File watcher server" daemon [_thread_in_native, id=14016, stack(0x00000023ee500000,0x00000023ee600000)]
  0x000001a71776de40 JavaThread "File watcher consumer" daemon [_thread_blocked, id=25556, stack(0x00000023ee600000,0x00000023ee700000)]
  0x000001a71776b2f0 JavaThread "jar transforms" [_thread_blocked, id=18776, stack(0x00000023ee700000,0x00000023ee800000)]
  0x000001a71776e7e0 JavaThread "jar transforms Thread 2" [_thread_blocked, id=13056, stack(0x00000023ee800000,0x00000023ee900000)]
  0x000001a717769610 JavaThread "jar transforms Thread 3" [_thread_blocked, id=7692, stack(0x00000023ee900000,0x00000023eea00000)]
  0x000001a71776b7c0 JavaThread "jar transforms Thread 4" [_thread_blocked, id=11124, stack(0x00000023eea00000,0x00000023eeb00000)]
  0x000001a717769140 JavaThread "Cache worker for checksums cache (C:\Users\juan manuel\AndroidStudioProjects\Cat_Gme\.gradle\8.0\checksums)" [_thread_blocked, id=28628, stack(0x00000023eeb00000,0x00000023eec00000)]
  0x000001a71776e310 JavaThread "Cache worker for cache directory md-rule (C:\Users\juan manuel\.gradle\caches\8.0\md-rule)" [_thread_blocked, id=21680, stack(0x00000023eec00000,0x00000023eed00000)]
  0x000001a717769fb0 JavaThread "Cache worker for file content cache (C:\Users\juan manuel\.gradle\caches\8.0\fileContent)" [_thread_blocked, id=26064, stack(0x00000023eed00000,0x00000023eee00000)]
  0x000001a71776bc90 JavaThread "Cache worker for file hash cache (C:\Users\juan manuel\AndroidStudioProjects\Cat_Gme\.gradle\8.0\fileHashes)" [_thread_blocked, id=3136, stack(0x00000023eee00000,0x00000023eef00000)]
  0x000001a71776f180 JavaThread "Cache worker for cache directory md-supplier (C:\Users\juan manuel\.gradle\caches\8.0\md-supplier)" [_thread_blocked, id=9264, stack(0x00000023eef00000,0x00000023ef000000)]
  0x000001a71776f650 JavaThread "Cache worker for execution history cache (C:\Users\juan manuel\.gradle\caches\8.0\executionHistory)" [_thread_blocked, id=1604, stack(0x00000023ef000000,0x00000023ef100000)]
  0x000001a71776cfd0 JavaThread "Cache worker for kotlin-dsl (C:\Users\juan manuel\.gradle\caches\8.0\kotlin-dsl)" [_thread_blocked, id=10480, stack(0x00000023ef100000,0x00000023ef200000)]
  0x000001a717d51020 JavaThread "C2 CompilerThread1" daemon [_thread_blocked, id=2232, stack(0x00000023ef500000,0x00000023ef600000)]

Other Threads:
=>0x000001a7165c6600 VMThread "VM Thread" [stack: 0x00000023ec700000,0x00000023ec800000] [id=20192]
  0x000001a77cf0c4d0 WatcherThread [stack: 0x00000023ed300000,0x00000023ed400000] [id=13944]
  0x000001a77cee89c0 GCTaskThread "GC Thread#0" [stack: 0x00000023ec200000,0x00000023ec300000] [id=26356]
  0x000001a717b3b990 GCTaskThread "GC Thread#1" [stack: 0x00000023ed500000,0x00000023ed600000] [id=25156]
  0x000001a7175066f0 GCTaskThread "GC Thread#2" [stack: 0x00000023ed600000,0x00000023ed700000] [id=16992]
  0x000001a717fb81f0 GCTaskThread "GC Thread#3" [stack: 0x00000023ed400000,0x00000023ed500000] [id=18116]
  0x000001a77cefa820 ConcurrentGCThread "G1 Main Marker" [stack: 0x00000023ec300000,0x00000023ec400000] [id=14244]
  0x000001a77cefb140 ConcurrentGCThread "G1 Conc#0" [stack: 0x00000023ec400000,0x00000023ec500000] [id=27612]
  0x000001a77cf52240 ConcurrentGCThread "G1 Refine#0" [stack: 0x00000023ec500000,0x00000023ec600000] [id=13492]
  0x000001a71d4d3ee0 ConcurrentGCThread "G1 Refine#1" [stack: 0x00000023ee400000,0x00000023ee500000] [id=12776]
  0x000001a71d4d6440 ConcurrentGCThread "G1 Refine#2" [stack: 0x00000023ef400000,0x00000023ef500000] [id=6284]
  0x000001a77cf53b80 ConcurrentGCThread "G1 Service" [stack: 0x00000023ec600000,0x00000023ec700000] [id=27928]

Threads with active compile tasks:
C2 CompilerThread0    41914 9007       4       kotlin.collections.CollectionsKt___CollectionsKt::toCollection (49 bytes)

VM state: at safepoint (normal execution)

VM Mutex/Monitor currently owned by a thread:  ([mutex/lock_event])
[0x000001a77ce85b60] Threads_lock - owner thread: 0x000001a7165c6600
[0x000001a77ce85650] Heap_lock - owner thread: 0x000001a719853a90

Heap address: 0x0000000080000000, size: 2048 MB, Compressed Oops mode: 32-bit

CDS archive(s) not mapped
Compressed class space mapped at: 0x0000000100000000-0x0000000140000000, reserved size: 1073741824
Narrow klass base: 0x0000000000000000, Narrow klass shift: 3, Narrow klass range: 0x140000000

GC Precious Log:
 CPUs: 4 total, 4 available
 Memory: 7364M
 Large Page Support: Disabled
 NUMA Support: Disabled
 Compressed Oops: Enabled (32-bit)
 Heap Region Size: 1M
 Heap Min Capacity: 8M
 Heap Initial Capacity: 116M
 Heap Max Capacity: 2G
 Pre-touch: Disabled
 Parallel Workers: 4
 Concurrent Workers: 1
 Concurrent Refinement Workers: 4
 Periodic GC: Disabled

Heap:
 garbage-first heap   total 215040K, used 112299K [0x0000000080000000, 0x0000000100000000)
  region size 1024K, 1 young (1024K), 1 survivors (1024K)
 Metaspace       used 95199K, committed 95872K, reserved 1138688K
  class space    used 12553K, committed 12864K, reserved 1048576K

Heap Regions: E=young(eden), S=young(survivor), O=old, HS=humongous(starts), HC=humongous(continues), CS=collection set, F=free, OA=open archive, CA=closed archive, TAMS=top-at-mark-start (previous, next)
|   0|0x0000000080000000, 0x0000000080100000, 0x0000000080100000|100%| O|  |TAMS 0x0000000080100000, 0x0000000080000000| Untracked 
|   1|0x0000000080100000, 0x0000000080200000, 0x0000000080200000|100%| O|  |TAMS 0x0000000080200000, 0x0000000080100000| Untracked 
|   2|0x0000000080200000, 0x0000000080300000, 0x0000000080300000|100%|HS|  |TAMS 0x0000000080300000, 0x0000000080200000| Complete 
|   3|0x0000000080300000, 0x0000000080400000, 0x0000000080400000|100%|HC|  |TAMS 0x0000000080400000, 0x0000000080300000| Complete 
|   4|0x0000000080400000, 0x0000000080500000, 0x0000000080500000|100%|HC|  |TAMS 0x0000000080500000, 0x0000000080400000| Complete 
|   5|0x0000000080500000, 0x0000000080600000, 0x0000000080600000|100%|HC|  |TAMS 0x0000000080600000, 0x0000000080500000| Complete 
|   6|0x0000000080600000, 0x0000000080700000, 0x0000000080700000|100%| O|  |TAMS 0x0000000080700000, 0x0000000080600000| Untracked 
|   7|0x0000000080700000, 0x0000000080800000, 0x0000000080800000|100%| O|  |TAMS 0x0000000080800000, 0x0000000080700000| Untracked 
|   8|0x0000000080800000, 0x0000000080900000, 0x0000000080900000|100%| O|  |TAMS 0x0000000080900000, 0x0000000080800000| Untracked 
|   9|0x0000000080900000, 0x0000000080a00000, 0x0000000080a00000|100%| O|  |TAMS 0x0000000080a00000, 0x0000000080900000| Untracked 
|  10|0x0000000080a00000, 0x0000000080a3f800, 0x0000000080b00000| 24%| O|  |TAMS 0x0000000080a3f800, 0x0000000080a00000| Untracked 
|  11|0x0000000080b00000, 0x0000000080c00000, 0x0000000080c00000|100%| O|  |TAMS 0x0000000080c00000, 0x0000000080b00000| Untracked 
|  12|0x0000000080c00000, 0x0000000080d00000, 0x0000000080d00000|100%| O|  |TAMS 0x0000000080d00000, 0x0000000080c00000| Untracked 
|  13|0x0000000080d00000, 0x0000000080e00000, 0x0000000080e00000|100%| O|  |TAMS 0x0000000080e00000, 0x0000000080d00000| Untracked 
|  14|0x0000000080e00000, 0x0000000080f00000, 0x0000000080f00000|100%| O|  |TAMS 0x0000000080f00000, 0x0000000080e00000| Untracked 
|  15|0x0000000080f00000, 0x0000000081000000, 0x0000000081000000|100%| O|  |TAMS 0x0000000081000000, 0x0000000080f00000| Untracked 
|  16|0x0000000081000000, 0x0000000081100000, 0x0000000081100000|100%| O|  |TAMS 0x0000000081100000, 0x0000000081000000| Untracked 
|  17|0x0000000081100000, 0x0000000081200000, 0x0000000081200000|100%| O|  |TAMS 0x0000000081200000, 0x0000000081100000| Untracked 
|  18|0x0000000081200000, 0x0000000081300000, 0x0000000081300000|100%| O|  |TAMS 0x0000000081300000, 0x0000000081200000| Untracked 
|  19|0x0000000081300000, 0x0000000081400000, 0x0000000081400000|100%|HS|  |TAMS 0x0000000081400000, 0x0000000081300000| Complete 
|  20|0x0000000081400000, 0x0000000081500000, 0x0000000081500000|100%|HC|  |TAMS 0x0000000081500000, 0x0000000081400000| Complete 
|  21|0x0000000081500000, 0x0000000081600000, 0x0000000081600000|100%|HS|  |TAMS 0x0000000081600000, 0x0000000081500000| Complete 
|  22|0x0000000081600000, 0x0000000081700000, 0x0000000081700000|100%|HC|  |TAMS 0x0000000081700000, 0x0000000081600000| Complete 
|  23|0x0000000081700000, 0x0000000081800000, 0x0000000081800000|100%|HC|  |TAMS 0x0000000081800000, 0x0000000081700000| Complete 
|  24|0x0000000081800000, 0x0000000081900000, 0x0000000081900000|100%| O|  |TAMS 0x0000000081900000, 0x0000000081800000| Untracked 
|  25|0x0000000081900000, 0x0000000081a00000, 0x0000000081a00000|100%| O|  |TAMS 0x0000000081a00000, 0x0000000081900000| Untracked 
|  26|0x0000000081a00000, 0x0000000081b00000, 0x0000000081b00000|100%| O|  |TAMS 0x0000000081b00000, 0x0000000081a00000| Untracked 
|  27|0x0000000081b00000, 0x0000000081c00000, 0x0000000081c00000|100%|HS|  |TAMS 0x0000000081c00000, 0x0000000081b00000| Complete 
|  28|0x0000000081c00000, 0x0000000081d00000, 0x0000000081d00000|100%|HC|  |TAMS 0x0000000081d00000, 0x0000000081c00000| Complete 
|  29|0x0000000081d00000, 0x0000000081e00000, 0x0000000081e00000|100%|HC|  |TAMS 0x0000000081e00000, 0x0000000081d00000| Complete 
|  30|0x0000000081e00000, 0x0000000081f00000, 0x0000000081f00000|100%| O|  |TAMS 0x0000000081f00000, 0x0000000081e00000| Untracked 
|  31|0x0000000081f00000, 0x0000000082000000, 0x0000000082000000|100%| O|  |TAMS 0x0000000082000000, 0x0000000081f00000| Untracked 
|  32|0x0000000082000000, 0x0000000082100000, 0x0000000082100000|100%| O|  |TAMS 0x0000000082100000, 0x0000000082000000| Untracked 
|  33|0x0000000082100000, 0x0000000082200000, 0x0000000082200000|100%|HS|  |TAMS 0x0000000082200000, 0x0000000082100000| Complete 
|  34|0x0000000082200000, 0x0000000082300000, 0x0000000082300000|100%|HC|  |TAMS 0x0000000082300000, 0x0000000082200000| Complete 
|  35|0x0000000082300000, 0x0000000082400000, 0x0000000082400000|100%| O|  |TAMS 0x0000000082400000, 0x0000000082300000| Untracked 
|  36|0x0000000082400000, 0x0000000082500000, 0x0000000082500000|100%| O|  |TAMS 0x0000000082500000, 0x0000000082400000| Untracked 
|  37|0x0000000082500000, 0x0000000082600000, 0x0000000082600000|100%| O|  |TAMS 0x0000000082600000, 0x0000000082500000| Untracked 
|  38|0x0000000082600000, 0x0000000082700000, 0x0000000082700000|100%| O|  |TAMS 0x0000000082700000, 0x0000000082600000| Untracked 
|  39|0x0000000082700000, 0x0000000082800000, 0x0000000082800000|100%| O|  |TAMS 0x0000000082800000, 0x0000000082700000| Untracked 
|  40|0x0000000082800000, 0x0000000082900000, 0x0000000082900000|100%| O|  |TAMS 0x0000000082900000, 0x0000000082800000| Untracked 
|  41|0x0000000082900000, 0x0000000082a00000, 0x0000000082a00000|100%| O|  |TAMS 0x0000000082a00000, 0x0000000082900000| Untracked 
|  42|0x0000000082a00000, 0x0000000082b00000, 0x0000000082b00000|100%| O|  |TAMS 0x0000000082b00000, 0x0000000082a00000| Untracked 
|  43|0x0000000082b00000, 0x0000000082c00000, 0x0000000082c00000|100%| O|  |TAMS 0x0000000082c00000, 0x0000000082b00000| Untracked 
|  44|0x0000000082c00000, 0x0000000082d00000, 0x0000000082d00000|100%| O|  |TAMS 0x0000000082c00000, 0x0000000082c00000| Untracked 
|  45|0x0000000082d00000, 0x0000000082e00000, 0x0000000082e00000|100%| O|  |TAMS 0x0000000082e00000, 0x0000000082d00000| Untracked 
|  46|0x0000000082e00000, 0x0000000082f00000, 0x0000000082f00000|100%|HS|  |TAMS 0x0000000082f00000, 0x0000000082e00000| Complete 
|  47|0x0000000082f00000, 0x0000000083000000, 0x0000000083000000|100%|HC|  |TAMS 0x0000000083000000, 0x0000000082f00000| Complete 
|  48|0x0000000083000000, 0x0000000083100000, 0x0000000083100000|100%|HC|  |TAMS 0x0000000083100000, 0x0000000083000000| Complete 
|  49|0x0000000083100000, 0x0000000083200000, 0x0000000083200000|100%|HC|  |TAMS 0x0000000083200000, 0x0000000083100000| Complete 
|  50|0x0000000083200000, 0x0000000083300000, 0x0000000083300000|100%|HC|  |TAMS 0x0000000083300000, 0x0000000083200000| Complete 
|  51|0x0000000083300000, 0x0000000083400000, 0x0000000083400000|100%|HC|  |TAMS 0x0000000083400000, 0x0000000083300000| Complete 
|  52|0x0000000083400000, 0x0000000083500000, 0x0000000083500000|100%|HC|  |TAMS 0x0000000083500000, 0x0000000083400000| Complete 
|  53|0x0000000083500000, 0x0000000083600000, 0x0000000083600000|100%|HC|  |TAMS 0x0000000083600000, 0x0000000083500000| Complete 
|  54|0x0000000083600000, 0x0000000083700000, 0x0000000083700000|100%|HC|  |TAMS 0x0000000083700000, 0x0000000083600000| Complete 
|  55|0x0000000083700000, 0x0000000083800000, 0x0000000083800000|100%|HC|  |TAMS 0x0000000083800000, 0x0000000083700000| Complete 
|  56|0x0000000083800000, 0x0000000083900000, 0x0000000083900000|100%|HC|  |TAMS 0x0000000083900000, 0x0000000083800000| Complete 
|  57|0x0000000083900000, 0x0000000083a00000, 0x0000000083a00000|100%|HC|  |TAMS 0x0000000083a00000, 0x0000000083900000| Complete 
|  58|0x0000000083a00000, 0x0000000083b00000, 0x0000000083b00000|100%| O|  |TAMS 0x0000000083b00000, 0x0000000083a00000| Untracked 
|  59|0x0000000083b00000, 0x0000000083c00000, 0x0000000083c00000|100%| O|  |TAMS 0x0000000083c00000, 0x0000000083b00000| Untracked 
|  60|0x0000000083c00000, 0x0000000083d00000, 0x0000000083d00000|100%| O|  |TAMS 0x0000000083d00000, 0x0000000083c00000| Untracked 
|  61|0x0000000083d00000, 0x0000000083d00000, 0x0000000083e00000|  0%| F|  |TAMS 0x0000000083d00000, 0x0000000083d00000| Untracked 
|  62|0x0000000083e00000, 0x0000000083f00000, 0x0000000083f00000|100%| O|  |TAMS 0x0000000083f00000, 0x0000000083e00000| Untracked 
|  63|0x0000000083f00000, 0x0000000084000000, 0x0000000084000000|100%| O|  |TAMS 0x0000000084000000, 0x0000000083f00000| Untracked 
|  64|0x0000000084000000, 0x0000000084100000, 0x0000000084100000|100%|HS|  |TAMS 0x0000000084100000, 0x0000000084000000| Complete 
|  65|0x0000000084100000, 0x0000000084200000, 0x0000000084200000|100%|HC|  |TAMS 0x0000000084200000, 0x0000000084100000| Complete 
|  66|0x0000000084200000, 0x0000000084300000, 0x0000000084300000|100%|HC|  |TAMS 0x0000000084300000, 0x0000000084200000| Complete 
|  67|0x0000000084300000, 0x0000000084400000, 0x0000000084400000|100%| O|  |TAMS 0x0000000084400000, 0x0000000084300000| Untracked 
|  68|0x0000000084400000, 0x0000000084500000, 0x0000000084500000|100%| O|  |TAMS 0x0000000084500000, 0x0000000084400000| Untracked 
|  69|0x0000000084500000, 0x0000000084600000, 0x0000000084600000|100%|HS|  |TAMS 0x0000000084600000, 0x0000000084500000| Complete 
|  70|0x0000000084600000, 0x0000000084700000, 0x0000000084700000|100%|HC|  |TAMS 0x0000000084700000, 0x0000000084600000| Complete 
|  71|0x0000000084700000, 0x0000000084800000, 0x0000000084800000|100%|HC|  |TAMS 0x0000000084800000, 0x0000000084700000| Complete 
|  72|0x0000000084800000, 0x0000000084900000, 0x0000000084900000|100%|HS|  |TAMS 0x0000000084900000, 0x0000000084800000| Complete 
|  73|0x0000000084900000, 0x0000000084a00000, 0x0000000084a00000|100%|HC|  |TAMS 0x0000000084a00000, 0x0000000084900000| Complete 
|  74|0x0000000084a00000, 0x0000000084b00000, 0x0000000084b00000|100%|HC|  |TAMS 0x0000000084b00000, 0x0000000084a00000| Complete 
|  75|0x0000000084b00000, 0x0000000084c00000, 0x0000000084c00000|100%|HC|  |TAMS 0x0000000084c00000, 0x0000000084b00000| Complete 
|  76|0x0000000084c00000, 0x0000000084d00000, 0x0000000084d00000|100%| O|  |TAMS 0x0000000084d00000, 0x0000000084c00000| Untracked 
|  77|0x0000000084d00000, 0x0000000084e00000, 0x0000000084e00000|100%| O|  |TAMS 0x0000000084e00000, 0x0000000084d00000| Untracked 
|  78|0x0000000084e00000, 0x0000000084f00000, 0x0000000084f00000|100%| O|  |TAMS 0x0000000084f00000, 0x0000000084e00000| Untracked 
|  79|0x0000000084f00000, 0x0000000085000000, 0x0000000085000000|100%| O|  |TAMS 0x0000000085000000, 0x0000000084f00000| Untracked 
|  80|0x0000000085000000, 0x0000000085100000, 0x0000000085100000|100%| O|  |TAMS 0x0000000085100000, 0x0000000085000000| Untracked 
|  81|0x0000000085100000, 0x0000000085200000, 0x0000000085200000|100%| O|  |TAMS 0x0000000085200000, 0x0000000085100000| Untracked 
|  82|0x0000000085200000, 0x0000000085300000, 0x0000000085300000|100%| O|  |TAMS 0x0000000085300000, 0x0000000085200000| Untracked 
|  83|0x0000000085300000, 0x0000000085400000, 0x0000000085400000|100%| O|  |TAMS 0x0000000085400000, 0x0000000085300000| Untracked 
|  84|0x0000000085400000, 0x0000000085500000, 0x0000000085500000|100%| O|  |TAMS 0x0000000085500000, 0x0000000085400000| Untracked 
|  85|0x0000000085500000, 0x0000000085600000, 0x0000000085600000|100%| O|  |TAMS 0x0000000085600000, 0x0000000085500000| Untracked 
|  86|0x0000000085600000, 0x0000000085700000, 0x0000000085700000|100%| O|  |TAMS 0x0000000085700000, 0x0000000085600000| Untracked 
|  87|0x0000000085700000, 0x0000000085800000, 0x0000000085800000|100%| O|  |TAMS 0x0000000085800000, 0x0000000085700000| Untracked 
|  88|0x0000000085800000, 0x0000000085900000, 0x0000000085900000|100%| O|  |TAMS 0x0000000085900000, 0x0000000085800000| Untracked 
|  89|0x0000000085900000, 0x0000000085a00000, 0x0000000085a00000|100%| O|  |TAMS 0x0000000085a00000, 0x0000000085900000| Untracked 
|  90|0x0000000085a00000, 0x0000000085b00000, 0x0000000085b00000|100%| O|  |TAMS 0x0000000085b00000, 0x0000000085a00000| Untracked 
|  91|0x0000000085b00000, 0x0000000085c00000, 0x0000000085c00000|100%| O|  |TAMS 0x0000000085c00000, 0x0000000085b00000| Untracked 
|  92|0x0000000085c00000, 0x0000000085d00000, 0x0000000085d00000|100%| O|  |TAMS 0x0000000085d00000, 0x0000000085c00000| Untracked 
|  93|0x0000000085d00000, 0x0000000085e00000, 0x0000000085e00000|100%| O|  |TAMS 0x0000000085e00000, 0x0000000085d00000| Untracked 
|  94|0x0000000085e00000, 0x0000000085f00000, 0x0000000085f00000|100%| O|  |TAMS 0x0000000085f00000, 0x0000000085e00000| Untracked 
|  95|0x0000000085f00000, 0x0000000086000000, 0x0000000086000000|100%| O|  |TAMS 0x0000000086000000, 0x0000000085f00000| Untracked 
|  96|0x0000000086000000, 0x0000000086100000, 0x0000000086100000|100%| O|  |TAMS 0x0000000086100000, 0x0000000086000000| Untracked 
|  97|0x0000000086100000, 0x0000000086200000, 0x0000000086200000|100%|HS|  |TAMS 0x0000000086200000, 0x0000000086100000| Complete 
|  98|0x0000000086200000, 0x0000000086300000, 0x0000000086300000|100%|HC|  |TAMS 0x0000000086300000, 0x0000000086200000| Complete 
|  99|0x0000000086300000, 0x0000000086400000, 0x0000000086400000|100%|HC|  |TAMS 0x0000000086400000, 0x0000000086300000| Complete 
| 100|0x0000000086400000, 0x0000000086500000, 0x0000000086500000|100%|HC|  |TAMS 0x0000000086500000, 0x0000000086400000| Complete 
| 101|0x0000000086500000, 0x0000000086600000, 0x0000000086600000|100%|HC|  |TAMS 0x0000000086600000, 0x0000000086500000| Complete 
| 102|0x0000000086600000, 0x0000000086700000, 0x0000000086700000|100%|HC|  |TAMS 0x0000000086700000, 0x0000000086600000| Complete 
| 103|0x0000000086700000, 0x0000000086800000, 0x0000000086800000|100%| O|  |TAMS 0x0000000086800000, 0x0000000086700000| Untracked 
| 104|0x0000000086800000, 0x0000000086900000, 0x0000000086900000|100%| O|  |TAMS 0x0000000086900000, 0x0000000086800000| Untracked 
| 105|0x0000000086900000, 0x0000000086a00000, 0x0000000086a00000|100%| O|  |TAMS 0x0000000086a00000, 0x0000000086900000| Untracked 
| 106|0x0000000086a00000, 0x0000000086b00000, 0x0000000086b00000|100%| O|  |TAMS 0x0000000086a53600, 0x0000000086a00000| Untracked 
| 107|0x0000000086b00000, 0x0000000086c00000, 0x0000000086c00000|100%| O|  |TAMS 0x0000000086b00000, 0x0000000086b00000| Untracked 
| 108|0x0000000086c00000, 0x0000000086d00000, 0x0000000086d00000|100%| O|  |TAMS 0x0000000086c00000, 0x0000000086c00000| Untracked 
| 109|0x0000000086d00000, 0x0000000086e00000, 0x0000000086e00000|100%| O|  |TAMS 0x0000000086d00000, 0x0000000086d00000| Untracked 
| 110|0x0000000086e00000, 0x0000000086e95400, 0x0000000086f00000| 58%| O|  |TAMS 0x0000000086e00000, 0x0000000086e00000| Untracked 
| 111|0x0000000086f00000, 0x0000000086f00000, 0x0000000087000000|  0%| F|  |TAMS 0x0000000086f00000, 0x0000000086f00000| Untracked 
| 112|0x0000000087000000, 0x0000000087000000, 0x0000000087100000|  0%| F|  |TAMS 0x0000000087000000, 0x0000000087000000| Untracked 
| 113|0x0000000087100000, 0x0000000087100000, 0x0000000087200000|  0%| F|  |TAMS 0x0000000087100000, 0x0000000087100000| Untracked 
| 114|0x0000000087200000, 0x0000000087200000, 0x0000000087300000|  0%| F|  |TAMS 0x0000000087200000, 0x0000000087200000| Untracked 
| 115|0x0000000087300000, 0x0000000087300000, 0x0000000087400000|  0%| F|  |TAMS 0x0000000087300000, 0x0000000087300000| Untracked 
| 116|0x0000000087400000, 0x0000000087400000, 0x0000000087500000|  0%| F|  |TAMS 0x0000000087400000, 0x0000000087400000| Untracked 
| 117|0x0000000087500000, 0x0000000087500000, 0x0000000087600000|  0%| F|  |TAMS 0x0000000087500000, 0x0000000087500000| Untracked 
| 118|0x0000000087600000, 0x0000000087600000, 0x0000000087700000|  0%| F|  |TAMS 0x0000000087600000, 0x0000000087600000| Untracked 
| 119|0x0000000087700000, 0x0000000087700000, 0x0000000087800000|  0%| F|  |TAMS 0x0000000087700000, 0x0000000087700000| Untracked 
| 120|0x0000000087800000, 0x0000000087800000, 0x0000000087900000|  0%| F|  |TAMS 0x0000000087800000, 0x0000000087800000| Untracked 
| 121|0x0000000087900000, 0x0000000087900000, 0x0000000087a00000|  0%| F|  |TAMS 0x0000000087900000, 0x0000000087900000| Untracked 
| 122|0x0000000087a00000, 0x0000000087a00000, 0x0000000087b00000|  0%| F|  |TAMS 0x0000000087a00000, 0x0000000087a00000| Untracked 
| 123|0x0000000087b00000, 0x0000000087b00000, 0x0000000087c00000|  0%| F|  |TAMS 0x0000000087b00000, 0x0000000087b00000| Untracked 
| 124|0x0000000087c00000, 0x0000000087c00000, 0x0000000087d00000|  0%| F|  |TAMS 0x0000000087c00000, 0x0000000087c00000| Untracked 
| 125|0x0000000087d00000, 0x0000000087d00000, 0x0000000087e00000|  0%| F|  |TAMS 0x0000000087d00000, 0x0000000087d00000| Untracked 
| 126|0x0000000087e00000, 0x0000000087e00000, 0x0000000087f00000|  0%| F|  |TAMS 0x0000000087e00000, 0x0000000087e00000| Untracked 
| 127|0x0000000087f00000, 0x0000000087f00000, 0x0000000088000000|  0%| F|  |TAMS 0x0000000087f00000, 0x0000000087f00000| Untracked 
| 128|0x0000000088000000, 0x0000000088000000, 0x0000000088100000|  0%| F|  |TAMS 0x0000000088000000, 0x0000000088000000| Untracked 
| 129|0x0000000088100000, 0x0000000088100000, 0x0000000088200000|  0%| F|  |TAMS 0x0000000088100000, 0x0000000088100000| Untracked 
| 130|0x0000000088200000, 0x0000000088200000, 0x0000000088300000|  0%| F|  |TAMS 0x0000000088200000, 0x0000000088200000| Untracked 
| 131|0x0000000088300000, 0x0000000088300000, 0x0000000088400000|  0%| F|  |TAMS 0x0000000088300000, 0x0000000088300000| Untracked 
| 132|0x0000000088400000, 0x0000000088400000, 0x0000000088500000|  0%| F|  |TAMS 0x0000000088400000, 0x0000000088400000| Untracked 
| 133|0x0000000088500000, 0x0000000088500000, 0x0000000088600000|  0%| F|  |TAMS 0x0000000088500000, 0x0000000088500000| Untracked 
| 134|0x0000000088600000, 0x0000000088600000, 0x0000000088700000|  0%| F|  |TAMS 0x0000000088600000, 0x0000000088600000| Untracked 
| 135|0x0000000088700000, 0x0000000088700000, 0x0000000088800000|  0%| F|  |TAMS 0x0000000088700000, 0x0000000088700000| Untracked 
| 136|0x0000000088800000, 0x0000000088800000, 0x0000000088900000|  0%| F|  |TAMS 0x0000000088800000, 0x0000000088800000| Untracked 
| 137|0x0000000088900000, 0x0000000088900000, 0x0000000088a00000|  0%| F|  |TAMS 0x0000000088900000, 0x0000000088900000| Untracked 
| 138|0x0000000088a00000, 0x0000000088a00000, 0x0000000088b00000|  0%| F|  |TAMS 0x0000000088a00000, 0x0000000088a00000| Untracked 
| 139|0x0000000088b00000, 0x0000000088b00000, 0x0000000088c00000|  0%| F|  |TAMS 0x0000000088b00000, 0x0000000088b00000| Untracked 
| 140|0x0000000088c00000, 0x0000000088c00000, 0x0000000088d00000|  0%| F|  |TAMS 0x0000000088c00000, 0x0000000088c00000| Untracked 
| 141|0x0000000088d00000, 0x0000000088d00000, 0x0000000088e00000|  0%| F|  |TAMS 0x0000000088d00000, 0x0000000088d00000| Untracked 
| 142|0x0000000088e00000, 0x0000000088e00000, 0x0000000088f00000|  0%| F|  |TAMS 0x0000000088e00000, 0x0000000088e00000| Untracked 
| 143|0x0000000088f00000, 0x0000000088f00000, 0x0000000089000000|  0%| F|  |TAMS 0x0000000088f00000, 0x0000000088f00000| Untracked 
| 144|0x0000000089000000, 0x0000000089000000, 0x0000000089100000|  0%| F|  |TAMS 0x0000000089000000, 0x0000000089000000| Untracked 
| 145|0x0000000089100000, 0x0000000089100000, 0x0000000089200000|  0%| F|  |TAMS 0x0000000089100000, 0x0000000089100000| Untracked 
| 146|0x0000000089200000, 0x0000000089200000, 0x0000000089300000|  0%| F|  |TAMS 0x0000000089200000, 0x0000000089200000| Untracked 
| 147|0x0000000089300000, 0x0000000089300000, 0x0000000089400000|  0%| F|  |TAMS 0x0000000089300000, 0x0000000089300000| Untracked 
| 148|0x0000000089400000, 0x0000000089400000, 0x0000000089500000|  0%| F|  |TAMS 0x0000000089400000, 0x0000000089400000| Untracked 
| 149|0x0000000089500000, 0x0000000089500000, 0x0000000089600000|  0%| F|  |TAMS 0x0000000089500000, 0x0000000089500000| Untracked 
| 150|0x0000000089600000, 0x0000000089600000, 0x0000000089700000|  0%| F|  |TAMS 0x0000000089600000, 0x0000000089600000| Untracked 
| 151|0x0000000089700000, 0x0000000089700000, 0x0000000089800000|  0%| F|  |TAMS 0x0000000089700000, 0x0000000089700000| Untracked 
| 152|0x0000000089800000, 0x0000000089800000, 0x0000000089900000|  0%| F|  |TAMS 0x0000000089800000, 0x0000000089800000| Untracked 
| 153|0x0000000089900000, 0x0000000089900000, 0x0000000089a00000|  0%| F|  |TAMS 0x0000000089900000, 0x0000000089900000| Untracked 
| 154|0x0000000089a00000, 0x0000000089a00000, 0x0000000089b00000|  0%| F|  |TAMS 0x0000000089a00000, 0x0000000089a00000| Untracked 
| 155|0x0000000089b00000, 0x0000000089b00000, 0x0000000089c00000|  0%| F|  |TAMS 0x0000000089b00000, 0x0000000089b00000| Untracked 
| 156|0x0000000089c00000, 0x0000000089c00000, 0x0000000089d00000|  0%| F|  |TAMS 0x0000000089c00000, 0x0000000089c00000| Untracked 
| 157|0x0000000089d00000, 0x0000000089d00000, 0x0000000089e00000|  0%| F|  |TAMS 0x0000000089d00000, 0x0000000089d00000| Untracked 
| 158|0x0000000089e00000, 0x0000000089e00000, 0x0000000089f00000|  0%| F|  |TAMS 0x0000000089e00000, 0x0000000089e00000| Untracked 
| 159|0x0000000089f00000, 0x0000000089f00000, 0x000000008a000000|  0%| F|  |TAMS 0x0000000089f00000, 0x0000000089f00000| Untracked 
| 160|0x000000008a000000, 0x000000008a000000, 0x000000008a100000|  0%| F|  |TAMS 0x000000008a000000, 0x000000008a000000| Untracked 
| 161|0x000000008a100000, 0x000000008a100000, 0x000000008a200000|  0%| F|  |TAMS 0x000000008a100000, 0x000000008a100000| Untracked 
| 162|0x000000008a200000, 0x000000008a200000, 0x000000008a300000|  0%| F|  |TAMS 0x000000008a200000, 0x000000008a200000| Untracked 
| 163|0x000000008a300000, 0x000000008a300000, 0x000000008a400000|  0%| F|  |TAMS 0x000000008a300000, 0x000000008a300000| Untracked 
| 164|0x000000008a400000, 0x000000008a400000, 0x000000008a500000|  0%| F|  |TAMS 0x000000008a400000, 0x000000008a400000| Untracked 
| 165|0x000000008a500000, 0x000000008a500000, 0x000000008a600000|  0%| F|  |TAMS 0x000000008a500000, 0x000000008a500000| Untracked 
| 166|0x000000008a600000, 0x000000008a600000, 0x000000008a700000|  0%| F|  |TAMS 0x000000008a600000, 0x000000008a600000| Untracked 
| 167|0x000000008a700000, 0x000000008a700000, 0x000000008a800000|  0%| F|  |TAMS 0x000000008a700000, 0x000000008a700000| Untracked 
| 168|0x000000008a800000, 0x000000008a800000, 0x000000008a900000|  0%| F|  |TAMS 0x000000008a800000, 0x000000008a800000| Untracked 
| 169|0x000000008a900000, 0x000000008a900000, 0x000000008aa00000|  0%| F|  |TAMS 0x000000008a900000, 0x000000008a900000| Untracked 
| 170|0x000000008aa00000, 0x000000008aa00000, 0x000000008ab00000|  0%| F|  |TAMS 0x000000008aa00000, 0x000000008aa00000| Untracked 
| 171|0x000000008ab00000, 0x000000008ab00000, 0x000000008ac00000|  0%| F|  |TAMS 0x000000008ab00000, 0x000000008ab00000| Untracked 
| 172|0x000000008ac00000, 0x000000008ac00000, 0x000000008ad00000|  0%| F|  |TAMS 0x000000008ac00000, 0x000000008ac00000| Untracked 
| 173|0x000000008ad00000, 0x000000008ad00000, 0x000000008ae00000|  0%| F|  |TAMS 0x000000008ad00000, 0x000000008ad00000| Untracked 
| 174|0x000000008ae00000, 0x000000008ae00000, 0x000000008af00000|  0%| F|  |TAMS 0x000000008ae00000, 0x000000008ae00000| Untracked 
| 175|0x000000008af00000, 0x000000008af00000, 0x000000008b000000|  0%| F|  |TAMS 0x000000008af00000, 0x000000008af00000| Untracked 
| 176|0x000000008b000000, 0x000000008b000000, 0x000000008b100000|  0%| F|  |TAMS 0x000000008b000000, 0x000000008b000000| Untracked 
| 177|0x000000008b100000, 0x000000008b100000, 0x000000008b200000|  0%| F|  |TAMS 0x000000008b100000, 0x000000008b100000| Untracked 
| 178|0x000000008b200000, 0x000000008b200000, 0x000000008b300000|  0%| F|  |TAMS 0x000000008b200000, 0x000000008b200000| Untracked 
| 179|0x000000008b300000, 0x000000008b300000, 0x000000008b400000|  0%| F|  |TAMS 0x000000008b300000, 0x000000008b300000| Untracked 
| 180|0x000000008b400000, 0x000000008b400000, 0x000000008b500000|  0%| F|  |TAMS 0x000000008b400000, 0x000000008b400000| Untracked 
| 181|0x000000008b500000, 0x000000008b500000, 0x000000008b600000|  0%| F|  |TAMS 0x000000008b500000, 0x000000008b500000| Untracked 
| 182|0x000000008b600000, 0x000000008b600000, 0x000000008b700000|  0%| F|  |TAMS 0x000000008b600000, 0x000000008b600000| Untracked 
| 183|0x000000008b700000, 0x000000008b700000, 0x000000008b800000|  0%| F|  |TAMS 0x000000008b700000, 0x000000008b700000| Untracked 
| 184|0x000000008b800000, 0x000000008b800000, 0x000000008b900000|  0%| F|  |TAMS 0x000000008b800000, 0x000000008b800000| Untracked 
| 185|0x000000008b900000, 0x000000008b900000, 0x000000008ba00000|  0%| F|  |TAMS 0x000000008b900000, 0x000000008b900000| Untracked 
| 186|0x000000008ba00000, 0x000000008ba00000, 0x000000008bb00000|  0%| F|  |TAMS 0x000000008ba00000, 0x000000008ba00000| Untracked 
| 187|0x000000008bb00000, 0x000000008bb00000, 0x000000008bc00000|  0%| F|  |TAMS 0x000000008bb00000, 0x000000008bb00000| Untracked 
| 188|0x000000008bc00000, 0x000000008bc00000, 0x000000008bd00000|  0%| F|  |TAMS 0x000000008bc00000, 0x000000008bc00000| Untracked 
| 189|0x000000008bd00000, 0x000000008bd00000, 0x000000008be00000|  0%| F|  |TAMS 0x000000008bd00000, 0x000000008bd00000| Untracked 
| 190|0x000000008be00000, 0x000000008be00000, 0x000000008bf00000|  0%| F|  |TAMS 0x000000008be00000, 0x000000008be00000| Untracked 
| 191|0x000000008bf00000, 0x000000008bf00000, 0x000000008c000000|  0%| F|  |TAMS 0x000000008bf00000, 0x000000008bf00000| Untracked 
| 192|0x000000008c000000, 0x000000008c000000, 0x000000008c100000|  0%| F|  |TAMS 0x000000008c000000, 0x000000008c000000| Untracked 
| 193|0x000000008c100000, 0x000000008c100000, 0x000000008c200000|  0%| F|  |TAMS 0x000000008c100000, 0x000000008c100000| Untracked 
| 194|0x000000008c200000, 0x000000008c200000, 0x000000008c300000|  0%| F|  |TAMS 0x000000008c200000, 0x000000008c200000| Untracked 
| 195|0x000000008c300000, 0x000000008c300000, 0x000000008c400000|  0%| F|  |TAMS 0x000000008c300000, 0x000000008c300000| Untracked 
| 196|0x000000008c400000, 0x000000008c400000, 0x000000008c500000|  0%| F|  |TAMS 0x000000008c400000, 0x000000008c400000| Untracked 
| 197|0x000000008c500000, 0x000000008c500000, 0x000000008c600000|  0%| F|  |TAMS 0x000000008c500000, 0x000000008c500000| Untracked 
| 198|0x000000008c600000, 0x000000008c600000, 0x000000008c700000|  0%| F|  |TAMS 0x000000008c600000, 0x000000008c600000| Untracked 
| 199|0x000000008c700000, 0x000000008c700000, 0x000000008c800000|  0%| F|  |TAMS 0x000000008c700000, 0x000000008c700000| Untracked 
| 200|0x000000008c800000, 0x000000008c800000, 0x000000008c900000|  0%| F|  |TAMS 0x000000008c800000, 0x000000008c800000| Untracked 
| 201|0x000000008c900000, 0x000000008c900000, 0x000000008ca00000|  0%| F|  |TAMS 0x000000008c900000, 0x000000008c900000| Untracked 
| 202|0x000000008ca00000, 0x000000008ca00000, 0x000000008cb00000|  0%| F|  |TAMS 0x000000008ca00000, 0x000000008ca00000| Untracked 
| 203|0x000000008cb00000, 0x000000008cb00000, 0x000000008cc00000|  0%| F|  |TAMS 0x000000008cb00000, 0x000000008cb00000| Untracked 
| 204|0x000000008cc00000, 0x000000008cc00000, 0x000000008cd00000|  0%| F|  |TAMS 0x000000008cc00000, 0x000000008cc00000| Untracked 
| 205|0x000000008cd00000, 0x000000008cdd6280, 0x000000008ce00000| 83%| S|CS|TAMS 0x000000008cd00000, 0x000000008cd00000| Complete 
| 206|0x000000008ce00000, 0x000000008ce00000, 0x000000008cf00000|  0%| F|  |TAMS 0x000000008ce00000, 0x000000008ce00000| Untracked 
| 207|0x000000008cf00000, 0x000000008cf00000, 0x000000008d000000|  0%| F|  |TAMS 0x000000008cf00000, 0x000000008cf00000| Untracked 
| 208|0x000000008d000000, 0x000000008d000000, 0x000000008d100000|  0%| F|  |TAMS 0x000000008d000000, 0x000000008d000000| Untracked 
| 209|0x000000008d100000, 0x000000008d100000, 0x000000008d200000|  0%| F|  |TAMS 0x000000008d100000, 0x000000008d100000| Untracked 

Card table byte_map: [0x000001a77d360000,0x000001a77d760000] _byte_map_base: 0x000001a77cf60000

Marking Bits (Prev, Next): (CMBitMap*) 0x000001a77cee8f20, (CMBitMap*) 0x000001a77cee8ee0
 Prev Bits: [0x000001a712400000, 0x000001a714400000)
 Next Bits: [0x000001a77db60000, 0x000001a77fb60000)

Polling page: 0x000001a77add0000

Metaspace:

Usage:
  Non-class:     80.71 MB used.
      Class:     12.26 MB used.
       Both:     92.97 MB used.

Virtual space:
  Non-class space:       88.00 MB reserved,      81.06 MB ( 92%) committed,  11 nodes.
      Class space:        1.00 GB reserved,      12.56 MB (  1%) committed,  1 nodes.
             Both:        1.09 GB reserved,      93.62 MB (  8%) committed. 

Chunk freelists:
   Non-Class:  2.33 MB
       Class:  3.48 MB
        Both:  5.81 MB

MaxMetaspaceSize: unlimited
CompressedClassSpaceSize: 1.00 GB
Initial GC threshold: 21.00 MB
Current GC threshold: 153.06 MB
CDS: off
MetaspaceReclaimPolicy: balanced
 - commit_granule_bytes: 65536.
 - commit_granule_words: 8192.
 - virtual_space_node_default_size: 1048576.
 - enlarge_chunks_in_place: 1.
 - new_chunks_are_fully_committed: 0.
 - uncommit_free_chunks: 1.
 - use_allocation_guard: 0.
 - handle_deallocations: 1.


Internal statistics:

num_allocs_failed_limit: 3.
num_arena_births: 722.
num_arena_deaths: 6.
num_vsnodes_births: 12.
num_vsnodes_deaths: 0.
num_space_committed: 1496.
num_space_uncommitted: 0.
num_chunks_returned_to_freelist: 15.
num_chunks_taken_from_freelist: 3810.
num_chunk_merges: 4.
num_chunk_splits: 2866.
num_chunks_enlarged: 2316.
num_purges: 4.
num_inconsistent_stats: 0.

CodeHeap 'non-profiled nmethods': size=120000Kb used=5165Kb max_used=5165Kb free=114834Kb
 bounds [0x000001a70aed0000, 0x000001a70b3e0000, 0x000001a712400000]
CodeHeap 'profiled nmethods': size=120000Kb used=15015Kb max_used=15015Kb free=104984Kb
 bounds [0x000001a703400000, 0x000001a7042b0000, 0x000001a70a930000]
CodeHeap 'non-nmethods': size=5760Kb used=2400Kb max_used=2437Kb free=3359Kb
 bounds [0x000001a70a930000, 0x000001a70aba0000, 0x000001a70aed0000]
 total_blobs=8632 nmethods=7692 adapters=853
 compilation: enabled
              stopped_count=0, restarted_count=0
 full_count=0

Compilation events (20 events):
Event: 41.715 Thread 0x000001a7165d9530 nmethod 9143 0x000001a7042a7e10 code [0x000001a7042a8020, 0x000001a7042a87b8]
Event: 41.715 Thread 0x000001a7165d9530 9148       3       java.lang.invoke.LambdaForm$MH/0x00000001007aa400::invokeExact_MT (25 bytes)
Event: 41.716 Thread 0x000001a7165d9530 nmethod 9148 0x000001a7042a8a90 code [0x000001a7042a8ca0, 0x000001a7042a9358]
Event: 41.716 Thread 0x000001a7165d9530 9144       1       org.jetbrains.kotlin.it.unimi.dsi.fastutil.ints.IntArrayList::size (5 bytes)
Event: 41.716 Thread 0x000001a7165d9530 nmethod 9144 0x000001a70b3d6e10 code [0x000001a70b3d6fa0, 0x000001a70b3d7078]
Event: 41.716 Thread 0x000001a7165d9530 9149       3       java.lang.invoke.DirectMethodHandle$Holder::invokeSpecial (18 bytes)
Event: 41.717 Thread 0x000001a7165d9530 nmethod 9149 0x000001a7042a9590 code [0x000001a7042a9760, 0x000001a7042a9af8]
Event: 41.717 Thread 0x000001a7165d9530 9150       3       sun.misc.Unsafe::getObjectVolatile (9 bytes)
Event: 41.717 Thread 0x000001a7165d9530 nmethod 9150 0x000001a7042a9c10 code [0x000001a7042a9da0, 0x000001a7042a9ef8]
Event: 41.717 Thread 0x000001a7165d9530 9147       1       org.jetbrains.kotlin.com.intellij.psi.impl.source.tree.TreeElement::getTreeNext (5 bytes)
Event: 41.717 Thread 0x000001a7165d9530 nmethod 9147 0x000001a70b3d7110 code [0x000001a70b3d72a0, 0x000001a70b3d7378]
Event: 41.717 Thread 0x000001a7165d9530 9146       1       org.jetbrains.kotlin.com.intellij.psi.impl.source.tree.TreeElement::getTreeParent (5 bytes)
Event: 41.717 Thread 0x000001a7165d9530 nmethod 9146 0x000001a70b3d7410 code [0x000001a70b3d75a0, 0x000001a70b3d7678]
Event: 41.759 Thread 0x000001a717d51020 nmethod 9042 0x000001a70b3d7710 code [0x000001a70b3d79e0, 0x000001a70b3d9c08]
Event: 41.759 Thread 0x000001a717d51020 9028       4       org.jetbrains.kotlin.com.intellij.openapi.util.UserDataHolderBase::<init> (12 bytes)
Event: 41.762 Thread 0x000001a717d51020 nmethod 9028 0x000001a70b3dae10 code [0x000001a70b3daf80, 0x000001a70b3db0b8]
Event: 41.762 Thread 0x000001a717d51020 9145       4       java.util.BitSet::wordIndex (5 bytes)
Event: 41.762 Thread 0x000001a717d51020 nmethod 9145 0x000001a70b3db110 code [0x000001a70b3db280, 0x000001a70b3db2d8]
Event: 41.762 Thread 0x000001a717d51020 9017       4       org.jetbrains.kotlin.types.UnwrappedType::unwrap (2 bytes)
Event: 41.763 Thread 0x000001a717d51020 nmethod 9017 0x000001a70b3db410 code [0x000001a70b3db580, 0x000001a70b3db5f8]

GC Heap History (20 events):
Event: 31.859 GC heap after
{Heap after GC invocations=53 (full 0):
 garbage-first heap   total 181248K, used 78974K [0x0000000080000000, 0x0000000100000000)
  region size 1024K, 7 young (7168K), 7 survivors (7168K)
 Metaspace       used 60494K, committed 61056K, reserved 1105920K
  class space    used 8398K, committed 8640K, reserved 1048576K
}
Event: 33.701 GC heap before
{Heap before GC invocations=53 (full 0):
 garbage-first heap   total 181248K, used 156798K [0x0000000080000000, 0x0000000100000000)
  region size 1024K, 79 young (80896K), 7 survivors (7168K)
 Metaspace       used 71157K, committed 71744K, reserved 1114112K
  class space    used 9748K, committed 9984K, reserved 1048576K
}
Event: 33.721 GC heap after
{Heap after GC invocations=54 (full 0):
 garbage-first heap   total 181248K, used 85621K [0x0000000080000000, 0x0000000100000000)
  region size 1024K, 8 young (8192K), 8 survivors (8192K)
 Metaspace       used 71157K, committed 71744K, reserved 1114112K
  class space    used 9748K, committed 9984K, reserved 1048576K
}
Event: 34.338 GC heap before
{Heap before GC invocations=54 (full 0):
 garbage-first heap   total 181248K, used 107125K [0x0000000080000000, 0x0000000100000000)
  region size 1024K, 30 young (30720K), 8 survivors (8192K)
 Metaspace       used 74932K, committed 75584K, reserved 1122304K
  class space    used 10259K, committed 10496K, reserved 1048576K
}
Event: 34.364 GC heap after
{Heap after GC invocations=55 (full 0):
 garbage-first heap   total 181248K, used 86528K [0x0000000080000000, 0x0000000100000000)
  region size 1024K, 4 young (4096K), 4 survivors (4096K)
 Metaspace       used 74932K, committed 75584K, reserved 1122304K
  class space    used 10259K, committed 10496K, reserved 1048576K
}
Event: 36.387 GC heap before
{Heap before GC invocations=56 (full 0):
 garbage-first heap   total 181248K, used 160256K [0x0000000080000000, 0x0000000100000000)
  region size 1024K, 70 young (71680K), 4 survivors (4096K)
 Metaspace       used 79095K, committed 79680K, reserved 1122304K
  class space    used 10749K, committed 11008K, reserved 1048576K
}
Event: 36.426 GC heap after
{Heap after GC invocations=57 (full 0):
 garbage-first heap   total 181248K, used 97507K [0x0000000080000000, 0x0000000100000000)
  region size 1024K, 9 young (9216K), 9 survivors (9216K)
 Metaspace       used 79095K, committed 79680K, reserved 1122304K
  class space    used 10749K, committed 11008K, reserved 1048576K
}
Event: 36.464 GC heap before
{Heap before GC invocations=57 (full 0):
 garbage-first heap   total 181248K, used 98531K [0x0000000080000000, 0x0000000100000000)
  region size 1024K, 10 young (10240K), 9 survivors (9216K)
 Metaspace       used 79114K, committed 79744K, reserved 1122304K
  class space    used 10749K, committed 11008K, reserved 1048576K
}
Event: 36.491 GC heap after
{Heap after GC invocations=58 (full 0):
 garbage-first heap   total 181248K, used 98369K [0x0000000080000000, 0x0000000100000000)
  region size 1024K, 2 young (2048K), 2 survivors (2048K)
 Metaspace       used 79114K, committed 79744K, reserved 1122304K
  class space    used 10749K, committed 11008K, reserved 1048576K
}
Event: 36.516 GC heap before
{Heap before GC invocations=58 (full 0):
 garbage-first heap   total 181248K, used 98369K [0x0000000080000000, 0x0000000100000000)
  region size 1024K, 3 young (3072K), 2 survivors (2048K)
 Metaspace       used 79219K, committed 79808K, reserved 1122304K
  class space    used 10764K, committed 11008K, reserved 1048576K
}
Event: 36.520 GC heap after
{Heap after GC invocations=59 (full 0):
 garbage-first heap   total 181248K, used 97601K [0x0000000080000000, 0x0000000100000000)
  region size 1024K, 1 young (1024K), 1 survivors (1024K)
 Metaspace       used 79219K, committed 79808K, reserved 1122304K
  class space    used 10764K, committed 11008K, reserved 1048576K
}
Event: 38.324 GC heap before
{Heap before GC invocations=60 (full 0):
 garbage-first heap   total 183296K, used 156993K [0x0000000080000000, 0x0000000100000000)
  region size 1024K, 53 young (54272K), 1 survivors (1024K)
 Metaspace       used 86084K, committed 86656K, reserved 1130496K
  class space    used 11420K, committed 11648K, reserved 1048576K
}
Event: 38.336 GC heap after
{Heap after GC invocations=61 (full 0):
 garbage-first heap   total 183296K, used 107862K [0x0000000080000000, 0x0000000100000000)
  region size 1024K, 5 young (5120K), 5 survivors (5120K)
 Metaspace       used 86084K, committed 86656K, reserved 1130496K
  class space    used 11420K, committed 11648K, reserved 1048576K
}
Event: 38.445 GC heap before
{Heap before GC invocations=61 (full 0):
 garbage-first heap   total 183296K, used 110934K [0x0000000080000000, 0x0000000100000000)
  region size 1024K, 8 young (8192K), 5 survivors (5120K)
 Metaspace       used 86581K, committed 87168K, reserved 1130496K
  class space    used 11474K, committed 11712K, reserved 1048576K
}
Event: 38.457 GC heap after
{Heap after GC invocations=62 (full 0):
 garbage-first heap   total 183296K, used 107548K [0x0000000080000000, 0x0000000100000000)
  region size 1024K, 1 young (1024K), 1 survivors (1024K)
 Metaspace       used 86581K, committed 87168K, reserved 1130496K
  class space    used 11474K, committed 11712K, reserved 1048576K
}
Event: 40.430 GC heap before
{Heap before GC invocations=62 (full 0):
 garbage-first heap   total 183296K, used 153628K [0x0000000080000000, 0x0000000100000000)
  region size 1024K, 46 young (47104K), 1 survivors (1024K)
 Metaspace       used 93024K, committed 93696K, reserved 1130496K
  class space    used 12307K, committed 12608K, reserved 1048576K
}
Event: 40.446 GC heap after
{Heap after GC invocations=63 (full 0):
 garbage-first heap   total 183296K, used 110246K [0x0000000080000000, 0x0000000100000000)
  region size 1024K, 4 young (4096K), 4 survivors (4096K)
 Metaspace       used 93024K, committed 93696K, reserved 1130496K
  class space    used 12307K, committed 12608K, reserved 1048576K
}
Event: 41.630 GC heap before
{Heap before GC invocations=64 (full 0):
 garbage-first heap   total 215040K, used 154278K [0x0000000080000000, 0x0000000100000000)
  region size 1024K, 46 young (47104K), 4 survivors (4096K)
 Metaspace       used 94587K, committed 95296K, reserved 1138688K
  class space    used 12488K, committed 12800K, reserved 1048576K
}
Event: 41.649 GC heap after
{Heap after GC invocations=65 (full 0):
 garbage-first heap   total 215040K, used 112662K [0x0000000080000000, 0x0000000100000000)
  region size 1024K, 6 young (6144K), 6 survivors (6144K)
 Metaspace       used 94587K, committed 95296K, reserved 1138688K
  class space    used 12488K, committed 12800K, reserved 1048576K
}
Event: 41.799 GC heap before
{Heap before GC invocations=65 (full 0):
 garbage-first heap   total 215040K, used 116758K [0x0000000080000000, 0x0000000100000000)
  region size 1024K, 10 young (10240K), 6 survivors (6144K)
 Metaspace       used 95199K, committed 95872K, reserved 1138688K
  class space    used 12553K, committed 12864K, reserved 1048576K
}

Dll operation events (2 events):
Event: 0.030 Loaded shared library C:\Program Files\Android\Android Studio\jbr\bin\java.dll
Event: 0.898 Loaded shared library C:\Program Files\Android\Android Studio\jbr\bin\verify.dll

Deoptimization events (20 events):
Event: 38.846 Thread 0x000001a719853a90 DEOPT PACKING pc=0x000001a70b215494 sp=0x00000023edef46a0
Event: 38.846 Thread 0x000001a719853a90 DEOPT UNPACKING pc=0x000001a70a9869a3 sp=0x00000023edef45d8 mode 2
Event: 39.246 Thread 0x000001a719853a90 DEOPT PACKING pc=0x000001a704108744 sp=0x00000023edef4070
Event: 39.246 Thread 0x000001a719853a90 DEOPT UNPACKING pc=0x000001a70a987143 sp=0x00000023edef3640 mode 0
Event: 39.299 Thread 0x000001a719853a90 Uncommon trap: trap_request=0xffffff45 fr.pc=0x000001a70b3806cc relative=0x000000000000004c
Event: 39.299 Thread 0x000001a719853a90 Uncommon trap: reason=unstable_if action=reinterpret pc=0x000001a70b3806cc method=org.jetbrains.kotlin.protobuf.CodedOutputStream.computeRawVarint32Size(I)I @ 14 c2
Event: 39.299 Thread 0x000001a719853a90 DEOPT PACKING pc=0x000001a70b3806cc sp=0x00000023edef4460
Event: 39.300 Thread 0x000001a719853a90 DEOPT UNPACKING pc=0x000001a70a9869a3 sp=0x00000023edef43f8 mode 2
Event: 40.083 Thread 0x000001a719853a90 Uncommon trap: trap_request=0xffffff45 fr.pc=0x000001a70b3855e4 relative=0x00000000000000c4
Event: 40.083 Thread 0x000001a719853a90 Uncommon trap: reason=unstable_if action=reinterpret pc=0x000001a70b3855e4 method=java.text.StringCharacterIterator.current()C @ 19 c2
Event: 40.083 Thread 0x000001a719853a90 DEOPT PACKING pc=0x000001a70b3855e4 sp=0x00000023edef2750
Event: 40.083 Thread 0x000001a719853a90 DEOPT UNPACKING pc=0x000001a70a9869a3 sp=0x00000023edef26e8 mode 2
Event: 41.353 Thread 0x000001a719853a90 Uncommon trap: trap_request=0xffffffc6 fr.pc=0x000001a70b21df18 relative=0x0000000000000078
Event: 41.353 Thread 0x000001a719853a90 Uncommon trap: reason=bimorphic_or_optimized_type_check action=maybe_recompile pc=0x000001a70b21df18 method=java.util.Collections$UnmodifiableCollection.size()I @ 4 c2
Event: 41.353 Thread 0x000001a719853a90 DEOPT PACKING pc=0x000001a70b21df18 sp=0x00000023edef32d0
Event: 41.353 Thread 0x000001a719853a90 DEOPT UNPACKING pc=0x000001a70a9869a3 sp=0x00000023edef3258 mode 2
Event: 41.353 Thread 0x000001a719853a90 Uncommon trap: trap_request=0xffffffc6 fr.pc=0x000001a70b21df18 relative=0x0000000000000078
Event: 41.353 Thread 0x000001a719853a90 Uncommon trap: reason=bimorphic_or_optimized_type_check action=maybe_recompile pc=0x000001a70b21df18 method=java.util.Collections$UnmodifiableCollection.size()I @ 4 c2
Event: 41.353 Thread 0x000001a719853a90 DEOPT PACKING pc=0x000001a70b21df18 sp=0x00000023edef36b0
Event: 41.353 Thread 0x000001a719853a90 DEOPT UNPACKING pc=0x000001a70a9869a3 sp=0x00000023edef3640 mode 2

Classes unloaded (11 events):
Event: 34.498 Thread 0x000001a7165c6600 Unloading class 0x0000000100719968 '_BuildScript_$_run_closure1$_closure2'
Event: 34.498 Thread 0x000001a7165c6600 Unloading class 0x0000000100719558 '_BuildScript_$_run_closure1'
Event: 34.498 Thread 0x000001a7165c6600 Unloading class 0x0000000100719000 '_BuildScript_'
Event: 34.498 Thread 0x000001a7165c6600 Unloading class 0x0000000100714558 '_BuildScript_$_run_closure1'
Event: 34.498 Thread 0x000001a7165c6600 Unloading class 0x0000000100714000 '_BuildScript_'
Event: 36.765 Thread 0x000001a7165c6600 Unloading class 0x00000001007222f0 '_BuildScript_'
Event: 36.765 Thread 0x000001a7165c6600 Unloading class 0x0000000100722000 'RegistryProcessor'
Event: 36.765 Thread 0x000001a7165c6600 Unloading class 0x0000000100721ae0 'JetGradlePlugin$_apply_closure1$_closure2$_closure3'
Event: 36.765 Thread 0x000001a7165c6600 Unloading class 0x00000001007216d0 'JetGradlePlugin$_apply_closure1$_closure2'
Event: 36.765 Thread 0x000001a7165c6600 Unloading class 0x00000001007212c0 'JetGradlePlugin$_apply_closure1'
Event: 36.765 Thread 0x000001a7165c6600 Unloading class 0x0000000100721000 'JetGradlePlugin'

Classes redefined (0 events):
No events

Internal exceptions (20 events):
Event: 31.287 Thread 0x000001a719853a90 Exception <a 'java/lang/NoSuchMethodError'{0x00000000874ba128}: 'java.lang.Object java.lang.invoke.DirectMethodHandle$Holder.invokeStaticInit(java.lang.Object, int)'> (0x00000000874ba128) 
thrown [s\src\hotspot\share\interpreter\linkResolver.cpp, line 771]
Event: 31.321 Thread 0x000001a719853a90 Exception <a 'java/lang/NoSuchMethodError'{0x00000000873dd308}: 'int java.lang.invoke.DelegatingMethodHandle$Holder.reinvoke_L(java.lang.Object, java.lang.Object, java.lang.Object, long, int, int)'> (0x00000000873dd308) 
thrown [s\src\hotspot\share\interpreter\linkResolver.cpp, line 771]
Event: 31.324 Thread 0x000001a719853a90 Exception <a 'java/lang/NoSuchMethodError'{0x00000000873eced8}: 'int java.lang.invoke.DelegatingMethodHandle$Holder.reinvoke_L(java.lang.Object, java.lang.Object, java.lang.Object, long, long, long)'> (0x00000000873eced8) 
thrown [s\src\hotspot\share\interpreter\linkResolver.cpp, line 771]
Event: 31.326 Thread 0x000001a719853a90 Exception <a 'java/lang/NoSuchMethodError'{0x00000000873fcdb0}: 'int java.lang.invoke.DelegatingMethodHandle$Holder.reinvoke_L(java.lang.Object, java.lang.Object, java.lang.Object, long, java.lang.Object, java.lang.Object)'> (0x00000000873fcdb0) 
thrown [s\src\hotspot\share\interpreter\linkResolver.cpp, line 771]
Event: 31.327 Thread 0x000001a719853a90 Exception <a 'java/lang/NoSuchMethodError'{0x000000008720cf68}: 'void java.lang.invoke.DelegatingMethodHandle$Holder.reinvoke_L(java.lang.Object, java.lang.Object, java.lang.Object, long, java.lang.Object)'> (0x000000008720cf68) 
thrown [s\src\hotspot\share\interpreter\linkResolver.cpp, line 771]
Event: 31.328 Thread 0x000001a719853a90 Exception <a 'java/lang/NoSuchMethodError'{0x00000000872155f0}: 'java.lang.Object java.lang.invoke.DirectMethodHandle$Holder.invokeSpecial(java.lang.Object, java.lang.Object, java.lang.Object, java.lang.Object, long)'> (0x00000000872155f0) 
thrown [s\src\hotspot\share\interpreter\linkResolver.cpp, line 771]
Event: 31.332 Thread 0x000001a719853a90 Exception <a 'java/lang/NoSuchMethodError'{0x000000008723a1c0}: 'long java.lang.invoke.Invokers$Holder.invoke_MT(java.lang.Object, java.lang.Object, java.lang.Object, java.lang.Object)'> (0x000000008723a1c0) 
thrown [s\src\hotspot\share\interpreter\linkResolver.cpp, line 771]
Event: 31.333 Thread 0x000001a719853a90 Exception <a 'java/lang/NoSuchMethodError'{0x00000000872432c0}: 'int java.lang.invoke.Invokers$Holder.invoke_MT(java.lang.Object, java.lang.Object, java.lang.Object, java.lang.Object)'> (0x00000000872432c0) 
thrown [s\src\hotspot\share\interpreter\linkResolver.cpp, line 771]
Event: 31.339 Thread 0x000001a719853a90 Exception <a 'java/lang/NoSuchMethodError'{0x0000000087254308}: 'int java.lang.invoke.DelegatingMethodHandle$Holder.reinvoke_L(java.lang.Object, java.lang.Object, java.lang.Object, long, int)'> (0x0000000087254308) 
thrown [s\src\hotspot\share\interpreter\linkResolver.cpp, line 771]
Event: 31.342 Thread 0x000001a719853a90 Exception <a 'java/lang/NoSuchMethodError'{0x0000000087267780}: 'java.lang.Object java.lang.invoke.Invokers$Holder.invokeExact_MT(java.lang.Object, java.lang.Object, long, java.lang.Object)'> (0x0000000087267780) 
thrown [s\src\hotspot\share\interpreter\linkResolver.cpp, line 771]
Event: 32.968 Thread 0x000001a719853a90 Exception <a 'java/lang/NoSuchMethodError'{0x0000000088302c40}: 'long java.lang.invoke.DirectMethodHandle$Holder.invokeStatic(java.lang.Object)'> (0x0000000088302c40) 
thrown [s\src\hotspot\share\interpreter\linkResolver.cpp, line 771]
Event: 32.968 Thread 0x000001a719853a90 Exception <a 'java/lang/NoSuchMethodError'{0x0000000088307828}: 'long java.lang.invoke.DirectMethodHandle$Holder.invokeStaticInit(java.lang.Object)'> (0x0000000088307828) 
thrown [s\src\hotspot\share\interpreter\linkResolver.cpp, line 771]
Event: 33.268 Thread 0x000001a719853a90 Implicit null exception at 0x000001a70b0c568c to 0x000001a70b0c57c2
Event: 34.152 Thread 0x000001a719853a90 Exception <a 'java/lang/NoSuchMethodError'{0x0000000089de5618}: 'java.lang.Object java.lang.invoke.Invokers$Holder.invoke_MT(java.lang.Object, java.lang.Object, java.lang.Object)'> (0x0000000089de5618) 
thrown [s\src\hotspot\share\interpreter\linkResolver.cpp, line 771]
Event: 34.941 Thread 0x000001a719853a90 Implicit null exception at 0x000001a70b24ac56 to 0x000001a70b24b9fc
Event: 34.963 Thread 0x000001a719853a90 Implicit null exception at 0x000001a70b2475eb to 0x000001a70b2494a8
Event: 39.927 Thread 0x000001a719853a90 Exception <a 'java/lang/NoSuchMethodError'{0x0000000088e05d28}: 'java.lang.Object java.lang.invoke.DirectMethodHandle$Holder.invokeStatic(java.lang.Object, java.lang.Object, java.lang.Object, java.lang.Object, int)'> (0x0000000088e05d28) 
thrown [s\src\hotspot\share\interpreter\linkResolver.cpp, line 771]
Event: 39.929 Thread 0x000001a719853a90 Exception <a 'java/lang/NoSuchMethodError'{0x0000000088e10bb8}: 'java.lang.Object java.lang.invoke.DirectMethodHandle$Holder.newInvokeSpecial(java.lang.Object, java.lang.Object, java.lang.Object, java.lang.Object, int)'> (0x0000000088e10bb8) 
thrown [s\src\hotspot\share\interpreter\linkResolver.cpp, line 771]
Event: 39.930 Thread 0x000001a719853a90 Exception <a 'java/lang/NoSuchMethodError'{0x0000000088e16be0}: 'java.lang.Object java.lang.invoke.DirectMethodHandle$Holder.invokeSpecial(java.lang.Object, java.lang.Object, java.lang.Object, java.lang.Object, java.lang.Object, int)'> (0x0000000088e16be0) 
thrown [s\src\hotspot\share\interpreter\linkResolver.cpp, line 771]
Event: 39.930 Thread 0x000001a719853a90 Exception <a 'java/lang/NoSuchMethodError'{0x0000000088e1c5b8}: 'java.lang.Object java.lang.invoke.Invokers$Holder.linkToTargetMethod(java.lang.Object, java.lang.Object, java.lang.Object, int, java.lang.Object)'> (0x0000000088e1c5b8) 
thrown [s\src\hotspot\share\interpreter\linkResolver.cpp, line 771]

VM Operations (20 events):
Event: 38.495 Executing VM operation: HandshakeAllThreads done
Event: 38.592 Executing VM operation: HandshakeAllThreads
Event: 38.592 Executing VM operation: HandshakeAllThreads done
Event: 38.801 Executing VM operation: HandshakeAllThreads
Event: 38.801 Executing VM operation: HandshakeAllThreads done
Event: 39.245 Executing VM operation: HandshakeAllThreads
Event: 39.246 Executing VM operation: HandshakeAllThreads done
Event: 39.876 Executing VM operation: HandshakeAllThreads
Event: 39.876 Executing VM operation: HandshakeAllThreads done
Event: 39.876 Executing VM operation: Cleanup
Event: 39.877 Executing VM operation: Cleanup done
Event: 40.430 Executing VM operation: G1CollectForAllocation
Event: 40.446 Executing VM operation: G1CollectForAllocation done
Event: 40.755 Executing VM operation: G1Concurrent
Event: 40.770 Executing VM operation: G1Concurrent done
Event: 40.921 Executing VM operation: G1Concurrent
Event: 40.921 Executing VM operation: G1Concurrent done
Event: 41.630 Executing VM operation: G1CollectForAllocation
Event: 41.649 Executing VM operation: G1CollectForAllocation done
Event: 41.799 Executing VM operation: G1CollectForAllocation

Events (20 events):
Event: 38.380 Thread 0x000001a7165dc230 flushing nmethod 0x000001a70b2ed210
Event: 38.707 Thread 0x000001a71b711050 Thread added: 0x000001a71b711050
Event: 39.225 loading class java/text/StringCharacterIterator
Event: 39.225 loading class java/text/CharacterIterator
Event: 39.225 loading class java/text/CharacterIterator done
Event: 39.225 loading class java/text/StringCharacterIterator done
Event: 39.320 loading class java/io/NotSerializableException
Event: 39.320 loading class java/io/NotSerializableException done
Event: 39.798 loading class java/util/function/IntUnaryOperator
Event: 39.799 loading class java/util/function/IntUnaryOperator done
Event: 39.881 loading class java/util/AbstractList$SubList
Event: 39.882 loading class java/util/AbstractList$SubList done
Event: 39.882 loading class java/util/AbstractList$SubList$1
Event: 39.882 loading class java/util/AbstractList$SubList$1 done
Event: 39.978 Thread 0x000001a71b711050 Thread exited: 0x000001a71b711050
Event: 40.029 Thread 0x000001a71b2255d0 Thread added: 0x000001a71b2255d0
Event: 40.323 Thread 0x000001a71b2255d0 Thread exited: 0x000001a71b2255d0
Event: 40.615 Thread 0x000001a717d51020 Thread added: 0x000001a717d51020
Event: 41.342 Thread 0x000001a717d51020 Thread exited: 0x000001a717d51020
Event: 41.522 Thread 0x000001a717d51020 Thread added: 0x000001a717d51020


Dynamic libraries:
0x00007ff6cfab0000 - 0x00007ff6cfaba000 	C:\Program Files\Android\Android Studio\jbr\bin\java.exe
0x00007ff9f7e30000 - 0x00007ff9f8025000 	C:\WINDOWS\SYSTEM32\ntdll.dll
0x00007ff9f6040000 - 0x00007ff9f60fd000 	C:\WINDOWS\System32\KERNEL32.DLL
0x00007ff9f5570000 - 0x00007ff9f5839000 	C:\WINDOWS\System32\KERNELBASE.dll
0x00007ff9f58a0000 - 0x00007ff9f59a0000 	C:\WINDOWS\System32\ucrtbase.dll
0x00007ff9e3660000 - 0x00007ff9e3677000 	C:\Program Files\Android\Android Studio\jbr\bin\jli.dll
0x00007ff9f2b50000 - 0x00007ff9f2b6b000 	C:\Program Files\Android\Android Studio\jbr\bin\VCRUNTIME140.dll
0x00007ff9f6310000 - 0x00007ff9f64b0000 	C:\WINDOWS\System32\USER32.dll
0x00007ff9f5c60000 - 0x00007ff9f5c82000 	C:\WINDOWS\System32\win32u.dll
0x00007ff9e6e90000 - 0x00007ff9e712a000 	C:\WINDOWS\WinSxS\amd64_microsoft.windows.common-controls_6595b64144ccf1df_6.0.19041.844_none_ca00b6081b84eb1d\COMCTL32.dll
0x00007ff9f64b0000 - 0x00007ff9f64da000 	C:\WINDOWS\System32\GDI32.dll
0x00007ff9f5ef0000 - 0x00007ff9f5f8e000 	C:\WINDOWS\System32\msvcrt.dll
0x00007ff9f5ad0000 - 0x00007ff9f5bdb000 	C:\WINDOWS\System32\gdi32full.dll
0x00007ff9f5df0000 - 0x00007ff9f5e8d000 	C:\WINDOWS\System32\msvcp_win.dll
0x00007ff9f6a30000 - 0x00007ff9f6a60000 	C:\WINDOWS\System32\IMM32.DLL
0x00007ff9f2b40000 - 0x00007ff9f2b4c000 	C:\Program Files\Android\Android Studio\jbr\bin\vcruntime140_1.dll
0x00007ff9e5ed0000 - 0x00007ff9e5f5d000 	C:\Program Files\Android\Android Studio\jbr\bin\msvcp140.dll
0x00007ff9b6a80000 - 0x00007ff9b76ee000 	C:\Program Files\Android\Android Studio\jbr\bin\server\jvm.dll
0x00007ff9f5f90000 - 0x00007ff9f603c000 	C:\WINDOWS\System32\ADVAPI32.dll
0x00007ff9f71b0000 - 0x00007ff9f724c000 	C:\WINDOWS\System32\sechost.dll
0x00007ff9f7670000 - 0x00007ff9f779b000 	C:\WINDOWS\System32\RPCRT4.dll
0x00007ff9eed60000 - 0x00007ff9eed69000 	C:\WINDOWS\SYSTEM32\WSOCK32.dll
0x00007ff9ec7d0000 - 0x00007ff9ec7f7000 	C:\WINDOWS\SYSTEM32\WINMM.dll
0x00007ff9f7250000 - 0x00007ff9f72bb000 	C:\WINDOWS\System32\WS2_32.dll
0x00007ff9ec800000 - 0x00007ff9ec80a000 	C:\WINDOWS\SYSTEM32\VERSION.dll
0x00007ff9f3ea0000 - 0x00007ff9f3eb2000 	C:\WINDOWS\SYSTEM32\kernel.appcore.dll
0x00007ff9f14c0000 - 0x00007ff9f14ca000 	C:\Program Files\Android\Android Studio\jbr\bin\jimage.dll
0x00007ff9e38c0000 - 0x00007ff9e3aa4000 	C:\WINDOWS\SYSTEM32\DBGHELP.DLL
0x00007ff9e3110000 - 0x00007ff9e313c000 	C:\WINDOWS\SYSTEM32\dbgcore.DLL
0x00007ff9f59a0000 - 0x00007ff9f5a20000 	C:\WINDOWS\System32\bcryptPrimitives.dll
0x00007ff9e5b60000 - 0x00007ff9e5b85000 	C:\Program Files\Android\Android Studio\jbr\bin\java.dll
0x00007ff9ed7a0000 - 0x00007ff9ed7b8000 	C:\Program Files\Android\Android Studio\jbr\bin\zip.dll
0x00007ff9f6a60000 - 0x00007ff9f71a2000 	C:\WINDOWS\System32\SHELL32.dll
0x00007ff9f3350000 - 0x00007ff9f3ae0000 	C:\WINDOWS\SYSTEM32\windows.storage.dll
0x00007ff9f7830000 - 0x00007ff9f7b85000 	C:\WINDOWS\System32\combase.dll
0x00007ff9f4f10000 - 0x00007ff9f4f3c000 	C:\WINDOWS\SYSTEM32\Wldp.dll
0x00007ff9f72c0000 - 0x00007ff9f736e000 	C:\WINDOWS\System32\SHCORE.dll
0x00007ff9f6100000 - 0x00007ff9f6155000 	C:\WINDOWS\System32\shlwapi.dll
0x00007ff9f54b0000 - 0x00007ff9f54cf000 	C:\WINDOWS\SYSTEM32\profapi.dll
0x00007ff9e8000000 - 0x00007ff9e8019000 	C:\Program Files\Android\Android Studio\jbr\bin\net.dll
0x00007ff9eac40000 - 0x00007ff9ead4c000 	C:\WINDOWS\SYSTEM32\WINHTTP.dll
0x00007ff9f4c90000 - 0x00007ff9f4cfa000 	C:\WINDOWS\system32\mswsock.dll
0x00007ff9e5e50000 - 0x00007ff9e5e66000 	C:\Program Files\Android\Android Studio\jbr\bin\nio.dll
0x00007ff9f11c0000 - 0x00007ff9f11d0000 	C:\Program Files\Android\Android Studio\jbr\bin\verify.dll
0x00007ff9e8df0000 - 0x00007ff9e8e17000 	C:\Users\juan manuel\.gradle\native\68d5fa5c4cc2d200863cafc0d521ce42e7d3e7ee720ec0a83991735586a16f82\windows-amd64\native-platform.dll
0x00007ff9c56b0000 - 0x00007ff9c57f4000 	C:\Users\juan manuel\.gradle\native\e376f236ea51e6404a007f0833ffe2c6e607c4080706a723a18a27aeea778392\windows-amd64\native-platform-file-events.dll
0x00007ff9ea1e0000 - 0x00007ff9ea1e9000 	C:\Program Files\Android\Android Studio\jbr\bin\management.dll
0x00007ff9e8de0000 - 0x00007ff9e8deb000 	C:\Program Files\Android\Android Studio\jbr\bin\management_ext.dll
0x00007ff9f7370000 - 0x00007ff9f7378000 	C:\WINDOWS\System32\PSAPI.DLL
0x00007ff9f4e60000 - 0x00007ff9f4e78000 	C:\WINDOWS\SYSTEM32\CRYPTSP.dll
0x00007ff9f4630000 - 0x00007ff9f4664000 	C:\WINDOWS\system32\rsaenh.dll
0x00007ff9f5be0000 - 0x00007ff9f5c07000 	C:\WINDOWS\System32\bcrypt.dll
0x00007ff9f5430000 - 0x00007ff9f545e000 	C:\WINDOWS\SYSTEM32\USERENV.dll
0x00007ff9f4e80000 - 0x00007ff9f4e8c000 	C:\WINDOWS\SYSTEM32\CRYPTBASE.dll
0x00007ff9f4980000 - 0x00007ff9f49bb000 	C:\WINDOWS\SYSTEM32\IPHLPAPI.DLL
0x00007ff9f6300000 - 0x00007ff9f6308000 	C:\WINDOWS\System32\NSI.dll
0x00007ff9eb110000 - 0x00007ff9eb127000 	C:\WINDOWS\SYSTEM32\dhcpcsvc6.DLL
0x00007ff9eb370000 - 0x00007ff9eb38d000 	C:\WINDOWS\SYSTEM32\dhcpcsvc.DLL
0x00007ff9f49c0000 - 0x00007ff9f4a8b000 	C:\WINDOWS\SYSTEM32\DNSAPI.dll
0x00007ff9e88c0000 - 0x00007ff9e88c7000 	C:\WINDOWS\system32\wshunix.dll

dbghelp: loaded successfully - version: 4.0.5 - missing functions: none
symbol engine: initialized successfully - sym options: 0x614 - pdb path: .;C:\Program Files\Android\Android Studio\jbr\bin;C:\WINDOWS\SYSTEM32;C:\WINDOWS\WinSxS\amd64_microsoft.windows.common-controls_6595b64144ccf1df_6.0.19041.844_none_ca00b6081b84eb1d;C:\Program Files\Android\Android Studio\jbr\bin\server;C:\Users\juan manuel\.gradle\native\68d5fa5c4cc2d200863cafc0d521ce42e7d3e7ee720ec0a83991735586a16f82\windows-amd64;C:\Users\juan manuel\.gradle\native\e376f236ea51e6404a007f0833ffe2c6e607c4080706a723a18a27aeea778392\windows-amd64

VM Arguments:
jvm_args: --add-opens=java.base/java.util=ALL-UNNAMED --add-opens=java.base/java.lang=ALL-UNNAMED --add-opens=java.base/java.lang.invoke=ALL-UNNAMED --add-opens=java.prefs/java.util.prefs=ALL-UNNAMED --add-opens=java.base/java.nio.charset=ALL-UNNAMED --add-opens=java.base/java.net=ALL-UNNAMED --add-opens=java.base/java.util.concurrent.atomic=ALL-UNNAMED -Xmx2048m -Dfile.encoding=UTF-8 -Duser.country=ES -Duser.language=es -Duser.variant 
java_command: org.gradle.launcher.daemon.bootstrap.GradleDaemon 8.0
java_class_path (initial): C:\Users\juan manuel\.gradle\wrapper\dists\gradle-8.0-bin\ca5e32bp14vu59qr306oxotwh\gradle-8.0\lib\gradle-launcher-8.0.jar
Launcher Type: SUN_STANDARD

[Global flags]
     intx CICompilerCount                          = 3                                         {product} {ergonomic}
     uint ConcGCThreads                            = 1                                         {product} {ergonomic}
     uint G1ConcRefinementThreads                  = 4                                         {product} {ergonomic}
   size_t G1HeapRegionSize                         = 1048576                                   {product} {ergonomic}
    uintx GCDrainStackTargetSize                   = 64                                        {product} {ergonomic}
   size_t InitialHeapSize                          = 121634816                                 {product} {ergonomic}
   size_t MarkStackSize                            = 4194304                                   {product} {ergonomic}
   size_t MaxHeapSize                              = 2147483648                                {product} {command line}
   size_t MaxNewSize                               = 1287651328                                {product} {ergonomic}
   size_t MinHeapDeltaBytes                        = 1048576                                   {product} {ergonomic}
   size_t MinHeapSize                              = 8388608                                   {product} {ergonomic}
    uintx NonNMethodCodeHeapSize                   = 5832780                                {pd product} {ergonomic}
    uintx NonProfiledCodeHeapSize                  = 122912730                              {pd product} {ergonomic}
    uintx ProfiledCodeHeapSize                     = 122912730                              {pd product} {ergonomic}
    uintx ReservedCodeCacheSize                    = 251658240                              {pd product} {ergonomic}
     bool SegmentedCodeCache                       = true                                      {product} {ergonomic}
   size_t SoftMaxHeapSize                          = 2147483648                             {manageable} {ergonomic}
     bool UseCompressedClassPointers               = true                           {product lp64_product} {ergonomic}
     bool UseCompressedOops                        = true                           {product lp64_product} {ergonomic}
     bool UseG1GC                                  = true                                      {product} {ergonomic}
     bool UseLargePagesIndividualAllocation        = false                                  {pd product} {ergonomic}

Logging:
Log output configuration:
 #0: stdout all=warning uptime,level,tags
 #1: stderr all=off uptime,level,tags

Environment Variables:
JAVA_HOME=C:\Program Files\Android\Android Studio\jbr
PATH=C:\Program Files\Common Files\Oracle\Java\javapath;C:\Program Files\Microsoft MPI\Bin\;C:\oraclexe\app\oracle\product\11.2.0\server\bin;C:\WINDOWS\system32;C:\WINDOWS;C:\WINDOWS\System32\Wbem;C:\WINDOWS\System32\WindowsPowerShell\v1.0\;C:\WINDOWS\System32\OpenSSH\;c:\Program Files (x86)\AMD\ATI.ACE\Core-Static;c:\Program Files\Intel\WiFi\bin\;c:\Program Files\Common Files\Intel\WirelessCommon\;C:\xampp\php;C:\composer;C:\Program Files\Java\jdk1.8.0_191\bin;C:\Program Files\dotnet\;C:\Program Files\Microsoft SQL Server\130\Tools\Binn\;C:\Program Files\Microsoft SQL Server\Client SDK\ODBC\170\Tools\Binn\;C:\Program Files (x86)\Microsoft SQL Server\Client SDK\ODBC\130\Tools\Binn\;C:\Program Files (x86)\Microsoft SQL Server\140\Tools\Binn\;C:\Program Files (x86)\Microsoft SQL Server\140\DTS\Binn\;C:\Program Files (x86)\Microsoft SQL Server\140\Tools\Binn\ManagementStudio\;C:\Program Files\Microsoft SQL Server\140\Tools\Binn\;C:\Program Files\Microsoft SQL Server\140\DTS\Binn\;C:\Program Files\Microsoft SQL Server\Client SDK\ODBC\130\Tools\Binn\;C:\Program Files\Common Files\Autodesk Shared\;C:\Program Files\Git\cmd;C:\Users\juan manuel\AppData\Local\Programs\Python\Python37\Scripts\;C:\Users\juan manuel\AppData\Local\Programs\Python\Python37\;C:\Users\juan manuel\AppData\Local\Microsoft\WindowsApps;c:\Program Files\Intel\WiFi\bin\;c:\Program Files\Common Files\Intel\WirelessCommon\;C:\Users\juan manuel\AppData\Local\GitHubDesktop\bin;C:\Users\juan manuel\AppData\Roaming\Composer\vendor\bin;C:\Users\juan manuel\AppData\Local\Programs\Microsoft VS Code\bin;C:\Users\juan manuel\AppData\Local\Microsoft\WindowsApps;C:\src\flutter\bin;
USERNAME=juan manuel
OS=Windows_NT
PROCESSOR_IDENTIFIER=AMD64 Family 21 Model 19 Stepping 1, AuthenticAMD
TMP=C:\Users\JUANMA~1\AppData\Local\Temp
TEMP=C:\Users\JUANMA~1\AppData\Local\Temp


JNI global refs:
JNI global refs: 25, weak refs: 0

JNI global refs memory usage: 843, weak refs: 841


---------------  S Y S T E M  ---------------

OS:
 Windows 10 , 64 bit Build 19041 (10.0.19041.804)
OS uptime: 25 days 16:10 hours

CPU: total 4 (initial active 4) (4 cores per cpu, 1 threads per core) family 21 model 19 stepping 1 microcode 0x0, cx8, cmov, fxsr, mmx, 3dnowpref, sse, sse2, sse3, ssse3, sse4a, sse4.1, sse4.2, popcnt, lzcnt, tsc, tscinvbit, avx, aes, clmul, bmi1, fma, vzeroupper, clflush

Memory: 4k page, system-wide physical 7364M (1916M free)
TotalPageFile size 11000M (AvailPageFile size 117M)
current process WorkingSet (physical memory assigned to process): 442M, peak: 443M
current process commit charge ("private bytes"): 468M, peak: 694M

vm_info: OpenJDK 64-Bit Server VM (17.0.6+0-b2043.56-10027231) for windows-amd64 JRE (17.0.6+0-b2043.56-10027231), built on Apr 28 2023 00:43:19 by "androidbuild" with MS VC++ 16.10 / 16.11 (VS2019)

END.
